total number of states: 9216
omega: [ 15.8227  40.3352 118.9888 188.7684 227.0868 254.5149 256.935  289.2031
 300.2541]
coupling: [15.2273 14.9691 29.815  37.5532 34.2713 79.4587 33.6455 58.8424 93.808 ]
occupation number: [2.0157e+00 5.5786e-01 5.0793e-02 8.2464e-03 3.0927e-03 1.5359e-03
 1.4440e-03 6.3448e-04 4.7880e-04]
t=0.00fs, sigma_x=0.200, ne=0.010
boson_N (target(infinite size)=[2.0157e+00 5.5786e-01 5.0793e-02 8.2464e-03 3.0927e-03 1.5359e-03
 1.4440e-03 6.3448e-04 4.7880e-04])=[1.7695e+00 4.9099e-01 4.6110e-02 8.1129e-03 3.0738e-03 1.5313e-03
 1.4399e-03 6.3372e-04 4.7838e-04]
t=1.00fs, sigma_x=0.198, ne=0.010
boson_N (target(infinite size)=[2.0157e+00 5.5786e-01 5.0793e-02 8.2464e-03 3.0927e-03 1.5359e-03
 1.4440e-03 6.3448e-04 4.7880e-04])=[1.7708e+00 4.9144e-01 4.6218e-02 8.1571e-03 3.0997e-03 1.6028e-03
 1.4590e-03 6.7242e-04 5.6987e-04]
t=2.00fs, sigma_x=0.191, ne=0.010
boson_N (target(infinite size)=[2.0157e+00 5.5786e-01 5.0793e-02 8.2464e-03 3.0927e-03 1.5359e-03
 1.4440e-03 6.3448e-04 4.7880e-04])=[1.7720e+00 4.9189e-01 4.6341e-02 8.2280e-03 3.1479e-03 1.7926e-03
 1.4994e-03 7.7591e-04 8.2334e-04]
t=3.00fs, sigma_x=0.180, ne=0.010
boson_N (target(infinite size)=[2.0157e+00 5.5786e-01 5.0793e-02 8.2464e-03 3.0927e-03 1.5359e-03
 1.4440e-03 6.3448e-04 4.7880e-04])=[1.7732e+00 4.9234e-01 4.6478e-02 8.3235e-03 3.2164e-03 2.0837e-03
 1.5589e-03 9.3422e-04 1.2071e-03]
t=4.00fs, sigma_x=0.166, ne=0.010
boson_N (target(infinite size)=[2.0157e+00 5.5786e-01 5.0793e-02 8.2464e-03 3.0927e-03 1.5359e-03
 1.4440e-03 6.3448e-04 4.7880e-04])=[1.7745e+00 4.9279e-01 4.6629e-02 8.4408e-03 3.3018e-03 2.4503e-03
 1.6336e-03 1.1322e-03 1.6734e-03]
t=5.00fs, sigma_x=0.151, ne=0.010
boson_N (target(infinite size)=[2.0157e+00 5.5786e-01 5.0793e-02 8.2464e-03 3.0927e-03 1.5359e-03
 1.4440e-03 6.3448e-04 4.7880e-04])=[1.7757e+00 4.9324e-01 4.6791e-02 8.5760e-03 3.4002e-03 2.8599e-03
 1.7187e-03 1.3509e-03 2.1646e-03]
t=6.00fs, sigma_x=0.136, ne=0.010
boson_N (target(infinite size)=[2.0157e+00 5.5786e-01 5.0793e-02 8.2464e-03 3.0927e-03 1.5359e-03
 1.4440e-03 6.3448e-04 4.7880e-04])=[1.7769e+00 4.9368e-01 4.6965e-02 8.7247e-03 3.5066e-03 3.2765e-03
 1.8088e-03 1.5694e-03 2.6201e-03]
t=7.00fs, sigma_x=0.121, ne=0.010
boson_N (target(infinite size)=[2.0157e+00 5.5786e-01 5.0793e-02 8.2464e-03 3.0927e-03 1.5359e-03
 1.4440e-03 6.3448e-04 4.7880e-04])=[1.7780e+00 4.9413e-01 4.7148e-02 8.8819e-03 3.6158e-03 3.6634e-03
 1.8979e-03 1.7669e-03 2.9843e-03]
t=8.00fs, sigma_x=0.106, ne=0.010
boson_N (target(infinite size)=[2.0157e+00 5.5786e-01 5.0793e-02 8.2464e-03 3.0927e-03 1.5359e-03
 1.4440e-03 6.3448e-04 4.7880e-04])=[1.7792 0.4946 0.0473 0.009  0.0037 0.004  0.002  0.0019 0.0032]
t=9.00fs, sigma_x=0.092, ne=0.010
boson_N (target(infinite size)=[2.0157e+00 5.5786e-01 5.0793e-02 8.2464e-03 3.0927e-03 1.5359e-03
 1.4440e-03 6.3448e-04 4.7880e-04])=[1.7804 0.495  0.0475 0.0092 0.0038 0.0042 0.0021 0.002  0.0033]
t=10.00fs, sigma_x=0.078, ne=0.010
boson_N (target(infinite size)=[2.0157e+00 5.5786e-01 5.0793e-02 8.2464e-03 3.0927e-03 1.5359e-03
 1.4440e-03 6.3448e-04 4.7880e-04])=[1.7815 0.4954 0.0477 0.0093 0.0039 0.0043 0.0021 0.0021 0.0032]
t=11.00fs, sigma_x=0.065, ne=0.010
boson_N (target(infinite size)=[2.0157e+00 5.5786e-01 5.0793e-02 8.2464e-03 3.0927e-03 1.5359e-03
 1.4440e-03 6.3448e-04 4.7880e-04])=[1.7827 0.4959 0.0479 0.0095 0.004  0.0043 0.0021 0.002  0.0029]
t=12.00fs, sigma_x=0.052, ne=0.010
boson_N (target(infinite size)=[2.0157e+00 5.5786e-01 5.0793e-02 8.2464e-03 3.0927e-03 1.5359e-03
 1.4440e-03 6.3448e-04 4.7880e-04])=[1.7838 0.4963 0.0481 0.0096 0.004  0.0042 0.0022 0.0019 0.0025]
t=13.00fs, sigma_x=0.040, ne=0.010
boson_N (target(infinite size)=[2.0157e+00 5.5786e-01 5.0793e-02 8.2464e-03 3.0927e-03 1.5359e-03
 1.4440e-03 6.3448e-04 4.7880e-04])=[1.7849 0.4968 0.0483 0.0097 0.0041 0.004  0.0021 0.0018 0.0021]
t=14.00fs, sigma_x=0.029, ne=0.010
boson_N (target(infinite size)=[2.0157e+00 5.5786e-01 5.0793e-02 8.2464e-03 3.0927e-03 1.5359e-03
 1.4440e-03 6.3448e-04 4.7880e-04])=[1.7860e+00 4.9718e-01 4.8539e-02 9.7821e-03 4.0609e-03 3.6890e-03
 2.1153e-03 1.6178e-03 1.5972e-03]
t=15.00fs, sigma_x=0.019, ne=0.010
boson_N (target(infinite size)=[2.0157e+00 5.5786e-01 5.0793e-02 8.2464e-03 3.0927e-03 1.5359e-03
 1.4440e-03 6.3448e-04 4.7880e-04])=[1.7871e+00 4.9761e-01 4.8730e-02 9.8320e-03 4.0447e-03 3.3203e-03
 2.0681e-03 1.4104e-03 1.1643e-03]
t=16.00fs, sigma_x=0.011, ne=0.010
boson_N (target(infinite size)=[2.0157e+00 5.5786e-01 5.0793e-02 8.2464e-03 3.0927e-03 1.5359e-03
 1.4440e-03 6.3448e-04 4.7880e-04])=[1.7882e+00 4.9804e-01 4.8912e-02 9.8556e-03 4.0082e-03 2.9278e-03
 2.0066e-03 1.2017e-03 8.2689e-04]
t=17.00fs, sigma_x=0.003, ne=0.010
boson_N (target(infinite size)=[2.0157e+00 5.5786e-01 5.0793e-02 8.2464e-03 3.0927e-03 1.5359e-03
 1.4440e-03 6.3448e-04 4.7880e-04])=[1.7893e+00 4.9846e-01 4.9086e-02 9.8530e-03 3.9543e-03 2.5473e-03
 1.9358e-03 1.0121e-03 6.2664e-04]
t=18.00fs, sigma_x=-0.003, ne=0.010
boson_N (target(infinite size)=[2.0157e+00 5.5786e-01 5.0793e-02 8.2464e-03 3.0927e-03 1.5359e-03
 1.4440e-03 6.3448e-04 4.7880e-04])=[1.7903e+00 4.9889e-01 4.9248e-02 9.8257e-03 3.8867e-03 2.2131e-03
 1.8611e-03 8.6023e-04 5.8795e-04]
t=19.00fs, sigma_x=-0.008, ne=0.010
boson_N (target(infinite size)=[2.0157e+00 5.5786e-01 5.0793e-02 8.2464e-03 3.0927e-03 1.5359e-03
 1.4440e-03 6.3448e-04 4.7880e-04])=[1.7914e+00 4.9931e-01 4.9399e-02 9.7760e-03 3.8100e-03 1.9553e-03
 1.7882e-03 7.6071e-04 7.1514e-04]
t=20.00fs, sigma_x=-0.013, ne=0.010
boson_N (target(infinite size)=[2.0157e+00 5.5786e-01 5.0793e-02 8.2464e-03 3.0927e-03 1.5359e-03
 1.4440e-03 6.3448e-04 4.7880e-04])=[1.7924e+00 4.9972e-01 4.9536e-02 9.7071e-03 3.7292e-03 1.7969e-03
 1.7225e-03 7.2321e-04 9.9203e-04]
t=21.00fs, sigma_x=-0.017, ne=0.010
boson_N (target(infinite size)=[2.0157e+00 5.5786e-01 5.0793e-02 8.2464e-03 3.0927e-03 1.5359e-03
 1.4440e-03 6.3448e-04 4.7880e-04])=[1.7934e+00 5.0014e-01 4.9659e-02 9.6230e-03 3.6495e-03 1.7520e-03
 1.6692e-03 7.5136e-04 1.3840e-03]
t=22.00fs, sigma_x=-0.021, ne=0.010
boson_N (target(infinite size)=[2.0157e+00 5.5786e-01 5.0793e-02 8.2464e-03 3.0927e-03 1.5359e-03
 1.4440e-03 6.3448e-04 4.7880e-04])=[1.7945e+00 5.0055e-01 4.9767e-02 9.5283e-03 3.5759e-03 1.8245e-03
 1.6324e-03 8.4244e-04 1.8423e-03]
t=23.00fs, sigma_x=-0.025, ne=0.010
boson_N (target(infinite size)=[2.0157e+00 5.5786e-01 5.0793e-02 8.2464e-03 3.0927e-03 1.5359e-03
 1.4440e-03 6.3448e-04 4.7880e-04])=[1.7955e+00 5.0096e-01 4.9860e-02 9.4279e-03 3.5133e-03 2.0078e-03
 1.6149e-03 9.8768e-04 2.3104e-03]
t=24.00fs, sigma_x=-0.030, ne=0.010
boson_N (target(infinite size)=[2.0157e+00 5.5786e-01 5.0793e-02 8.2464e-03 3.0927e-03 1.5359e-03
 1.4440e-03 6.3448e-04 4.7880e-04])=[1.7965e+00 5.0136e-01 4.9938e-02 9.3271e-03 3.4656e-03 2.2855e-03
 1.6183e-03 1.1731e-03 2.7306e-03]
t=25.00fs, sigma_x=-0.034, ne=0.010
boson_N (target(infinite size)=[2.0157e+00 5.5786e-01 5.0793e-02 8.2464e-03 3.0927e-03 1.5359e-03
 1.4440e-03 6.3448e-04 4.7880e-04])=[1.7974e+00 5.0176e-01 5.0002e-02 9.2309e-03 3.4362e-03 2.6328e-03
 1.6428e-03 1.3810e-03 3.0515e-03]
t=26.00fs, sigma_x=-0.039, ne=0.010
boson_N (target(infinite size)=[2.0157e+00 5.5786e-01 5.0793e-02 8.2464e-03 3.0927e-03 1.5359e-03
 1.4440e-03 6.3448e-04 4.7880e-04])=[1.7984e+00 5.0216e-01 5.0050e-02 9.1443e-03 3.4273e-03 3.0192e-03
 1.6870e-03 1.5914e-03 3.2343e-03]
t=27.00fs, sigma_x=-0.044, ne=0.010
boson_N (target(infinite size)=[2.0157e+00 5.5786e-01 5.0793e-02 8.2464e-03 3.0927e-03 1.5359e-03
 1.4440e-03 6.3448e-04 4.7880e-04])=[1.7994e+00 5.0256e-01 5.0085e-02 9.0718e-03 3.4397e-03 3.4103e-03
 1.7481e-03 1.7844e-03 3.2572e-03]
t=28.00fs, sigma_x=-0.048, ne=0.010
boson_N (target(infinite size)=[2.0157e+00 5.5786e-01 5.0793e-02 8.2464e-03 3.0927e-03 1.5359e-03
 1.4440e-03 6.3448e-04 4.7880e-04])=[1.8004 0.503  0.0501 0.009  0.0035 0.0038 0.0018 0.0019 0.0031]
t=29.00fs, sigma_x=-0.052, ne=0.010
boson_N (target(infinite size)=[2.0157e+00 5.5786e-01 5.0793e-02 8.2464e-03 3.0927e-03 1.5359e-03
 1.4440e-03 6.3448e-04 4.7880e-04])=[1.8013 0.5033 0.0501 0.009  0.0035 0.0041 0.0019 0.002  0.0028]
t=30.00fs, sigma_x=-0.055, ne=0.010
boson_N (target(infinite size)=[2.0157e+00 5.5786e-01 5.0793e-02 8.2464e-03 3.0927e-03 1.5359e-03
 1.4440e-03 6.3448e-04 4.7880e-04])=[1.8022 0.5037 0.0501 0.009  0.0036 0.0043 0.002  0.0021 0.0024]
t=31.00fs, sigma_x=-0.057, ne=0.010
boson_N (target(infinite size)=[2.0157e+00 5.5786e-01 5.0793e-02 8.2464e-03 3.0927e-03 1.5359e-03
 1.4440e-03 6.3448e-04 4.7880e-04])=[1.8032 0.5041 0.0501 0.009  0.0037 0.0044 0.0021 0.0021 0.002 ]
t=32.00fs, sigma_x=-0.059, ne=0.010
boson_N (target(infinite size)=[2.0157e+00 5.5786e-01 5.0793e-02 8.2464e-03 3.0927e-03 1.5359e-03
 1.4440e-03 6.3448e-04 4.7880e-04])=[1.8041e+00 5.0449e-01 5.0087e-02 9.0266e-03 3.7784e-03 4.3914e-03
 2.1469e-03 1.9975e-03 1.5478e-03]
t=33.00fs, sigma_x=-0.061, ne=0.010
boson_N (target(infinite size)=[2.0157e+00 5.5786e-01 5.0793e-02 8.2464e-03 3.0927e-03 1.5359e-03
 1.4440e-03 6.3448e-04 4.7880e-04])=[1.8050e+00 5.0486e-01 5.0064e-02 9.0894e-03 3.8784e-03 4.2753e-03
 2.2085e-03 1.8640e-03 1.1503e-03]
t=34.00fs, sigma_x=-0.061, ne=0.010
boson_N (target(infinite size)=[2.0157e+00 5.5786e-01 5.0793e-02 8.2464e-03 3.0927e-03 1.5359e-03
 1.4440e-03 6.3448e-04 4.7880e-04])=[1.8059e+00 5.0523e-01 5.0036e-02 9.1743e-03 3.9786e-03 4.0588e-03
 2.2536e-03 1.6901e-03 8.5547e-04]
t=35.00fs, sigma_x=-0.061, ne=0.010
boson_N (target(infinite size)=[2.0157e+00 5.5786e-01 5.0793e-02 8.2464e-03 3.0927e-03 1.5359e-03
 1.4440e-03 6.3448e-04 4.7880e-04])=[1.8068e+00 5.0560e-01 5.0005e-02 9.2787e-03 4.0738e-03 3.7624e-03
 2.2795e-03 1.4930e-03 6.9939e-04]
t=36.00fs, sigma_x=-0.060, ne=0.010
boson_N (target(infinite size)=[2.0157e+00 5.5786e-01 5.0793e-02 8.2464e-03 3.0927e-03 1.5359e-03
 1.4440e-03 6.3448e-04 4.7880e-04])=[1.8077e+00 5.0596e-01 4.9975e-02 9.3991e-03 4.1595e-03 3.4135e-03
 2.2848e-03 1.2920e-03 7.0103e-04]
t=37.00fs, sigma_x=-0.059, ne=0.010
boson_N (target(infinite size)=[2.0157e+00 5.5786e-01 5.0793e-02 8.2464e-03 3.0927e-03 1.5359e-03
 1.4440e-03 6.3448e-04 4.7880e-04])=[1.8086e+00 5.0632e-01 4.9945e-02 9.5313e-03 4.2316e-03 3.0438e-03
 2.2697e-03 1.1068e-03 8.5969e-04]
t=38.00fs, sigma_x=-0.056, ne=0.010
boson_N (target(infinite size)=[2.0157e+00 5.5786e-01 5.0793e-02 8.2464e-03 3.0927e-03 1.5359e-03
 1.4440e-03 6.3448e-04 4.7880e-04])=[1.8094e+00 5.0667e-01 4.9918e-02 9.6708e-03 4.2866e-03 2.6869e-03
 2.2357e-03 9.5537e-04 1.1553e-03]
t=39.00fs, sigma_x=-0.053, ne=0.010
boson_N (target(infinite size)=[2.0157e+00 5.5786e-01 5.0793e-02 8.2464e-03 3.0927e-03 1.5359e-03
 1.4440e-03 6.3448e-04 4.7880e-04])=[1.8103e+00 5.0702e-01 4.9897e-02 9.8128e-03 4.3223e-03 2.3751e-03
 2.1858e-03 8.5246e-04 1.5509e-03]
t=40.00fs, sigma_x=-0.049, ne=0.010
boson_N (target(infinite size)=[2.0157e+00 5.5786e-01 5.0793e-02 8.2464e-03 3.0927e-03 1.5359e-03
 1.4440e-03 6.3448e-04 4.7880e-04])=[1.8112e+00 5.0736e-01 4.9881e-02 9.9524e-03 4.3373e-03 2.1362e-03
 2.1239e-03 8.0800e-04 1.9975e-03]
t=41.00fs, sigma_x=-0.045, ne=0.010
boson_N (target(infinite size)=[2.0157e+00 5.5786e-01 5.0793e-02 8.2464e-03 3.0927e-03 1.5359e-03
 1.4440e-03 6.3448e-04 4.7880e-04])=[1.8120e+00 5.0770e-01 4.9873e-02 1.0085e-02 4.3316e-03 1.9916e-03
 2.0548e-03 8.2628e-04 2.4398e-03]
t=42.00fs, sigma_x=-0.040, ne=0.010
boson_N (target(infinite size)=[2.0157e+00 5.5786e-01 5.0793e-02 8.2464e-03 3.0927e-03 1.5359e-03
 1.4440e-03 6.3448e-04 4.7880e-04])=[1.8128e+00 5.0804e-01 4.9874e-02 1.0205e-02 4.3061e-03 1.9542e-03
 1.9838e-03 9.0552e-04 2.8235e-03]
t=43.00fs, sigma_x=-0.036, ne=0.010
boson_N (target(infinite size)=[2.0157e+00 5.5786e-01 5.0793e-02 8.2464e-03 3.0927e-03 1.5359e-03
 1.4440e-03 6.3448e-04 4.7880e-04])=[1.8137e+00 5.0837e-01 4.9885e-02 1.0310e-02 4.2630e-03 2.0271e-03
 1.9162e-03 1.0380e-03 3.1017e-03]
t=44.00fs, sigma_x=-0.031, ne=0.010
boson_N (target(infinite size)=[2.0157e+00 5.5786e-01 5.0793e-02 8.2464e-03 3.0927e-03 1.5359e-03
 1.4440e-03 6.3448e-04 4.7880e-04])=[1.8145e+00 5.0870e-01 4.9907e-02 1.0396e-02 4.2054e-03 2.2037e-03
 1.8572e-03 1.2111e-03 3.2409e-03]
t=45.00fs, sigma_x=-0.027, ne=0.010
boson_N (target(infinite size)=[2.0157e+00 5.5786e-01 5.0793e-02 8.2464e-03 3.0927e-03 1.5359e-03
 1.4440e-03 6.3448e-04 4.7880e-04])=[1.8153e+00 5.0902e-01 4.9940e-02 1.0461e-02 4.1371e-03 2.4681e-03
 1.8112e-03 1.4081e-03 3.2248e-03]
t=46.00fs, sigma_x=-0.023, ne=0.010
boson_N (target(infinite size)=[2.0157e+00 5.5786e-01 5.0793e-02 8.2464e-03 3.0927e-03 1.5359e-03
 1.4440e-03 6.3448e-04 4.7880e-04])=[1.8161e+00 5.0934e-01 4.9986e-02 1.0502e-02 4.0626e-03 2.7967e-03
 1.7818e-03 1.6102e-03 3.0563e-03]
t=47.00fs, sigma_x=-0.019, ne=0.010
boson_N (target(infinite size)=[2.0157e+00 5.5786e-01 5.0793e-02 8.2464e-03 3.0927e-03 1.5359e-03
 1.4440e-03 6.3448e-04 4.7880e-04])=[1.8169e+00 5.0965e-01 5.0043e-02 1.0520e-02 3.9867e-03 3.1606e-03
 1.7714e-03 1.7981e-03 2.7574e-03]
t=48.00fs, sigma_x=-0.015, ne=0.010
boson_N (target(infinite size)=[2.0157e+00 5.5786e-01 5.0793e-02 8.2464e-03 3.0927e-03 1.5359e-03
 1.4440e-03 6.3448e-04 4.7880e-04])=[1.8177e+00 5.0996e-01 5.0113e-02 1.0514e-02 3.9142e-03 3.5274e-03
 1.7809e-03 1.9541e-03 2.3658e-03]
t=49.00fs, sigma_x=-0.012, ne=0.010
boson_N (target(infinite size)=[2.0157e+00 5.5786e-01 5.0793e-02 8.2464e-03 3.0927e-03 1.5359e-03
 1.4440e-03 6.3448e-04 4.7880e-04])=[1.8185e+00 5.1026e-01 5.0195e-02 1.0487e-02 3.8496e-03 3.8651e-03
 1.8101e-03 2.0634e-03 1.9307e-03]
t=50.00fs, sigma_x=-0.009, ne=0.010
boson_N (target(infinite size)=[2.0157e+00 5.5786e-01 5.0793e-02 8.2464e-03 3.0927e-03 1.5359e-03
 1.4440e-03 6.3448e-04 4.7880e-04])=[1.8192e+00 5.1056e-01 5.0289e-02 1.0439e-02 3.7972e-03 4.1442e-03
 1.8572e-03 2.1160e-03 1.5063e-03]
t=51.00fs, sigma_x=-0.006, ne=0.010
boson_N (target(infinite size)=[2.0157e+00 5.5786e-01 5.0793e-02 8.2464e-03 3.0927e-03 1.5359e-03
 1.4440e-03 6.3448e-04 4.7880e-04])=[1.8200e+00 5.1085e-01 5.0393e-02 1.0374e-02 3.7603e-03 4.3408e-03
 1.9191e-03 2.1074e-03 1.1452e-03]
t=52.00fs, sigma_x=-0.003, ne=0.010
boson_N (target(infinite size)=[2.0157e+00 5.5786e-01 5.0793e-02 8.2464e-03 3.0927e-03 1.5359e-03
 1.4440e-03 6.3448e-04 4.7880e-04])=[1.8208e+00 5.1114e-01 5.0508e-02 1.0296e-02 3.7415e-03 4.4382e-03
 1.9920e-03 2.0387e-03 8.9209e-04]
t=53.00fs, sigma_x=-0.001, ne=0.010
boson_N (target(infinite size)=[2.0157e+00 5.5786e-01 5.0793e-02 8.2464e-03 3.0927e-03 1.5359e-03
 1.4440e-03 6.3448e-04 4.7880e-04])=[1.8215e+00 5.1142e-01 5.0631e-02 1.0208e-02 3.7423e-03 4.4290e-03
 2.0709e-03 1.9173e-03 7.7793e-04]
t=54.00fs, sigma_x=0.001, ne=0.010
boson_N (target(infinite size)=[2.0157e+00 5.5786e-01 5.0793e-02 8.2464e-03 3.0927e-03 1.5359e-03
 1.4440e-03 6.3448e-04 4.7880e-04])=[1.8222e+00 5.1170e-01 5.0763e-02 1.0116e-02 3.7630e-03 4.3149e-03
 2.1509e-03 1.7552e-03 8.1641e-04]
t=55.00fs, sigma_x=0.003, ne=0.010
boson_N (target(infinite size)=[2.0157e+00 5.5786e-01 5.0793e-02 8.2464e-03 3.0927e-03 1.5359e-03
 1.4440e-03 6.3448e-04 4.7880e-04])=[1.8230e+00 5.1197e-01 5.0900e-02 1.0023e-02 3.8030e-03 4.1073e-03
 2.2265e-03 1.5685e-03 1.0023e-03]
t=56.00fs, sigma_x=0.004, ne=0.010
boson_N (target(infinite size)=[2.0157e+00 5.5786e-01 5.0793e-02 8.2464e-03 3.0927e-03 1.5359e-03
 1.4440e-03 6.3448e-04 4.7880e-04])=[1.8237e+00 5.1224e-01 5.1043e-02 9.9349e-03 3.8605e-03 3.8257e-03
 2.2931e-03 1.3754e-03 1.3121e-03]
t=57.00fs, sigma_x=0.005, ne=0.010
boson_N (target(infinite size)=[2.0157e+00 5.5786e-01 5.0793e-02 8.2464e-03 3.0927e-03 1.5359e-03
 1.4440e-03 6.3448e-04 4.7880e-04])=[1.8244e+00 5.1250e-01 5.1190e-02 9.8558e-03 3.9327e-03 3.4959e-03
 2.3462e-03 1.1950e-03 1.7072e-03]
t=58.00fs, sigma_x=0.006, ne=0.010
boson_N (target(infinite size)=[2.0157e+00 5.5786e-01 5.0793e-02 8.2464e-03 3.0927e-03 1.5359e-03
 1.4440e-03 6.3448e-04 4.7880e-04])=[1.8251e+00 5.1276e-01 5.1338e-02 9.7895e-03 4.0160e-03 3.1481e-03
 2.3828e-03 1.0447e-03 2.1386e-03]
t=59.00fs, sigma_x=0.007, ne=0.010
boson_N (target(infinite size)=[2.0157e+00 5.5786e-01 5.0793e-02 8.2464e-03 3.0927e-03 1.5359e-03
 1.4440e-03 6.3448e-04 4.7880e-04])=[1.8258e+00 5.1302e-01 5.1487e-02 9.7395e-03 4.1064e-03 2.8138e-03
 2.4006e-03 9.3905e-04 2.5531e-03]
t=60.00fs, sigma_x=0.007, ne=0.010
boson_N (target(infinite size)=[2.0157e+00 5.5786e-01 5.0793e-02 8.2464e-03 3.0927e-03 1.5359e-03
 1.4440e-03 6.3448e-04 4.7880e-04])=[1.8265e+00 5.1326e-01 5.1635e-02 9.7085e-03 4.1991e-03 2.5230e-03
 2.3989e-03 8.8835e-04 2.8998e-03]
t=61.00fs, sigma_x=0.008, ne=0.010
boson_N (target(infinite size)=[2.0157e+00 5.5786e-01 5.0793e-02 8.2464e-03 3.0927e-03 1.5359e-03
 1.4440e-03 6.3448e-04 4.7880e-04])=[1.8272e+00 5.1350e-01 5.1779e-02 9.6985e-03 4.2896e-03 2.3019e-03
 2.3782e-03 8.9744e-04 3.1364e-03]
t=62.00fs, sigma_x=0.008, ne=0.010
boson_N (target(infinite size)=[2.0157e+00 5.5786e-01 5.0793e-02 8.2464e-03 3.0927e-03 1.5359e-03
 1.4440e-03 6.3448e-04 4.7880e-04])=[1.8279e+00 5.1374e-01 5.1920e-02 9.7106e-03 4.3735e-03 2.1702e-03
 2.3406e-03 9.6540e-04 3.2344e-03]
t=63.00fs, sigma_x=0.008, ne=0.010
boson_N (target(infinite size)=[2.0157e+00 5.5786e-01 5.0793e-02 8.2464e-03 3.0927e-03 1.5359e-03
 1.4440e-03 6.3448e-04 4.7880e-04])=[1.8285e+00 5.1397e-01 5.2055e-02 9.7449e-03 4.4465e-03 2.1394e-03
 2.2890e-03 1.0857e-03 3.1828e-03]
t=64.00fs, sigma_x=0.008, ne=0.010
boson_N (target(infinite size)=[2.0157e+00 5.5786e-01 5.0793e-02 8.2464e-03 3.0927e-03 1.5359e-03
 1.4440e-03 6.3448e-04 4.7880e-04])=[1.8292e+00 5.1420e-01 5.2182e-02 9.8006e-03 4.5051e-03 2.2122e-03
 2.2275e-03 1.2466e-03 2.9889e-03]
t=65.00fs, sigma_x=0.008, ne=0.010
boson_N (target(infinite size)=[2.0157e+00 5.5786e-01 5.0793e-02 8.2464e-03 3.0927e-03 1.5359e-03
 1.4440e-03 6.3448e-04 4.7880e-04])=[1.8298e+00 5.1443e-01 5.2302e-02 9.8761e-03 4.5468e-03 2.3819e-03
 2.1608e-03 1.4328e-03 2.6775e-03]
t=66.00fs, sigma_x=0.008, ne=0.010
boson_N (target(infinite size)=[2.0157e+00 5.5786e-01 5.0793e-02 8.2464e-03 3.0927e-03 1.5359e-03
 1.4440e-03 6.3448e-04 4.7880e-04])=[1.8305e+00 5.1464e-01 5.2412e-02 9.9689e-03 4.5699e-03 2.6332e-03
 2.0939e-03 1.6263e-03 2.2879e-03]
t=67.00fs, sigma_x=0.007, ne=0.010
boson_N (target(infinite size)=[2.0157e+00 5.5786e-01 5.0793e-02 8.2464e-03 3.0927e-03 1.5359e-03
 1.4440e-03 6.3448e-04 4.7880e-04])=[1.8311e+00 5.1486e-01 5.2512e-02 1.0076e-02 4.5735e-03 2.9437e-03
 2.0319e-03 1.8088e-03 1.8690e-03]
t=68.00fs, sigma_x=0.007, ne=0.010
boson_N (target(infinite size)=[2.0157e+00 5.5786e-01 5.0793e-02 8.2464e-03 3.0927e-03 1.5359e-03
 1.4440e-03 6.3448e-04 4.7880e-04])=[1.8317e+00 5.1506e-01 5.2600e-02 1.0193e-02 4.5583e-03 3.2859e-03
 1.9795e-03 1.9629e-03 1.4728e-03]
t=69.00fs, sigma_x=0.006, ne=0.010
boson_N (target(infinite size)=[2.0157e+00 5.5786e-01 5.0793e-02 8.2464e-03 3.0927e-03 1.5359e-03
 1.4440e-03 6.3448e-04 4.7880e-04])=[1.8324e+00 5.1526e-01 5.2678e-02 1.0317e-02 4.5256e-03 3.6296e-03
 1.9406e-03 2.0742e-03 1.1485e-03]
t=70.00fs, sigma_x=0.006, ne=0.010
boson_N (target(infinite size)=[2.0157e+00 5.5786e-01 5.0793e-02 8.2464e-03 3.0927e-03 1.5359e-03
 1.4440e-03 6.3448e-04 4.7880e-04])=[1.8330e+00 5.1546e-01 5.2743e-02 1.0443e-02 4.4779e-03 3.9445e-03
 1.9183e-03 2.1322e-03 9.3597e-04]
t=71.00fs, sigma_x=0.005, ne=0.010
boson_N (target(infinite size)=[2.0157e+00 5.5786e-01 5.0793e-02 8.2464e-03 3.0927e-03 1.5359e-03
 1.4440e-03 6.3448e-04 4.7880e-04])=[1.8336e+00 5.1566e-01 5.2797e-02 1.0566e-02 4.4184e-03 4.2033e-03
 1.9143e-03 2.1320e-03 8.6117e-04]
t=72.00fs, sigma_x=0.004, ne=0.010
boson_N (target(infinite size)=[2.0157e+00 5.5786e-01 5.0793e-02 8.2464e-03 3.0927e-03 1.5359e-03
 1.4440e-03 6.3448e-04 4.7880e-04])=[1.8342e+00 5.1585e-01 5.2839e-02 1.0683e-02 4.3510e-03 4.3838e-03
 1.9292e-03 2.0739e-03 9.3287e-04]
t=73.00fs, sigma_x=0.004, ne=0.010
boson_N (target(infinite size)=[2.0157e+00 5.5786e-01 5.0793e-02 8.2464e-03 3.0927e-03 1.5359e-03
 1.4440e-03 6.3448e-04 4.7880e-04])=[1.8348e+00 5.1603e-01 5.2869e-02 1.0789e-02 4.2801e-03 4.4706e-03
 1.9622e-03 1.9640e-03 1.1417e-03]
t=74.00fs, sigma_x=0.003, ne=0.010
boson_N (target(infinite size)=[2.0157e+00 5.5786e-01 5.0793e-02 8.2464e-03 3.0927e-03 1.5359e-03
 1.4440e-03 6.3448e-04 4.7880e-04])=[1.8353e+00 5.1621e-01 5.2889e-02 1.0880e-02 4.2101e-03 4.4572e-03
 2.0113e-03 1.8135e-03 1.4615e-03]
t=75.00fs, sigma_x=0.003, ne=0.010
boson_N (target(infinite size)=[2.0157e+00 5.5786e-01 5.0793e-02 8.2464e-03 3.0927e-03 1.5359e-03
 1.4440e-03 6.3448e-04 4.7880e-04])=[1.8359e+00 5.1638e-01 5.2898e-02 1.0955e-02 4.1454e-03 4.3456e-03
 2.0733e-03 1.6371e-03 1.8522e-03]
t=76.00fs, sigma_x=0.002, ne=0.010
boson_N (target(infinite size)=[2.0157e+00 5.5786e-01 5.0793e-02 8.2464e-03 3.0927e-03 1.5359e-03
 1.4440e-03 6.3448e-04 4.7880e-04])=[1.8365e+00 5.1655e-01 5.2897e-02 1.1010e-02 4.0900e-03 4.1469e-03
 2.1442e-03 1.4522e-03 2.2656e-03]
t=77.00fs, sigma_x=0.002, ne=0.010
boson_N (target(infinite size)=[2.0157e+00 5.5786e-01 5.0793e-02 8.2464e-03 3.0927e-03 1.5359e-03
 1.4440e-03 6.3448e-04 4.7880e-04])=[1.8371e+00 5.1672e-01 5.2889e-02 1.1044e-02 4.0476e-03 3.8797e-03
 2.2192e-03 1.2769e-03 2.6506e-03]
t=78.00fs, sigma_x=0.001, ne=0.010
boson_N (target(infinite size)=[2.0157e+00 5.5786e-01 5.0793e-02 8.2464e-03 3.0927e-03 1.5359e-03
 1.4440e-03 6.3448e-04 4.7880e-04])=[1.8376e+00 5.1688e-01 5.2872e-02 1.1057e-02 4.0209e-03 3.5684e-03
 2.2936e-03 1.1283e-03 2.9601e-03]
t=79.00fs, sigma_x=0.001, ne=0.010
boson_N (target(infinite size)=[2.0157e+00 5.5786e-01 5.0793e-02 8.2464e-03 3.0927e-03 1.5359e-03
 1.4440e-03 6.3448e-04 4.7880e-04])=[1.8382e+00 5.1704e-01 5.2850e-02 1.1049e-02 4.0117e-03 3.2416e-03
 2.3624e-03 1.0206e-03 3.1564e-03]
t=80.00fs, sigma_x=0.000, ne=0.010
boson_N (target(infinite size)=[2.0157e+00 5.5786e-01 5.0793e-02 8.2464e-03 3.0927e-03 1.5359e-03
 1.4440e-03 6.3448e-04 4.7880e-04])=[1.8387e+00 5.1720e-01 5.2822e-02 1.1022e-02 4.0209e-03 2.9287e-03
 2.4211e-03 9.6439e-04 3.2160e-03]
t=81.00fs, sigma_x=0.000, ne=0.010
boson_N (target(infinite size)=[2.0157e+00 5.5786e-01 5.0793e-02 8.2464e-03 3.0927e-03 1.5359e-03
 1.4440e-03 6.3448e-04 4.7880e-04])=[1.8393e+00 5.1735e-01 5.2791e-02 1.0976e-02 4.0485e-03 2.6580e-03
 2.4662e-03 9.6498e-04 3.1325e-03]
t=82.00fs, sigma_x=-0.000, ne=0.010
boson_N (target(infinite size)=[2.0157e+00 5.5786e-01 5.0793e-02 8.2464e-03 3.0927e-03 1.5359e-03
 1.4440e-03 6.3448e-04 4.7880e-04])=[1.8398e+00 5.1750e-01 5.2758e-02 1.0916e-02 4.0932e-03 2.4535e-03
 2.4947e-03 1.0223e-03 2.9172e-03]
t=83.00fs, sigma_x=-0.000, ne=0.010
boson_N (target(infinite size)=[2.0157e+00 5.5786e-01 5.0793e-02 8.2464e-03 3.0927e-03 1.5359e-03
 1.4440e-03 6.3448e-04 4.7880e-04])=[1.8403e+00 5.1765e-01 5.2724e-02 1.0843e-02 4.1529e-03 2.3336e-03
 2.5052e-03 1.1307e-03 2.5975e-03]
t=84.00fs, sigma_x=-0.000, ne=0.010
boson_N (target(infinite size)=[2.0157e+00 5.5786e-01 5.0793e-02 8.2464e-03 3.0927e-03 1.5359e-03
 1.4440e-03 6.3448e-04 4.7880e-04])=[1.8409e+00 5.1779e-01 5.2691e-02 1.0763e-02 4.2247e-03 2.3088e-03
 2.4974e-03 1.2797e-03 2.2136e-03]
t=85.00fs, sigma_x=-0.000, ne=0.010
boson_N (target(infinite size)=[2.0157e+00 5.5786e-01 5.0793e-02 8.2464e-03 3.0927e-03 1.5359e-03
 1.4440e-03 6.3448e-04 4.7880e-04])=[1.8414e+00 5.1793e-01 5.2660e-02 1.0678e-02 4.3050e-03 2.3810e-03
 2.4722e-03 1.4551e-03 1.8137e-03]
t=86.00fs, sigma_x=-0.000, ne=0.010
boson_N (target(infinite size)=[2.0157e+00 5.5786e-01 5.0793e-02 8.2464e-03 3.0927e-03 1.5359e-03
 1.4440e-03 6.3448e-04 4.7880e-04])=[1.8419e+00 5.1807e-01 5.2633e-02 1.0594e-02 4.3897e-03 2.5436e-03
 2.4317e-03 1.6399e-03 1.4472e-03]
t=87.00fs, sigma_x=-0.001, ne=0.010
boson_N (target(infinite size)=[2.0157e+00 5.5786e-01 5.0793e-02 8.2464e-03 3.0927e-03 1.5359e-03
 1.4440e-03 6.3448e-04 4.7880e-04])=[1.8424e+00 5.1820e-01 5.2610e-02 1.0514e-02 4.4746e-03 2.7820e-03
 2.3793e-03 1.8166e-03 1.1596e-03]
t=88.00fs, sigma_x=-0.000, ne=0.010
boson_N (target(infinite size)=[2.0157e+00 5.5786e-01 5.0793e-02 8.2464e-03 3.0927e-03 1.5359e-03
 1.4440e-03 6.3448e-04 4.7880e-04])=[1.8429e+00 5.1833e-01 5.2593e-02 1.0442e-02 4.5552e-03 3.0749e-03
 2.3189e-03 1.9684e-03 9.8615e-04]
t=89.00fs, sigma_x=-0.000, ne=0.010
boson_N (target(infinite size)=[2.0157e+00 5.5786e-01 5.0793e-02 8.2464e-03 3.0927e-03 1.5359e-03
 1.4440e-03 6.3448e-04 4.7880e-04])=[1.8434e+00 5.1846e-01 5.2583e-02 1.0381e-02 4.6278e-03 3.3963e-03
 2.2552e-03 2.0808e-03 9.4794e-04]
t=90.00fs, sigma_x=-0.000, ne=0.010
boson_N (target(infinite size)=[2.0157e+00 5.5786e-01 5.0793e-02 8.2464e-03 3.0927e-03 1.5359e-03
 1.4440e-03 6.3448e-04 4.7880e-04])=[1.8439e+00 5.1858e-01 5.2581e-02 1.0336e-02 4.6886e-03 3.7178e-03
 2.1929e-03 2.1436e-03 1.0492e-03]
t=91.00fs, sigma_x=-0.000, ne=0.010
boson_N (target(infinite size)=[2.0157e+00 5.5786e-01 5.0793e-02 8.2464e-03 3.0927e-03 1.5359e-03
 1.4440e-03 6.3448e-04 4.7880e-04])=[1.8443e+00 5.1870e-01 5.2587e-02 1.0308e-02 4.7348e-03 4.0112e-03
 2.1368e-03 2.1511e-03 1.2769e-03]
t=92.00fs, sigma_x=-0.000, ne=0.010
boson_N (target(infinite size)=[2.0157e+00 5.5786e-01 5.0793e-02 8.2464e-03 3.0927e-03 1.5359e-03
 1.4440e-03 6.3448e-04 4.7880e-04])=[1.8448e+00 5.1882e-01 5.2602e-02 1.0298e-02 4.7645e-03 4.2508e-03
 2.0909e-03 2.1030e-03 1.6024e-03]
t=93.00fs, sigma_x=-0.000, ne=0.010
boson_N (target(infinite size)=[2.0157e+00 5.5786e-01 5.0793e-02 8.2464e-03 3.0927e-03 1.5359e-03
 1.4440e-03 6.3448e-04 4.7880e-04])=[1.8453 0.5189 0.0526 0.0103 0.0048 0.0044 0.0021 0.002  0.002 ]
t=94.00fs, sigma_x=-0.000, ne=0.010
boson_N (target(infinite size)=[2.0157e+00 5.5786e-01 5.0793e-02 8.2464e-03 3.0927e-03 1.5359e-03
 1.4440e-03 6.3448e-04 4.7880e-04])=[1.8457 0.5191 0.0527 0.0103 0.0048 0.0045 0.002  0.0019 0.0024]
t=95.00fs, sigma_x=0.000, ne=0.010
boson_N (target(infinite size)=[2.0157e+00 5.5786e-01 5.0793e-02 8.2464e-03 3.0927e-03 1.5359e-03
 1.4440e-03 6.3448e-04 4.7880e-04])=[1.8461e+00 5.1916e-01 5.2705e-02 1.0388e-02 4.7476e-03 4.4764e-03
 2.0448e-03 1.6991e-03 2.7325e-03]
t=96.00fs, sigma_x=0.000, ne=0.010
boson_N (target(infinite size)=[2.0157e+00 5.5786e-01 5.0793e-02 8.2464e-03 3.0927e-03 1.5359e-03
 1.4440e-03 6.3448e-04 4.7880e-04])=[1.8466e+00 5.1927e-01 5.2759e-02 1.0455e-02 4.7096e-03 4.3677e-03
 2.0644e-03 1.5226e-03 3.0051e-03]
t=97.00fs, sigma_x=0.000, ne=0.010
boson_N (target(infinite size)=[2.0157e+00 5.5786e-01 5.0793e-02 8.2464e-03 3.0927e-03 1.5359e-03
 1.4440e-03 6.3448e-04 4.7880e-04])=[1.8470e+00 5.1937e-01 5.2822e-02 1.0538e-02 4.6591e-03 4.1780e-03
 2.1004e-03 1.3528e-03 3.1627e-03]
t=98.00fs, sigma_x=0.000, ne=0.010
boson_N (target(infinite size)=[2.0157e+00 5.5786e-01 5.0793e-02 8.2464e-03 3.0927e-03 1.5359e-03
 1.4440e-03 6.3448e-04 4.7880e-04])=[1.8474e+00 5.1948e-01 5.2893e-02 1.0633e-02 4.5994e-03 3.9248e-03
 2.1508e-03 1.2063e-03 3.1868e-03]
t=99.00fs, sigma_x=0.001, ne=0.010
boson_N (target(infinite size)=[2.0157e+00 5.5786e-01 5.0793e-02 8.2464e-03 3.0927e-03 1.5359e-03
 1.4440e-03 6.3448e-04 4.7880e-04])=[1.8478e+00 5.1958e-01 5.2973e-02 1.0737e-02 4.5344e-03 3.6316e-03
 2.2121e-03 1.0973e-03 3.0752e-03]
t=100.00fs, sigma_x=0.001, ne=0.010
boson_N (target(infinite size)=[2.0157e+00 5.5786e-01 5.0793e-02 8.2464e-03 3.0927e-03 1.5359e-03
 1.4440e-03 6.3448e-04 4.7880e-04])=[1.8483e+00 5.1968e-01 5.3061e-02 1.0846e-02 4.4682e-03 3.3249e-03
 2.2804e-03 1.0363e-03 2.8427e-03]
t=101.00fs, sigma_x=0.001, ne=0.010
boson_N (target(infinite size)=[2.0157e+00 5.5786e-01 5.0793e-02 8.2464e-03 3.0927e-03 1.5359e-03
 1.4440e-03 6.3448e-04 4.7880e-04])=[1.8487e+00 5.1978e-01 5.3155e-02 1.0957e-02 4.4048e-03 3.0326e-03
 2.3512e-03 1.0291e-03 2.5186e-03]
t=102.00fs, sigma_x=0.001, ne=0.010
boson_N (target(infinite size)=[2.0157e+00 5.5786e-01 5.0793e-02 8.2464e-03 3.0927e-03 1.5359e-03
 1.4440e-03 6.3448e-04 4.7880e-04])=[1.8491e+00 5.1987e-01 5.3254e-02 1.1066e-02 4.3482e-03 2.7808e-03
 2.4197e-03 1.0763e-03 2.1439e-03]
t=103.00fs, sigma_x=0.001, ne=0.010
boson_N (target(infinite size)=[2.0157e+00 5.5786e-01 5.0793e-02 8.2464e-03 3.0927e-03 1.5359e-03
 1.4440e-03 6.3448e-04 4.7880e-04])=[1.8495e+00 5.1996e-01 5.3358e-02 1.1168e-02 4.3020e-03 2.5920e-03
 2.4816e-03 1.1734e-03 1.7651e-03]
t=104.00fs, sigma_x=0.001, ne=0.010
boson_N (target(infinite size)=[2.0157e+00 5.5786e-01 5.0793e-02 8.2464e-03 3.0927e-03 1.5359e-03
 1.4440e-03 6.3448e-04 4.7880e-04])=[1.8499e+00 5.2005e-01 5.3465e-02 1.1261e-02 4.2691e-03 2.4831e-03
 2.5329e-03 1.3109e-03 1.4293e-03]
t=105.00fs, sigma_x=0.001, ne=0.010
boson_N (target(infinite size)=[2.0157e+00 5.5786e-01 5.0793e-02 8.2464e-03 3.0927e-03 1.5359e-03
 1.4440e-03 6.3448e-04 4.7880e-04])=[1.8502e+00 5.2014e-01 5.3574e-02 1.1341e-02 4.2517e-03 2.4634e-03
 2.5702e-03 1.4755e-03 1.1779e-03]
t=106.00fs, sigma_x=0.001, ne=0.010
boson_N (target(infinite size)=[2.0157e+00 5.5786e-01 5.0793e-02 8.2464e-03 3.0927e-03 1.5359e-03
 1.4440e-03 6.3448e-04 4.7880e-04])=[1.8506e+00 5.2023e-01 5.3684e-02 1.1406e-02 4.2510e-03 2.5347e-03
 2.5914e-03 1.6516e-03 1.0418e-03]
t=107.00fs, sigma_x=0.001, ne=0.010
boson_N (target(infinite size)=[2.0157e+00 5.5786e-01 5.0793e-02 8.2464e-03 3.0927e-03 1.5359e-03
 1.4440e-03 6.3448e-04 4.7880e-04])=[1.8510e+00 5.2032e-01 5.3793e-02 1.1453e-02 4.2675e-03 2.6903e-03
 2.5954e-03 1.8222e-03 1.0372e-03]
t=108.00fs, sigma_x=0.001, ne=0.010
boson_N (target(infinite size)=[2.0157e+00 5.5786e-01 5.0793e-02 8.2464e-03 3.0927e-03 1.5359e-03
 1.4440e-03 6.3448e-04 4.7880e-04])=[1.8514e+00 5.2041e-01 5.3900e-02 1.1481e-02 4.3005e-03 2.9161e-03
 2.5823e-03 1.9711e-03 1.1644e-03]
t=109.00fs, sigma_x=0.001, ne=0.010
boson_N (target(infinite size)=[2.0157e+00 5.5786e-01 5.0793e-02 8.2464e-03 3.0927e-03 1.5359e-03
 1.4440e-03 6.3448e-04 4.7880e-04])=[1.8517e+00 5.2049e-01 5.4004e-02 1.1490e-02 4.3484e-03 3.1920e-03
 2.5534e-03 2.0843e-03 1.4070e-03]
t=110.00fs, sigma_x=0.001, ne=0.010
boson_N (target(infinite size)=[2.0157e+00 5.5786e-01 5.0793e-02 8.2464e-03 3.0927e-03 1.5359e-03
 1.4440e-03 6.3448e-04 4.7880e-04])=[1.8521e+00 5.2058e-01 5.4104e-02 1.1481e-02 4.4090e-03 3.4936e-03
 2.5110e-03 2.1511e-03 1.7347e-03]
t=111.00fs, sigma_x=0.001, ne=0.010
boson_N (target(infinite size)=[2.0157e+00 5.5786e-01 5.0793e-02 8.2464e-03 3.0927e-03 1.5359e-03
 1.4440e-03 6.3448e-04 4.7880e-04])=[1.8525 0.5207 0.0542 0.0115 0.0045 0.0038 0.0025 0.0022 0.0021]
t=112.00fs, sigma_x=0.001, ne=0.010
boson_N (target(infinite size)=[2.0157e+00 5.5786e-01 5.0793e-02 8.2464e-03 3.0927e-03 1.5359e-03
 1.4440e-03 6.3448e-04 4.7880e-04])=[1.8528 0.5207 0.0543 0.0114 0.0046 0.0041 0.0024 0.0021 0.0025]
t=113.00fs, sigma_x=0.000, ne=0.010
boson_N (target(infinite size)=[2.0157e+00 5.5786e-01 5.0793e-02 8.2464e-03 3.0927e-03 1.5359e-03
 1.4440e-03 6.3448e-04 4.7880e-04])=[1.8532 0.5208 0.0544 0.0114 0.0046 0.0043 0.0023 0.002  0.0028]
t=114.00fs, sigma_x=0.000, ne=0.010
boson_N (target(infinite size)=[2.0157e+00 5.5786e-01 5.0793e-02 8.2464e-03 3.0927e-03 1.5359e-03
 1.4440e-03 6.3448e-04 4.7880e-04])=[1.8535 0.5209 0.0544 0.0113 0.0047 0.0044 0.0023 0.0019 0.003 ]
t=115.00fs, sigma_x=0.000, ne=0.010
boson_N (target(infinite size)=[2.0157e+00 5.5786e-01 5.0793e-02 8.2464e-03 3.0927e-03 1.5359e-03
 1.4440e-03 6.3448e-04 4.7880e-04])=[1.8539e+00 5.2099e-01 5.4508e-02 1.1215e-02 4.7810e-03 4.5085e-03
 2.2319e-03 1.7549e-03 3.1576e-03]
t=116.00fs, sigma_x=0.000, ne=0.010
boson_N (target(infinite size)=[2.0157e+00 5.5786e-01 5.0793e-02 8.2464e-03 3.0927e-03 1.5359e-03
 1.4440e-03 6.3448e-04 4.7880e-04])=[1.8542e+00 5.2107e-01 5.4564e-02 1.1138e-02 4.8426e-03 4.4886e-03
 2.1925e-03 1.5868e-03 3.1491e-03]
t=117.00fs, sigma_x=-0.000, ne=0.010
boson_N (target(infinite size)=[2.0157e+00 5.5786e-01 5.0793e-02 8.2464e-03 3.0927e-03 1.5359e-03
 1.4440e-03 6.3448e-04 4.7880e-04])=[1.8545e+00 5.2115e-01 5.4612e-02 1.1061e-02 4.8920e-03 4.3830e-03
 2.1668e-03 1.4229e-03 3.0131e-03]
t=118.00fs, sigma_x=-0.000, ne=0.010
boson_N (target(infinite size)=[2.0157e+00 5.5786e-01 5.0793e-02 8.2464e-03 3.0927e-03 1.5359e-03
 1.4440e-03 6.3448e-04 4.7880e-04])=[1.8549e+00 5.2123e-01 5.4649e-02 1.0989e-02 4.9268e-03 4.2021e-03
 2.1571e-03 1.2791e-03 2.7671e-03]
t=119.00fs, sigma_x=-0.000, ne=0.010
boson_N (target(infinite size)=[2.0157e+00 5.5786e-01 5.0793e-02 8.2464e-03 3.0927e-03 1.5359e-03
 1.4440e-03 6.3448e-04 4.7880e-04])=[1.8552e+00 5.2131e-01 5.4678e-02 1.0923e-02 4.9458e-03 3.9626e-03
 2.1640e-03 1.1694e-03 2.4423e-03]
t=120.00fs, sigma_x=-0.000, ne=0.010
boson_N (target(infinite size)=[2.0157e+00 5.5786e-01 5.0793e-02 8.2464e-03 3.0927e-03 1.5359e-03
 1.4440e-03 6.3448e-04 4.7880e-04])=[1.8555e+00 5.2139e-01 5.4697e-02 1.0869e-02 4.9481e-03 3.6866e-03
 2.1874e-03 1.1042e-03 2.0794e-03]
t=121.00fs, sigma_x=-0.000, ne=0.010
boson_N (target(infinite size)=[2.0157e+00 5.5786e-01 5.0793e-02 8.2464e-03 3.0927e-03 1.5359e-03
 1.4440e-03 6.3448e-04 4.7880e-04])=[1.8558e+00 5.2147e-01 5.4708e-02 1.0828e-02 4.9343e-03 3.3992e-03
 2.2258e-03 1.0899e-03 1.7236e-03]
t=122.00fs, sigma_x=-0.000, ne=0.010
boson_N (target(infinite size)=[2.0157e+00 5.5786e-01 5.0793e-02 8.2464e-03 3.0927e-03 1.5359e-03
 1.4440e-03 6.3448e-04 4.7880e-04])=[1.8561e+00 5.2155e-01 5.4710e-02 1.0802e-02 4.9056e-03 3.1263e-03
 2.2767e-03 1.1278e-03 1.4189e-03]
t=123.00fs, sigma_x=-0.000, ne=0.010
boson_N (target(infinite size)=[2.0157e+00 5.5786e-01 5.0793e-02 8.2464e-03 3.0927e-03 1.5359e-03
 1.4440e-03 6.3448e-04 4.7880e-04])=[1.8564e+00 5.2163e-01 5.4705e-02 1.0793e-02 4.8640e-03 2.8924e-03
 2.3368e-03 1.2140e-03 1.2029e-03]
t=124.00fs, sigma_x=-0.001, ne=0.010
boson_N (target(infinite size)=[2.0157e+00 5.5786e-01 5.0793e-02 8.2464e-03 3.0927e-03 1.5359e-03
 1.4440e-03 6.3448e-04 4.7880e-04])=[1.8567e+00 5.2171e-01 5.4693e-02 1.0802e-02 4.8123e-03 2.7183e-03
 2.4021e-03 1.3404e-03 1.1020e-03]
t=125.00fs, sigma_x=-0.001, ne=0.010
boson_N (target(infinite size)=[2.0157e+00 5.5786e-01 5.0793e-02 8.2464e-03 3.0927e-03 1.5359e-03
 1.4440e-03 6.3448e-04 4.7880e-04])=[1.8570e+00 5.2179e-01 5.4675e-02 1.0829e-02 4.7539e-03 2.6195e-03
 2.4683e-03 1.4945e-03 1.1281e-03]
t=126.00fs, sigma_x=-0.001, ne=0.010
boson_N (target(infinite size)=[2.0157e+00 5.5786e-01 5.0793e-02 8.2464e-03 3.0927e-03 1.5359e-03
 1.4440e-03 6.3448e-04 4.7880e-04])=[1.8573e+00 5.2187e-01 5.4652e-02 1.0873e-02 4.6924e-03 2.6046e-03
 2.5310e-03 1.6617e-03 1.2775e-03]
t=127.00fs, sigma_x=-0.001, ne=0.010
boson_N (target(infinite size)=[2.0157e+00 5.5786e-01 5.0793e-02 8.2464e-03 3.0927e-03 1.5359e-03
 1.4440e-03 6.3448e-04 4.7880e-04])=[1.8576e+00 5.2195e-01 5.4625e-02 1.0932e-02 4.6316e-03 2.6746e-03
 2.5861e-03 1.8260e-03 1.5313e-03]
t=128.00fs, sigma_x=-0.001, ne=0.010
boson_N (target(infinite size)=[2.0157e+00 5.5786e-01 5.0793e-02 8.2464e-03 3.0927e-03 1.5359e-03
 1.4440e-03 6.3448e-04 4.7880e-04])=[1.8578e+00 5.2203e-01 5.4594e-02 1.1006e-02 4.5753e-03 2.8232e-03
 2.6301e-03 1.9716e-03 1.8578e-03]
t=129.00fs, sigma_x=-0.000, ne=0.010
boson_N (target(infinite size)=[2.0157e+00 5.5786e-01 5.0793e-02 8.2464e-03 3.0927e-03 1.5359e-03
 1.4440e-03 6.3448e-04 4.7880e-04])=[1.8581 0.5221 0.0546 0.0111 0.0045 0.003  0.0027 0.0021 0.0022]
t=130.00fs, sigma_x=-0.000, ne=0.010
boson_N (target(infinite size)=[2.0157e+00 5.5786e-01 5.0793e-02 8.2464e-03 3.0927e-03 1.5359e-03
 1.4440e-03 6.3448e-04 4.7880e-04])=[1.8584 0.5222 0.0545 0.0112 0.0045 0.0033 0.0027 0.0022 0.0026]
t=131.00fs, sigma_x=-0.000, ne=0.010
boson_N (target(infinite size)=[2.0157e+00 5.5786e-01 5.0793e-02 8.2464e-03 3.0927e-03 1.5359e-03
 1.4440e-03 6.3448e-04 4.7880e-04])=[1.8586 0.5223 0.0545 0.0113 0.0045 0.0036 0.0027 0.0022 0.0029]
t=132.00fs, sigma_x=-0.000, ne=0.010
boson_N (target(infinite size)=[2.0157e+00 5.5786e-01 5.0793e-02 8.2464e-03 3.0927e-03 1.5359e-03
 1.4440e-03 6.3448e-04 4.7880e-04])=[1.8589 0.5224 0.0545 0.0114 0.0045 0.0039 0.0027 0.0021 0.0031]
t=133.00fs, sigma_x=-0.000, ne=0.010
boson_N (target(infinite size)=[2.0157e+00 5.5786e-01 5.0793e-02 8.2464e-03 3.0927e-03 1.5359e-03
 1.4440e-03 6.3448e-04 4.7880e-04])=[1.8591 0.5224 0.0544 0.0115 0.0045 0.0041 0.0026 0.0021 0.0031]
t=134.00fs, sigma_x=-0.000, ne=0.010
boson_N (target(infinite size)=[2.0157e+00 5.5786e-01 5.0793e-02 8.2464e-03 3.0927e-03 1.5359e-03
 1.4440e-03 6.3448e-04 4.7880e-04])=[1.8594 0.5225 0.0544 0.0116 0.0045 0.0043 0.0026 0.002  0.0031]
t=135.00fs, sigma_x=-0.000, ne=0.010
boson_N (target(infinite size)=[2.0157e+00 5.5786e-01 5.0793e-02 8.2464e-03 3.0927e-03 1.5359e-03
 1.4440e-03 6.3448e-04 4.7880e-04])=[1.8596e+00 5.2260e-01 5.4392e-02 1.1644e-02 4.5227e-03 4.4565e-03
 2.5284e-03 1.8049e-03 2.9471e-03]
t=136.00fs, sigma_x=-0.000, ne=0.010
boson_N (target(infinite size)=[2.0157e+00 5.5786e-01 5.0793e-02 8.2464e-03 3.0927e-03 1.5359e-03
 1.4440e-03 6.3448e-04 4.7880e-04])=[1.8599e+00 5.2268e-01 5.4376e-02 1.1714e-02 4.5726e-03 4.5168e-03
 2.4722e-03 1.6453e-03 2.6913e-03]
t=137.00fs, sigma_x=-0.000, ne=0.010
boson_N (target(infinite size)=[2.0157e+00 5.5786e-01 5.0793e-02 8.2464e-03 3.0927e-03 1.5359e-03
 1.4440e-03 6.3448e-04 4.7880e-04])=[1.8601e+00 5.2276e-01 5.4367e-02 1.1769e-02 4.6329e-03 4.4945e-03
 2.4157e-03 1.4875e-03 2.3690e-03]
t=138.00fs, sigma_x=-0.000, ne=0.010
boson_N (target(infinite size)=[2.0157e+00 5.5786e-01 5.0793e-02 8.2464e-03 3.0927e-03 1.5359e-03
 1.4440e-03 6.3448e-04 4.7880e-04])=[1.8603e+00 5.2284e-01 5.4365e-02 1.1810e-02 4.7004e-03 4.3922e-03
 2.3632e-03 1.3469e-03 2.0205e-03]
t=139.00fs, sigma_x=0.000, ne=0.010
boson_N (target(infinite size)=[2.0157e+00 5.5786e-01 5.0793e-02 8.2464e-03 3.0927e-03 1.5359e-03
 1.4440e-03 6.3448e-04 4.7880e-04])=[1.8606e+00 5.2292e-01 5.4370e-02 1.1833e-02 4.7717e-03 4.2200e-03
 2.3187e-03 1.2369e-03 1.6890e-03]
t=140.00fs, sigma_x=0.000, ne=0.010
boson_N (target(infinite size)=[2.0157e+00 5.5786e-01 5.0793e-02 8.2464e-03 3.0927e-03 1.5359e-03
 1.4440e-03 6.3448e-04 4.7880e-04])=[1.8608e+00 5.2300e-01 5.4382e-02 1.1839e-02 4.8432e-03 3.9938e-03
 2.2853e-03 1.1684e-03 1.4156e-03]
t=141.00fs, sigma_x=0.000, ne=0.010
boson_N (target(infinite size)=[2.0157e+00 5.5786e-01 5.0793e-02 8.2464e-03 3.0927e-03 1.5359e-03
 1.4440e-03 6.3448e-04 4.7880e-04])=[1.8610e+00 5.2308e-01 5.4402e-02 1.1829e-02 4.9112e-03 3.7344e-03
 2.2657e-03 1.1477e-03 1.2338e-03]
t=142.00fs, sigma_x=0.000, ne=0.010
boson_N (target(infinite size)=[2.0157e+00 5.5786e-01 5.0793e-02 8.2464e-03 3.0927e-03 1.5359e-03
 1.4440e-03 6.3448e-04 4.7880e-04])=[1.8612e+00 5.2316e-01 5.4429e-02 1.1803e-02 4.9723e-03 3.4653e-03
 2.2614e-03 1.1768e-03 1.1658e-03]
t=143.00fs, sigma_x=0.000, ne=0.010
boson_N (target(infinite size)=[2.0157e+00 5.5786e-01 5.0793e-02 8.2464e-03 3.0927e-03 1.5359e-03
 1.4440e-03 6.3448e-04 4.7880e-04])=[1.8615e+00 5.2324e-01 5.4464e-02 1.1763e-02 5.0234e-03 3.2108e-03
 2.2729e-03 1.2528e-03 1.2196e-03]
t=144.00fs, sigma_x=0.000, ne=0.010
boson_N (target(infinite size)=[2.0157e+00 5.5786e-01 5.0793e-02 8.2464e-03 3.0927e-03 1.5359e-03
 1.4440e-03 6.3448e-04 4.7880e-04])=[1.8617e+00 5.2333e-01 5.4507e-02 1.1712e-02 5.0622e-03 2.9937e-03
 2.2994e-03 1.3684e-03 1.3878e-03]
t=145.00fs, sigma_x=0.000, ne=0.010
boson_N (target(infinite size)=[2.0157e+00 5.5786e-01 5.0793e-02 8.2464e-03 3.0927e-03 1.5359e-03
 1.4440e-03 6.3448e-04 4.7880e-04])=[1.8619e+00 5.2341e-01 5.4556e-02 1.1651e-02 5.0868e-03 2.8334e-03
 2.3395e-03 1.5123e-03 1.6493e-03]
t=146.00fs, sigma_x=0.000, ne=0.010
boson_N (target(infinite size)=[2.0157e+00 5.5786e-01 5.0793e-02 8.2464e-03 3.0927e-03 1.5359e-03
 1.4440e-03 6.3448e-04 4.7880e-04])=[1.8621e+00 5.2349e-01 5.4612e-02 1.1584e-02 5.0964e-03 2.7439e-03
 2.3903e-03 1.6707e-03 1.9715e-03]
t=147.00fs, sigma_x=0.000, ne=0.010
boson_N (target(infinite size)=[2.0157e+00 5.5786e-01 5.0793e-02 8.2464e-03 3.0927e-03 1.5359e-03
 1.4440e-03 6.3448e-04 4.7880e-04])=[1.8623e+00 5.2357e-01 5.4675e-02 1.1514e-02 5.0907e-03 2.7331e-03
 2.4486e-03 1.8284e-03 2.3142e-03]
t=148.00fs, sigma_x=0.000, ne=0.010
boson_N (target(infinite size)=[2.0157e+00 5.5786e-01 5.0793e-02 8.2464e-03 3.0927e-03 1.5359e-03
 1.4440e-03 6.3448e-04 4.7880e-04])=[1.8625 0.5237 0.0547 0.0114 0.0051 0.0028 0.0025 0.002  0.0026]
t=149.00fs, sigma_x=0.000, ne=0.010
boson_N (target(infinite size)=[2.0157e+00 5.5786e-01 5.0793e-02 8.2464e-03 3.0927e-03 1.5359e-03
 1.4440e-03 6.3448e-04 4.7880e-04])=[1.8627 0.5237 0.0548 0.0114 0.005  0.0029 0.0026 0.0021 0.0029]
t=150.00fs, sigma_x=0.000, ne=0.010
boson_N (target(infinite size)=[2.0157e+00 5.5786e-01 5.0793e-02 8.2464e-03 3.0927e-03 1.5359e-03
 1.4440e-03 6.3448e-04 4.7880e-04])=[1.8629 0.5238 0.0549 0.0113 0.005  0.0031 0.0026 0.0022 0.0031]
t=151.00fs, sigma_x=0.000, ne=0.010
boson_N (target(infinite size)=[2.0157e+00 5.5786e-01 5.0793e-02 8.2464e-03 3.0927e-03 1.5359e-03
 1.4440e-03 6.3448e-04 4.7880e-04])=[1.8631 0.5239 0.055  0.0113 0.0049 0.0034 0.0027 0.0022 0.0031]
t=152.00fs, sigma_x=0.000, ne=0.010
boson_N (target(infinite size)=[2.0157e+00 5.5786e-01 5.0793e-02 8.2464e-03 3.0927e-03 1.5359e-03
 1.4440e-03 6.3448e-04 4.7880e-04])=[1.8633 0.524  0.055  0.0112 0.0049 0.0037 0.0027 0.0022 0.0031]
t=153.00fs, sigma_x=0.000, ne=0.010
boson_N (target(infinite size)=[2.0157e+00 5.5786e-01 5.0793e-02 8.2464e-03 3.0927e-03 1.5359e-03
 1.4440e-03 6.3448e-04 4.7880e-04])=[1.8635 0.5241 0.0551 0.0112 0.0048 0.0039 0.0027 0.0021 0.0029]
t=154.00fs, sigma_x=0.000, ne=0.010
boson_N (target(infinite size)=[2.0157e+00 5.5786e-01 5.0793e-02 8.2464e-03 3.0927e-03 1.5359e-03
 1.4440e-03 6.3448e-04 4.7880e-04])=[1.8636 0.5242 0.0552 0.0112 0.0048 0.0042 0.0027 0.002  0.0026]
t=155.00fs, sigma_x=0.000, ne=0.010
boson_N (target(infinite size)=[2.0157e+00 5.5786e-01 5.0793e-02 8.2464e-03 3.0927e-03 1.5359e-03
 1.4440e-03 6.3448e-04 4.7880e-04])=[1.8638e+00 5.2425e-01 5.5291e-02 1.1211e-02 4.7252e-03 4.3405e-03
 2.7399e-03 1.8496e-03 2.2998e-03]
t=156.00fs, sigma_x=0.000, ne=0.010
boson_N (target(infinite size)=[2.0157e+00 5.5786e-01 5.0793e-02 8.2464e-03 3.0927e-03 1.5359e-03
 1.4440e-03 6.3448e-04 4.7880e-04])=[1.8640e+00 5.2434e-01 5.5368e-02 1.1234e-02 4.6849e-03 4.4668e-03
 2.7187e-03 1.6985e-03 1.9676e-03]
t=157.00fs, sigma_x=0.000, ne=0.010
boson_N (target(infinite size)=[2.0157e+00 5.5786e-01 5.0793e-02 8.2464e-03 3.0927e-03 1.5359e-03
 1.4440e-03 6.3448e-04 4.7880e-04])=[1.8642e+00 5.2443e-01 5.5443e-02 1.1273e-02 4.6559e-03 4.5199e-03
 2.6847e-03 1.5470e-03 1.6614e-03]
t=158.00fs, sigma_x=0.000, ne=0.010
boson_N (target(infinite size)=[2.0157e+00 5.5786e-01 5.0793e-02 8.2464e-03 3.0927e-03 1.5359e-03
 1.4440e-03 6.3448e-04 4.7880e-04])=[1.8643e+00 5.2452e-01 5.5513e-02 1.1326e-02 4.6400e-03 4.4956e-03
 2.6408e-03 1.4098e-03 1.4190e-03]
t=159.00fs, sigma_x=0.000, ne=0.010
boson_N (target(infinite size)=[2.0157e+00 5.5786e-01 5.0793e-02 8.2464e-03 3.0927e-03 1.5359e-03
 1.4440e-03 6.3448e-04 4.7880e-04])=[1.8645e+00 5.2460e-01 5.5579e-02 1.1391e-02 4.6385e-03 4.3968e-03
 2.5901e-03 1.3002e-03 1.2700e-03]
t=160.00fs, sigma_x=0.000, ne=0.010
boson_N (target(infinite size)=[2.0157e+00 5.5786e-01 5.0793e-02 8.2464e-03 3.0927e-03 1.5359e-03
 1.4440e-03 6.3448e-04 4.7880e-04])=[1.8647e+00 5.2469e-01 5.5640e-02 1.1466e-02 4.6515e-03 4.2331e-03
 2.5366e-03 1.2288e-03 1.2326e-03]
t=161.00fs, sigma_x=0.000, ne=0.010
boson_N (target(infinite size)=[2.0157e+00 5.5786e-01 5.0793e-02 8.2464e-03 3.0927e-03 1.5359e-03
 1.4440e-03 6.3448e-04 4.7880e-04])=[1.8648e+00 5.2478e-01 5.5694e-02 1.1547e-02 4.6786e-03 4.0196e-03
 2.4842e-03 1.2024e-03 1.3109e-03]
t=162.00fs, sigma_x=0.000, ne=0.010
boson_N (target(infinite size)=[2.0157e+00 5.5786e-01 5.0793e-02 8.2464e-03 3.0927e-03 1.5359e-03
 1.4440e-03 6.3448e-04 4.7880e-04])=[1.8650e+00 5.2486e-01 5.5742e-02 1.1633e-02 4.7184e-03 3.7760e-03
 2.4368e-03 1.2235e-03 1.4946e-03]
t=163.00fs, sigma_x=0.000, ne=0.010
boson_N (target(infinite size)=[2.0157e+00 5.5786e-01 5.0793e-02 8.2464e-03 3.0927e-03 1.5359e-03
 1.4440e-03 6.3448e-04 4.7880e-04])=[1.8651e+00 5.2495e-01 5.5783e-02 1.1719e-02 4.7691e-03 3.5243e-03
 2.3979e-03 1.2899e-03 1.7606e-03]
t=164.00fs, sigma_x=0.000, ne=0.010
boson_N (target(infinite size)=[2.0157e+00 5.5786e-01 5.0793e-02 8.2464e-03 3.0927e-03 1.5359e-03
 1.4440e-03 6.3448e-04 4.7880e-04])=[1.8653e+00 5.2504e-01 5.5817e-02 1.1804e-02 4.8279e-03 3.2871e-03
 2.3703e-03 1.3951e-03 2.0758e-03]
t=165.00fs, sigma_x=0.000, ne=0.010
boson_N (target(infinite size)=[2.0157e+00 5.5786e-01 5.0793e-02 8.2464e-03 3.0927e-03 1.5359e-03
 1.4440e-03 6.3448e-04 4.7880e-04])=[1.8654e+00 5.2512e-01 5.5844e-02 1.1883e-02 4.8919e-03 3.0858e-03
 2.3563e-03 1.5291e-03 2.4011e-03]
t=166.00fs, sigma_x=0.000, ne=0.010
boson_N (target(infinite size)=[2.0157e+00 5.5786e-01 5.0793e-02 8.2464e-03 3.0927e-03 1.5359e-03
 1.4440e-03 6.3448e-04 4.7880e-04])=[1.8656e+00 5.2521e-01 5.5863e-02 1.1954e-02 4.9578e-03 2.9382e-03
 2.3569e-03 1.6788e-03 2.6963e-03]
t=167.00fs, sigma_x=0.000, ne=0.010
boson_N (target(infinite size)=[2.0157e+00 5.5786e-01 5.0793e-02 8.2464e-03 3.0927e-03 1.5359e-03
 1.4440e-03 6.3448e-04 4.7880e-04])=[1.8657e+00 5.2529e-01 5.5876e-02 1.2015e-02 5.0222e-03 2.8574e-03
 2.3722e-03 1.8299e-03 2.9254e-03]
t=168.00fs, sigma_x=0.000, ne=0.010
boson_N (target(infinite size)=[2.0157e+00 5.5786e-01 5.0793e-02 8.2464e-03 3.0927e-03 1.5359e-03
 1.4440e-03 6.3448e-04 4.7880e-04])=[1.8658 0.5254 0.0559 0.0121 0.0051 0.0029 0.0024 0.002  0.0031]
t=169.00fs, sigma_x=0.000, ne=0.010
boson_N (target(infinite size)=[2.0157e+00 5.5786e-01 5.0793e-02 8.2464e-03 3.0927e-03 1.5359e-03
 1.4440e-03 6.3448e-04 4.7880e-04])=[1.866  0.5255 0.0559 0.0121 0.0051 0.0029 0.0024 0.0021 0.0031]
t=170.00fs, sigma_x=-0.000, ne=0.010
boson_N (target(infinite size)=[2.0157e+00 5.5786e-01 5.0793e-02 8.2464e-03 3.0927e-03 1.5359e-03
 1.4440e-03 6.3448e-04 4.7880e-04])=[1.8661 0.5255 0.0559 0.0121 0.0052 0.0031 0.0025 0.0022 0.003 ]
t=171.00fs, sigma_x=-0.000, ne=0.010
boson_N (target(infinite size)=[2.0157e+00 5.5786e-01 5.0793e-02 8.2464e-03 3.0927e-03 1.5359e-03
 1.4440e-03 6.3448e-04 4.7880e-04])=[1.8662 0.5256 0.0559 0.0121 0.0052 0.0032 0.0025 0.0022 0.0028]
t=172.00fs, sigma_x=-0.000, ne=0.010
boson_N (target(infinite size)=[2.0157e+00 5.5786e-01 5.0793e-02 8.2464e-03 3.0927e-03 1.5359e-03
 1.4440e-03 6.3448e-04 4.7880e-04])=[1.8664 0.5257 0.0558 0.0121 0.0052 0.0035 0.0026 0.0022 0.0025]
t=173.00fs, sigma_x=-0.000, ne=0.010
boson_N (target(infinite size)=[2.0157e+00 5.5786e-01 5.0793e-02 8.2464e-03 3.0927e-03 1.5359e-03
 1.4440e-03 6.3448e-04 4.7880e-04])=[1.8665 0.5258 0.0558 0.0121 0.0052 0.0037 0.0027 0.0021 0.0022]
t=174.00fs, sigma_x=-0.000, ne=0.010
boson_N (target(infinite size)=[2.0157e+00 5.5786e-01 5.0793e-02 8.2464e-03 3.0927e-03 1.5359e-03
 1.4440e-03 6.3448e-04 4.7880e-04])=[1.8666 0.5259 0.0558 0.012  0.0052 0.004  0.0027 0.002  0.0019]
t=175.00fs, sigma_x=-0.000, ne=0.010
boson_N (target(infinite size)=[2.0157e+00 5.5786e-01 5.0793e-02 8.2464e-03 3.0927e-03 1.5359e-03
 1.4440e-03 6.3448e-04 4.7880e-04])=[1.8667e+00 5.2595e-01 5.5771e-02 1.2000e-02 5.1841e-03 4.1823e-03
 2.7567e-03 1.8893e-03 1.6405e-03]
t=176.00fs, sigma_x=-0.000, ne=0.010
boson_N (target(infinite size)=[2.0157e+00 5.5786e-01 5.0793e-02 8.2464e-03 3.0927e-03 1.5359e-03
 1.4440e-03 6.3448e-04 4.7880e-04])=[1.8669e+00 5.2603e-01 5.5742e-02 1.1945e-02 5.1481e-03 4.3567e-03
 2.7876e-03 1.7466e-03 1.4285e-03]
t=177.00fs, sigma_x=-0.000, ne=0.010
boson_N (target(infinite size)=[2.0157e+00 5.5786e-01 5.0793e-02 8.2464e-03 3.0927e-03 1.5359e-03
 1.4440e-03 6.3448e-04 4.7880e-04])=[1.8670e+00 5.2611e-01 5.5713e-02 1.1884e-02 5.1036e-03 4.4720e-03
 2.8050e-03 1.6014e-03 1.3108e-03]
t=178.00fs, sigma_x=-0.000, ne=0.010
boson_N (target(infinite size)=[2.0157e+00 5.5786e-01 5.0793e-02 8.2464e-03 3.0927e-03 1.5359e-03
 1.4440e-03 6.3448e-04 4.7880e-04])=[1.8671e+00 5.2618e-01 5.5683e-02 1.1821e-02 5.0533e-03 4.5184e-03
 2.8082e-03 1.4680e-03 1.3014e-03]
t=179.00fs, sigma_x=-0.000, ne=0.010
boson_N (target(infinite size)=[2.0157e+00 5.5786e-01 5.0793e-02 8.2464e-03 3.0927e-03 1.5359e-03
 1.4440e-03 6.3448e-04 4.7880e-04])=[1.8672e+00 5.2626e-01 5.5655e-02 1.1759e-02 5.0004e-03 4.4924e-03
 2.7972e-03 1.3593e-03 1.4011e-03]
t=180.00fs, sigma_x=-0.000, ne=0.010
boson_N (target(infinite size)=[2.0157e+00 5.5786e-01 5.0793e-02 8.2464e-03 3.0927e-03 1.5359e-03
 1.4440e-03 6.3448e-04 4.7880e-04])=[1.8673e+00 5.2634e-01 5.5628e-02 1.1699e-02 4.9480e-03 4.3971e-03
 2.7730e-03 1.2856e-03 1.5971e-03]
t=181.00fs, sigma_x=-0.000, ne=0.010
boson_N (target(infinite size)=[2.0157e+00 5.5786e-01 5.0793e-02 8.2464e-03 3.0927e-03 1.5359e-03
 1.4440e-03 6.3448e-04 4.7880e-04])=[1.8674e+00 5.2641e-01 5.5604e-02 1.1647e-02 4.8994e-03 4.2416e-03
 2.7376e-03 1.2542e-03 1.8646e-03]
t=182.00fs, sigma_x=-0.000, ne=0.010
boson_N (target(infinite size)=[2.0157e+00 5.5786e-01 5.0793e-02 8.2464e-03 3.0927e-03 1.5359e-03
 1.4440e-03 6.3448e-04 4.7880e-04])=[1.8676e+00 5.2649e-01 5.5583e-02 1.1603e-02 4.8575e-03 4.0404e-03
 2.6938e-03 1.2678e-03 2.1705e-03]
t=183.00fs, sigma_x=-0.000, ne=0.010
boson_N (target(infinite size)=[2.0157e+00 5.5786e-01 5.0793e-02 8.2464e-03 3.0927e-03 1.5359e-03
 1.4440e-03 6.3448e-04 4.7880e-04])=[1.8677e+00 5.2656e-01 5.5567e-02 1.1569e-02 4.8249e-03 3.8117e-03
 2.6448e-03 1.3252e-03 2.4767e-03]
t=184.00fs, sigma_x=-0.000, ne=0.010
boson_N (target(infinite size)=[2.0157e+00 5.5786e-01 5.0793e-02 8.2464e-03 3.0927e-03 1.5359e-03
 1.4440e-03 6.3448e-04 4.7880e-04])=[1.8678e+00 5.2664e-01 5.5555e-02 1.1548e-02 4.8036e-03 3.5764e-03
 2.5943e-03 1.4206e-03 2.7456e-03]
t=185.00fs, sigma_x=-0.000, ne=0.010
boson_N (target(infinite size)=[2.0157e+00 5.5786e-01 5.0793e-02 8.2464e-03 3.0927e-03 1.5359e-03
 1.4440e-03 6.3448e-04 4.7880e-04])=[1.8679e+00 5.2671e-01 5.5548e-02 1.1541e-02 4.7951e-03 3.3556e-03
 2.5461e-03 1.5449e-03 2.9443e-03]
t=186.00fs, sigma_x=-0.000, ne=0.010
boson_N (target(infinite size)=[2.0157e+00 5.5786e-01 5.0793e-02 8.2464e-03 3.0927e-03 1.5359e-03
 1.4440e-03 6.3448e-04 4.7880e-04])=[1.8680e+00 5.2678e-01 5.5547e-02 1.1548e-02 4.8000e-03 3.1691e-03
 2.5037e-03 1.6860e-03 3.0486e-03]
t=187.00fs, sigma_x=-0.000, ne=0.010
boson_N (target(infinite size)=[2.0157e+00 5.5786e-01 5.0793e-02 8.2464e-03 3.0927e-03 1.5359e-03
 1.4440e-03 6.3448e-04 4.7880e-04])=[1.8681e+00 5.2685e-01 5.5551e-02 1.1569e-02 4.8181e-03 3.0334e-03
 2.4703e-03 1.8304e-03 3.0465e-03]
t=188.00fs, sigma_x=-0.000, ne=0.010
boson_N (target(infinite size)=[2.0157e+00 5.5786e-01 5.0793e-02 8.2464e-03 3.0927e-03 1.5359e-03
 1.4440e-03 6.3448e-04 4.7880e-04])=[1.8682 0.5269 0.0556 0.0116 0.0048 0.003  0.0024 0.002  0.0029]
t=189.00fs, sigma_x=-0.000, ne=0.010
boson_N (target(infinite size)=[2.0157e+00 5.5786e-01 5.0793e-02 8.2464e-03 3.0927e-03 1.5359e-03
 1.4440e-03 6.3448e-04 4.7880e-04])=[1.8683 0.527  0.0556 0.0117 0.0049 0.003  0.0024 0.0021 0.0027]
t=190.00fs, sigma_x=-0.000, ne=0.010
boson_N (target(infinite size)=[2.0157e+00 5.5786e-01 5.0793e-02 8.2464e-03 3.0927e-03 1.5359e-03
 1.4440e-03 6.3448e-04 4.7880e-04])=[1.8684 0.5271 0.0556 0.0117 0.0049 0.003  0.0024 0.0022 0.0025]
t=191.00fs, sigma_x=-0.000, ne=0.010
boson_N (target(infinite size)=[2.0157e+00 5.5786e-01 5.0793e-02 8.2464e-03 3.0927e-03 1.5359e-03
 1.4440e-03 6.3448e-04 4.7880e-04])=[1.8685 0.5271 0.0556 0.0118 0.005  0.0032 0.0025 0.0022 0.0022]
t=192.00fs, sigma_x=-0.000, ne=0.010
boson_N (target(infinite size)=[2.0157e+00 5.5786e-01 5.0793e-02 8.2464e-03 3.0927e-03 1.5359e-03
 1.4440e-03 6.3448e-04 4.7880e-04])=[1.8686 0.5272 0.0557 0.0118 0.0051 0.0033 0.0025 0.0022 0.0019]
t=193.00fs, sigma_x=-0.000, ne=0.010
boson_N (target(infinite size)=[2.0157e+00 5.5786e-01 5.0793e-02 8.2464e-03 3.0927e-03 1.5359e-03
 1.4440e-03 6.3448e-04 4.7880e-04])=[1.8687e+00 5.2727e-01 5.5702e-02 1.1922e-02 5.1172e-03 3.5455e-03
 2.5354e-03 2.1299e-03 1.6260e-03]
t=194.00fs, sigma_x=-0.000, ne=0.010
boson_N (target(infinite size)=[2.0157e+00 5.5786e-01 5.0793e-02 8.2464e-03 3.0927e-03 1.5359e-03
 1.4440e-03 6.3448e-04 4.7880e-04])=[1.8687e+00 5.2733e-01 5.5747e-02 1.1998e-02 5.1744e-03 3.7769e-03
 2.5845e-03 2.0416e-03 1.4436e-03]
t=195.00fs, sigma_x=-0.000, ne=0.010
boson_N (target(infinite size)=[2.0157e+00 5.5786e-01 5.0793e-02 8.2464e-03 3.0927e-03 1.5359e-03
 1.4440e-03 6.3448e-04 4.7880e-04])=[1.8688e+00 5.2740e-01 5.5795e-02 1.2073e-02 5.2258e-03 4.0040e-03
 2.6380e-03 1.9244e-03 1.3553e-03]
t=196.00fs, sigma_x=-0.000, ne=0.010
boson_N (target(infinite size)=[2.0157e+00 5.5786e-01 5.0793e-02 8.2464e-03 3.0927e-03 1.5359e-03
 1.4440e-03 6.3448e-04 4.7880e-04])=[1.8689e+00 5.2746e-01 5.5847e-02 1.2142e-02 5.2687e-03 4.2067e-03
 2.6924e-03 1.7900e-03 1.3714e-03]
t=197.00fs, sigma_x=-0.000, ne=0.010
boson_N (target(infinite size)=[2.0157e+00 5.5786e-01 5.0793e-02 8.2464e-03 3.0927e-03 1.5359e-03
 1.4440e-03 6.3448e-04 4.7880e-04])=[1.8690e+00 5.2753e-01 5.5902e-02 1.2204e-02 5.3012e-03 4.3676e-03
 2.7440e-03 1.6513e-03 1.4897e-03]
t=198.00fs, sigma_x=-0.000, ne=0.010
boson_N (target(infinite size)=[2.0157e+00 5.5786e-01 5.0793e-02 8.2464e-03 3.0927e-03 1.5359e-03
 1.4440e-03 6.3448e-04 4.7880e-04])=[1.8691e+00 5.2759e-01 5.5960e-02 1.2257e-02 5.3217e-03 4.4726e-03
 2.7894e-03 1.5220e-03 1.6949e-03]
t=199.00fs, sigma_x=-0.000, ne=0.010
boson_N (target(infinite size)=[2.0157e+00 5.5786e-01 5.0793e-02 8.2464e-03 3.0927e-03 1.5359e-03
 1.4440e-03 6.3448e-04 4.7880e-04])=[1.8692e+00 5.2765e-01 5.6019e-02 1.2298e-02 5.3294e-03 4.5130e-03
 2.8257e-03 1.4144e-03 1.9613e-03]
