total number of states: 9216
omega: [ 15.8227  40.3352 118.9888 188.7684 227.0868 254.5149 256.935  289.2031
 300.2541]
coupling: [15.2273 14.9691 29.815  37.5532 34.2713 79.4587 33.6455 58.8424 93.808 ]
occupation number: [2.0157e+00 5.5786e-01 5.0793e-02 8.2464e-03 3.0927e-03 1.5359e-03
 1.4440e-03 6.3448e-04 4.7880e-04]
t=0.00fs, sigma_x=0.200, ne=0.010
boson_N (target(infinite size)=[2.0157e+00 5.5786e-01 5.0793e-02 8.2464e-03 3.0927e-03 1.5359e-03
 1.4440e-03 6.3448e-04 4.7880e-04])=[1.7695e+00 4.9099e-01 4.6110e-02 8.1129e-03 3.0738e-03 1.5313e-03
 1.4399e-03 6.3372e-04 4.7838e-04]
t=1.00fs, sigma_x=0.198, ne=0.010
boson_N (target(infinite size)=[2.0157e+00 5.5786e-01 5.0793e-02 8.2464e-03 3.0927e-03 1.5359e-03
 1.4440e-03 6.3448e-04 4.7880e-04])=[1.7708e+00 4.9144e-01 4.6218e-02 8.1571e-03 3.0997e-03 1.6028e-03
 1.4590e-03 6.7242e-04 5.6987e-04]
t=2.00fs, sigma_x=0.191, ne=0.010
boson_N (target(infinite size)=[2.0157e+00 5.5786e-01 5.0793e-02 8.2464e-03 3.0927e-03 1.5359e-03
 1.4440e-03 6.3448e-04 4.7880e-04])=[1.7720e+00 4.9189e-01 4.6341e-02 8.2280e-03 3.1480e-03 1.7926e-03
 1.4994e-03 7.7591e-04 8.2335e-04]
t=3.00fs, sigma_x=0.180, ne=0.010
boson_N (target(infinite size)=[2.0157e+00 5.5786e-01 5.0793e-02 8.2464e-03 3.0927e-03 1.5359e-03
 1.4440e-03 6.3448e-04 4.7880e-04])=[1.7733e+00 4.9234e-01 4.6479e-02 8.3235e-03 3.2164e-03 2.0837e-03
 1.5589e-03 9.3423e-04 1.2071e-03]
t=4.00fs, sigma_x=0.166, ne=0.010
boson_N (target(infinite size)=[2.0157e+00 5.5786e-01 5.0793e-02 8.2464e-03 3.0927e-03 1.5359e-03
 1.4440e-03 6.3448e-04 4.7880e-04])=[1.7745e+00 4.9279e-01 4.6629e-02 8.4408e-03 3.3019e-03 2.4503e-03
 1.6336e-03 1.1322e-03 1.6734e-03]
t=5.00fs, sigma_x=0.151, ne=0.010
boson_N (target(infinite size)=[2.0157e+00 5.5786e-01 5.0793e-02 8.2464e-03 3.0927e-03 1.5359e-03
 1.4440e-03 6.3448e-04 4.7880e-04])=[1.7757e+00 4.9324e-01 4.6792e-02 8.5761e-03 3.4003e-03 2.8600e-03
 1.7187e-03 1.3509e-03 2.1646e-03]
t=6.00fs, sigma_x=0.136, ne=0.010
boson_N (target(infinite size)=[2.0157e+00 5.5786e-01 5.0793e-02 8.2464e-03 3.0927e-03 1.5359e-03
 1.4440e-03 6.3448e-04 4.7880e-04])=[1.7769e+00 4.9368e-01 4.6966e-02 8.7249e-03 3.5067e-03 3.2765e-03
 1.8088e-03 1.5694e-03 2.6202e-03]
t=7.00fs, sigma_x=0.121, ne=0.010
boson_N (target(infinite size)=[2.0157e+00 5.5786e-01 5.0793e-02 8.2464e-03 3.0927e-03 1.5359e-03
 1.4440e-03 6.3448e-04 4.7880e-04])=[1.7780e+00 4.9413e-01 4.7150e-02 8.8821e-03 3.6160e-03 3.6635e-03
 1.8980e-03 1.7669e-03 2.9843e-03]
t=8.00fs, sigma_x=0.106, ne=0.010
boson_N (target(infinite size)=[2.0157e+00 5.5786e-01 5.0793e-02 8.2464e-03 3.0927e-03 1.5359e-03
 1.4440e-03 6.3448e-04 4.7880e-04])=[1.7792 0.4946 0.0473 0.009  0.0037 0.004  0.002  0.0019 0.0032]
t=9.00fs, sigma_x=0.092, ne=0.010
boson_N (target(infinite size)=[2.0157e+00 5.5786e-01 5.0793e-02 8.2464e-03 3.0927e-03 1.5359e-03
 1.4440e-03 6.3448e-04 4.7880e-04])=[1.7804 0.495  0.0475 0.0092 0.0038 0.0042 0.0021 0.002  0.0033]
t=10.00fs, sigma_x=0.078, ne=0.010
boson_N (target(infinite size)=[2.0157e+00 5.5786e-01 5.0793e-02 8.2464e-03 3.0927e-03 1.5359e-03
 1.4440e-03 6.3448e-04 4.7880e-04])=[1.7815 0.4954 0.0477 0.0094 0.0039 0.0043 0.0021 0.0021 0.0032]
t=11.00fs, sigma_x=0.065, ne=0.010
boson_N (target(infinite size)=[2.0157e+00 5.5786e-01 5.0793e-02 8.2464e-03 3.0927e-03 1.5359e-03
 1.4440e-03 6.3448e-04 4.7880e-04])=[1.7827 0.4959 0.0479 0.0095 0.004  0.0043 0.0021 0.002  0.0029]
t=12.00fs, sigma_x=0.052, ne=0.010
boson_N (target(infinite size)=[2.0157e+00 5.5786e-01 5.0793e-02 8.2464e-03 3.0927e-03 1.5359e-03
 1.4440e-03 6.3448e-04 4.7880e-04])=[1.7838 0.4963 0.0481 0.0096 0.004  0.0042 0.0022 0.0019 0.0025]
t=13.00fs, sigma_x=0.040, ne=0.010
boson_N (target(infinite size)=[2.0157e+00 5.5786e-01 5.0793e-02 8.2464e-03 3.0927e-03 1.5359e-03
 1.4440e-03 6.3448e-04 4.7880e-04])=[1.7849 0.4968 0.0483 0.0097 0.0041 0.004  0.0021 0.0018 0.0021]
t=14.00fs, sigma_x=0.029, ne=0.010
boson_N (target(infinite size)=[2.0157e+00 5.5786e-01 5.0793e-02 8.2464e-03 3.0927e-03 1.5359e-03
 1.4440e-03 6.3448e-04 4.7880e-04])=[1.7860e+00 4.9719e-01 4.8541e-02 9.7823e-03 4.0611e-03 3.6891e-03
 2.1154e-03 1.6178e-03 1.5973e-03]
t=15.00fs, sigma_x=0.019, ne=0.010
boson_N (target(infinite size)=[2.0157e+00 5.5786e-01 5.0793e-02 8.2464e-03 3.0927e-03 1.5359e-03
 1.4440e-03 6.3448e-04 4.7880e-04])=[1.7871e+00 4.9761e-01 4.8732e-02 9.8322e-03 4.0448e-03 3.3204e-03
 2.0681e-03 1.4104e-03 1.1643e-03]
t=16.00fs, sigma_x=0.011, ne=0.010
boson_N (target(infinite size)=[2.0157e+00 5.5786e-01 5.0793e-02 8.2464e-03 3.0927e-03 1.5359e-03
 1.4440e-03 6.3448e-04 4.7880e-04])=[1.7882e+00 4.9804e-01 4.8914e-02 9.8557e-03 4.0083e-03 2.9279e-03
 2.0067e-03 1.2017e-03 8.2690e-04]
t=17.00fs, sigma_x=0.003, ne=0.010
boson_N (target(infinite size)=[2.0157e+00 5.5786e-01 5.0793e-02 8.2464e-03 3.0927e-03 1.5359e-03
 1.4440e-03 6.3448e-04 4.7880e-04])=[1.7892e+00 4.9847e-01 4.9088e-02 9.8532e-03 3.9544e-03 2.5474e-03
 1.9359e-03 1.0121e-03 6.2664e-04]
t=18.00fs, sigma_x=-0.003, ne=0.010
boson_N (target(infinite size)=[2.0157e+00 5.5786e-01 5.0793e-02 8.2464e-03 3.0927e-03 1.5359e-03
 1.4440e-03 6.3448e-04 4.7880e-04])=[1.7903e+00 4.9889e-01 4.9250e-02 9.8258e-03 3.8868e-03 2.2132e-03
 1.8611e-03 8.6022e-04 5.8795e-04]
t=19.00fs, sigma_x=-0.008, ne=0.010
boson_N (target(infinite size)=[2.0157e+00 5.5786e-01 5.0793e-02 8.2464e-03 3.0927e-03 1.5359e-03
 1.4440e-03 6.3448e-04 4.7880e-04])=[1.7914e+00 4.9931e-01 4.9401e-02 9.7761e-03 3.8101e-03 1.9554e-03
 1.7882e-03 7.6070e-04 7.1515e-04]
t=20.00fs, sigma_x=-0.013, ne=0.010
boson_N (target(infinite size)=[2.0157e+00 5.5786e-01 5.0793e-02 8.2464e-03 3.0927e-03 1.5359e-03
 1.4440e-03 6.3448e-04 4.7880e-04])=[1.7924e+00 4.9972e-01 4.9538e-02 9.7071e-03 3.7293e-03 1.7969e-03
 1.7226e-03 7.2320e-04 9.9204e-04]
t=21.00fs, sigma_x=-0.017, ne=0.010
boson_N (target(infinite size)=[2.0157e+00 5.5786e-01 5.0793e-02 8.2464e-03 3.0927e-03 1.5359e-03
 1.4440e-03 6.3448e-04 4.7880e-04])=[1.7934e+00 5.0014e-01 4.9661e-02 9.6230e-03 3.6496e-03 1.7520e-03
 1.6693e-03 7.5135e-04 1.3840e-03]
t=22.00fs, sigma_x=-0.021, ne=0.010
boson_N (target(infinite size)=[2.0157e+00 5.5786e-01 5.0793e-02 8.2464e-03 3.0927e-03 1.5359e-03
 1.4440e-03 6.3448e-04 4.7880e-04])=[1.7944e+00 5.0055e-01 4.9769e-02 9.5283e-03 3.5760e-03 1.8245e-03
 1.6324e-03 8.4243e-04 1.8423e-03]
t=23.00fs, sigma_x=-0.025, ne=0.010
boson_N (target(infinite size)=[2.0157e+00 5.5786e-01 5.0793e-02 8.2464e-03 3.0927e-03 1.5359e-03
 1.4440e-03 6.3448e-04 4.7880e-04])=[1.7955e+00 5.0096e-01 4.9863e-02 9.4279e-03 3.5134e-03 2.0078e-03
 1.6149e-03 9.8767e-04 2.3104e-03]
t=24.00fs, sigma_x=-0.030, ne=0.010
boson_N (target(infinite size)=[2.0157e+00 5.5786e-01 5.0793e-02 8.2464e-03 3.0927e-03 1.5359e-03
 1.4440e-03 6.3448e-04 4.7880e-04])=[1.7965e+00 5.0137e-01 4.9941e-02 9.3271e-03 3.4658e-03 2.2855e-03
 1.6184e-03 1.1731e-03 2.7306e-03]
t=25.00fs, sigma_x=-0.034, ne=0.010
boson_N (target(infinite size)=[2.0157e+00 5.5786e-01 5.0793e-02 8.2464e-03 3.0927e-03 1.5359e-03
 1.4440e-03 6.3448e-04 4.7880e-04])=[1.7974e+00 5.0177e-01 5.0004e-02 9.2310e-03 3.4364e-03 2.6329e-03
 1.6429e-03 1.3810e-03 3.0516e-03]
t=26.00fs, sigma_x=-0.039, ne=0.010
boson_N (target(infinite size)=[2.0157e+00 5.5786e-01 5.0793e-02 8.2464e-03 3.0927e-03 1.5359e-03
 1.4440e-03 6.3448e-04 4.7880e-04])=[1.7984e+00 5.0217e-01 5.0053e-02 9.1444e-03 3.4274e-03 3.0192e-03
 1.6871e-03 1.5914e-03 3.2343e-03]
t=27.00fs, sigma_x=-0.044, ne=0.010
boson_N (target(infinite size)=[2.0157e+00 5.5786e-01 5.0793e-02 8.2464e-03 3.0927e-03 1.5359e-03
 1.4440e-03 6.3448e-04 4.7880e-04])=[1.7994e+00 5.0257e-01 5.0087e-02 9.0719e-03 3.4399e-03 3.4104e-03
 1.7482e-03 1.7844e-03 3.2572e-03]
t=28.00fs, sigma_x=-0.048, ne=0.010
boson_N (target(infinite size)=[2.0157e+00 5.5786e-01 5.0793e-02 8.2464e-03 3.0927e-03 1.5359e-03
 1.4440e-03 6.3448e-04 4.7880e-04])=[1.8004 0.503  0.0501 0.009  0.0035 0.0038 0.0018 0.0019 0.0031]
t=29.00fs, sigma_x=-0.052, ne=0.010
boson_N (target(infinite size)=[2.0157e+00 5.5786e-01 5.0793e-02 8.2464e-03 3.0927e-03 1.5359e-03
 1.4440e-03 6.3448e-04 4.7880e-04])=[1.8013 0.5034 0.0501 0.009  0.0035 0.0041 0.0019 0.002  0.0028]
t=30.00fs, sigma_x=-0.055, ne=0.010
boson_N (target(infinite size)=[2.0157e+00 5.5786e-01 5.0793e-02 8.2464e-03 3.0927e-03 1.5359e-03
 1.4440e-03 6.3448e-04 4.7880e-04])=[1.8023 0.5037 0.0501 0.009  0.0036 0.0043 0.002  0.0021 0.0024]
t=31.00fs, sigma_x=-0.057, ne=0.010
boson_N (target(infinite size)=[2.0157e+00 5.5786e-01 5.0793e-02 8.2464e-03 3.0927e-03 1.5359e-03
 1.4440e-03 6.3448e-04 4.7880e-04])=[1.8032 0.5041 0.0501 0.009  0.0037 0.0044 0.0021 0.0021 0.002 ]
t=32.00fs, sigma_x=-0.059, ne=0.010
boson_N (target(infinite size)=[2.0157e+00 5.5786e-01 5.0793e-02 8.2464e-03 3.0927e-03 1.5359e-03
 1.4440e-03 6.3448e-04 4.7880e-04])=[1.8041e+00 5.0450e-01 5.0090e-02 9.0268e-03 3.7785e-03 4.3915e-03
 2.1469e-03 1.9975e-03 1.5478e-03]
t=33.00fs, sigma_x=-0.061, ne=0.010
boson_N (target(infinite size)=[2.0157e+00 5.5786e-01 5.0793e-02 8.2464e-03 3.0927e-03 1.5359e-03
 1.4440e-03 6.3448e-04 4.7880e-04])=[1.8050e+00 5.0488e-01 5.0067e-02 9.0896e-03 3.8786e-03 4.2754e-03
 2.2086e-03 1.8640e-03 1.1504e-03]
t=34.00fs, sigma_x=-0.061, ne=0.010
boson_N (target(infinite size)=[2.0157e+00 5.5786e-01 5.0793e-02 8.2464e-03 3.0927e-03 1.5359e-03
 1.4440e-03 6.3448e-04 4.7880e-04])=[1.8059e+00 5.0525e-01 5.0039e-02 9.1746e-03 3.9787e-03 4.0590e-03
 2.2537e-03 1.6901e-03 8.5549e-04]
t=35.00fs, sigma_x=-0.061, ne=0.010
boson_N (target(infinite size)=[2.0157e+00 5.5786e-01 5.0793e-02 8.2464e-03 3.0927e-03 1.5359e-03
 1.4440e-03 6.3448e-04 4.7880e-04])=[1.8068e+00 5.0561e-01 5.0009e-02 9.2790e-03 4.0740e-03 3.7626e-03
 2.2796e-03 1.4930e-03 6.9941e-04]
t=36.00fs, sigma_x=-0.060, ne=0.010
boson_N (target(infinite size)=[2.0157e+00 5.5786e-01 5.0793e-02 8.2464e-03 3.0927e-03 1.5359e-03
 1.4440e-03 6.3448e-04 4.7880e-04])=[1.8077e+00 5.0598e-01 4.9978e-02 9.3994e-03 4.1597e-03 3.4136e-03
 2.2849e-03 1.2920e-03 7.0105e-04]
t=37.00fs, sigma_x=-0.059, ne=0.010
boson_N (target(infinite size)=[2.0157e+00 5.5786e-01 5.0793e-02 8.2464e-03 3.0927e-03 1.5359e-03
 1.4440e-03 6.3448e-04 4.7880e-04])=[1.8086e+00 5.0633e-01 4.9949e-02 9.5317e-03 4.2317e-03 3.0439e-03
 2.2698e-03 1.1068e-03 8.5972e-04]
t=38.00fs, sigma_x=-0.056, ne=0.010
boson_N (target(infinite size)=[2.0157e+00 5.5786e-01 5.0793e-02 8.2464e-03 3.0927e-03 1.5359e-03
 1.4440e-03 6.3448e-04 4.7880e-04])=[1.8095e+00 5.0669e-01 4.9922e-02 9.6713e-03 4.2868e-03 2.6871e-03
 2.2359e-03 9.5541e-04 1.1553e-03]
t=39.00fs, sigma_x=-0.053, ne=0.010
boson_N (target(infinite size)=[2.0157e+00 5.5786e-01 5.0793e-02 8.2464e-03 3.0927e-03 1.5359e-03
 1.4440e-03 6.3448e-04 4.7880e-04])=[1.8104e+00 5.0704e-01 4.9901e-02 9.8133e-03 4.3225e-03 2.3752e-03
 2.1859e-03 8.5249e-04 1.5510e-03]
t=40.00fs, sigma_x=-0.049, ne=0.010
boson_N (target(infinite size)=[2.0157e+00 5.5786e-01 5.0793e-02 8.2464e-03 3.0927e-03 1.5359e-03
 1.4440e-03 6.3448e-04 4.7880e-04])=[1.8112e+00 5.0739e-01 4.9885e-02 9.9529e-03 4.3375e-03 2.1363e-03
 2.1240e-03 8.0804e-04 1.9975e-03]
t=41.00fs, sigma_x=-0.045, ne=0.010
boson_N (target(infinite size)=[2.0157e+00 5.5786e-01 5.0793e-02 8.2464e-03 3.0927e-03 1.5359e-03
 1.4440e-03 6.3448e-04 4.7880e-04])=[1.8121e+00 5.0773e-01 4.9877e-02 1.0085e-02 4.3318e-03 1.9917e-03
 2.0549e-03 8.2633e-04 2.4399e-03]
t=42.00fs, sigma_x=-0.040, ne=0.010
boson_N (target(infinite size)=[2.0157e+00 5.5786e-01 5.0793e-02 8.2464e-03 3.0927e-03 1.5359e-03
 1.4440e-03 6.3448e-04 4.7880e-04])=[1.8129e+00 5.0807e-01 4.9878e-02 1.0206e-02 4.3063e-03 1.9543e-03
 1.9839e-03 9.0556e-04 2.8236e-03]
t=43.00fs, sigma_x=-0.036, ne=0.010
boson_N (target(infinite size)=[2.0157e+00 5.5786e-01 5.0793e-02 8.2464e-03 3.0927e-03 1.5359e-03
 1.4440e-03 6.3448e-04 4.7880e-04])=[1.8137e+00 5.0840e-01 4.9889e-02 1.0311e-02 4.2632e-03 2.0272e-03
 1.9163e-03 1.0381e-03 3.1019e-03]
t=44.00fs, sigma_x=-0.031, ne=0.010
boson_N (target(infinite size)=[2.0157e+00 5.5786e-01 5.0793e-02 8.2464e-03 3.0927e-03 1.5359e-03
 1.4440e-03 6.3448e-04 4.7880e-04])=[1.8145e+00 5.0873e-01 4.9911e-02 1.0397e-02 4.2056e-03 2.2038e-03
 1.8573e-03 1.2112e-03 3.2411e-03]
t=45.00fs, sigma_x=-0.027, ne=0.010
boson_N (target(infinite size)=[2.0157e+00 5.5786e-01 5.0793e-02 8.2464e-03 3.0927e-03 1.5359e-03
 1.4440e-03 6.3448e-04 4.7880e-04])=[1.8154e+00 5.0905e-01 4.9944e-02 1.0461e-02 4.1373e-03 2.4682e-03
 1.8113e-03 1.4082e-03 3.2249e-03]
t=46.00fs, sigma_x=-0.023, ne=0.010
boson_N (target(infinite size)=[2.0157e+00 5.5786e-01 5.0793e-02 8.2464e-03 3.0927e-03 1.5359e-03
 1.4440e-03 6.3448e-04 4.7880e-04])=[1.8162e+00 5.0937e-01 4.9989e-02 1.0503e-02 4.0628e-03 2.7969e-03
 1.7819e-03 1.6103e-03 3.0565e-03]
t=47.00fs, sigma_x=-0.019, ne=0.010
boson_N (target(infinite size)=[2.0157e+00 5.5786e-01 5.0793e-02 8.2464e-03 3.0927e-03 1.5359e-03
 1.4440e-03 6.3448e-04 4.7880e-04])=[1.8169e+00 5.0968e-01 5.0047e-02 1.0521e-02 3.9868e-03 3.1607e-03
 1.7714e-03 1.7982e-03 2.7575e-03]
t=48.00fs, sigma_x=-0.015, ne=0.010
boson_N (target(infinite size)=[2.0157e+00 5.5786e-01 5.0793e-02 8.2464e-03 3.0927e-03 1.5359e-03
 1.4440e-03 6.3448e-04 4.7880e-04])=[1.8177e+00 5.0999e-01 5.0117e-02 1.0515e-02 3.9143e-03 3.5276e-03
 1.7810e-03 1.9542e-03 2.3659e-03]
t=49.00fs, sigma_x=-0.012, ne=0.010
boson_N (target(infinite size)=[2.0157e+00 5.5786e-01 5.0793e-02 8.2464e-03 3.0927e-03 1.5359e-03
 1.4440e-03 6.3448e-04 4.7880e-04])=[1.8185e+00 5.1029e-01 5.0198e-02 1.0487e-02 3.8498e-03 3.8653e-03
 1.8102e-03 2.0635e-03 1.9308e-03]
t=50.00fs, sigma_x=-0.009, ne=0.010
boson_N (target(infinite size)=[2.0157e+00 5.5786e-01 5.0793e-02 8.2464e-03 3.0927e-03 1.5359e-03
 1.4440e-03 6.3448e-04 4.7880e-04])=[1.8193e+00 5.1059e-01 5.0292e-02 1.0439e-02 3.7973e-03 4.1444e-03
 1.8572e-03 2.1161e-03 1.5063e-03]
t=51.00fs, sigma_x=-0.006, ne=0.010
boson_N (target(infinite size)=[2.0157e+00 5.5786e-01 5.0793e-02 8.2464e-03 3.0927e-03 1.5359e-03
 1.4440e-03 6.3448e-04 4.7880e-04])=[1.8200e+00 5.1088e-01 5.0396e-02 1.0374e-02 3.7604e-03 4.3410e-03
 1.9192e-03 2.1074e-03 1.1452e-03]
t=52.00fs, sigma_x=-0.003, ne=0.010
boson_N (target(infinite size)=[2.0157e+00 5.5786e-01 5.0793e-02 8.2464e-03 3.0927e-03 1.5359e-03
 1.4440e-03 6.3448e-04 4.7880e-04])=[1.8208e+00 5.1117e-01 5.0510e-02 1.0296e-02 3.7416e-03 4.4384e-03
 1.9920e-03 2.0388e-03 8.9210e-04]
t=53.00fs, sigma_x=-0.001, ne=0.010
boson_N (target(infinite size)=[2.0157e+00 5.5786e-01 5.0793e-02 8.2464e-03 3.0927e-03 1.5359e-03
 1.4440e-03 6.3448e-04 4.7880e-04])=[1.8215e+00 5.1145e-01 5.0633e-02 1.0208e-02 3.7424e-03 4.4292e-03
 2.0710e-03 1.9174e-03 7.7794e-04]
t=54.00fs, sigma_x=0.001, ne=0.010
boson_N (target(infinite size)=[2.0157e+00 5.5786e-01 5.0793e-02 8.2464e-03 3.0927e-03 1.5359e-03
 1.4440e-03 6.3448e-04 4.7880e-04])=[1.8223e+00 5.1172e-01 5.0764e-02 1.0116e-02 3.7631e-03 4.3151e-03
 2.1509e-03 1.7552e-03 8.1642e-04]
t=55.00fs, sigma_x=0.003, ne=0.010
boson_N (target(infinite size)=[2.0157e+00 5.5786e-01 5.0793e-02 8.2464e-03 3.0927e-03 1.5359e-03
 1.4440e-03 6.3448e-04 4.7880e-04])=[1.8230e+00 5.1200e-01 5.0902e-02 1.0023e-02 3.8031e-03 4.1075e-03
 2.2266e-03 1.5685e-03 1.0023e-03]
t=56.00fs, sigma_x=0.004, ne=0.010
boson_N (target(infinite size)=[2.0157e+00 5.5786e-01 5.0793e-02 8.2464e-03 3.0927e-03 1.5359e-03
 1.4440e-03 6.3448e-04 4.7880e-04])=[1.8237e+00 5.1226e-01 5.1044e-02 9.9350e-03 3.8606e-03 3.8258e-03
 2.2931e-03 1.3755e-03 1.3121e-03]
t=57.00fs, sigma_x=0.005, ne=0.010
boson_N (target(infinite size)=[2.0157e+00 5.5786e-01 5.0793e-02 8.2464e-03 3.0927e-03 1.5359e-03
 1.4440e-03 6.3448e-04 4.7880e-04])=[1.8244e+00 5.1252e-01 5.1191e-02 9.8558e-03 3.9328e-03 3.4960e-03
 2.3463e-03 1.1950e-03 1.7072e-03]
t=58.00fs, sigma_x=0.006, ne=0.010
boson_N (target(infinite size)=[2.0157e+00 5.5786e-01 5.0793e-02 8.2464e-03 3.0927e-03 1.5359e-03
 1.4440e-03 6.3448e-04 4.7880e-04])=[1.8251e+00 5.1278e-01 5.1339e-02 9.7894e-03 4.0161e-03 3.1482e-03
 2.3828e-03 1.0447e-03 2.1387e-03]
t=59.00fs, sigma_x=0.007, ne=0.010
boson_N (target(infinite size)=[2.0157e+00 5.5786e-01 5.0793e-02 8.2464e-03 3.0927e-03 1.5359e-03
 1.4440e-03 6.3448e-04 4.7880e-04])=[1.8258e+00 5.1303e-01 5.1488e-02 9.7394e-03 4.1065e-03 2.8139e-03
 2.4006e-03 9.3905e-04 2.5532e-03]
t=60.00fs, sigma_x=0.007, ne=0.010
boson_N (target(infinite size)=[2.0157e+00 5.5786e-01 5.0793e-02 8.2464e-03 3.0927e-03 1.5359e-03
 1.4440e-03 6.3448e-04 4.7880e-04])=[1.8265e+00 5.1328e-01 5.1635e-02 9.7084e-03 4.1992e-03 2.5231e-03
 2.3989e-03 8.8835e-04 2.8998e-03]
t=61.00fs, sigma_x=0.008, ne=0.010
boson_N (target(infinite size)=[2.0157e+00 5.5786e-01 5.0793e-02 8.2464e-03 3.0927e-03 1.5359e-03
 1.4440e-03 6.3448e-04 4.7880e-04])=[1.8272e+00 5.1352e-01 5.1780e-02 9.6985e-03 4.2898e-03 2.3020e-03
 2.3783e-03 8.9744e-04 3.1364e-03]
t=62.00fs, sigma_x=0.008, ne=0.010
boson_N (target(infinite size)=[2.0157e+00 5.5786e-01 5.0793e-02 8.2464e-03 3.0927e-03 1.5359e-03
 1.4440e-03 6.3448e-04 4.7880e-04])=[1.8279e+00 5.1376e-01 5.1920e-02 9.7105e-03 4.3736e-03 2.1703e-03
 2.3406e-03 9.6541e-04 3.2345e-03]
t=63.00fs, sigma_x=0.008, ne=0.010
boson_N (target(infinite size)=[2.0157e+00 5.5786e-01 5.0793e-02 8.2464e-03 3.0927e-03 1.5359e-03
 1.4440e-03 6.3448e-04 4.7880e-04])=[1.8285e+00 5.1399e-01 5.2055e-02 9.7448e-03 4.4466e-03 2.1395e-03
 2.2890e-03 1.0857e-03 3.1829e-03]
t=64.00fs, sigma_x=0.008, ne=0.010
boson_N (target(infinite size)=[2.0157e+00 5.5786e-01 5.0793e-02 8.2464e-03 3.0927e-03 1.5359e-03
 1.4440e-03 6.3448e-04 4.7880e-04])=[1.8292e+00 5.1422e-01 5.2182e-02 9.8006e-03 4.5053e-03 2.2123e-03
 2.2275e-03 1.2466e-03 2.9889e-03]
t=65.00fs, sigma_x=0.008, ne=0.010
boson_N (target(infinite size)=[2.0157e+00 5.5786e-01 5.0793e-02 8.2464e-03 3.0927e-03 1.5359e-03
 1.4440e-03 6.3448e-04 4.7880e-04])=[1.8298e+00 5.1444e-01 5.2302e-02 9.8760e-03 4.5470e-03 2.3819e-03
 2.1608e-03 1.4328e-03 2.6775e-03]
t=66.00fs, sigma_x=0.008, ne=0.010
boson_N (target(infinite size)=[2.0157e+00 5.5786e-01 5.0793e-02 8.2464e-03 3.0927e-03 1.5359e-03
 1.4440e-03 6.3448e-04 4.7880e-04])=[1.8305e+00 5.1466e-01 5.2412e-02 9.9688e-03 4.5700e-03 2.6333e-03
 2.0939e-03 1.6263e-03 2.2880e-03]
t=67.00fs, sigma_x=0.007, ne=0.010
boson_N (target(infinite size)=[2.0157e+00 5.5786e-01 5.0793e-02 8.2464e-03 3.0927e-03 1.5359e-03
 1.4440e-03 6.3448e-04 4.7880e-04])=[1.8311e+00 5.1488e-01 5.2512e-02 1.0076e-02 4.5737e-03 2.9438e-03
 2.0320e-03 1.8089e-03 1.8690e-03]
t=68.00fs, sigma_x=0.007, ne=0.010
boson_N (target(infinite size)=[2.0157e+00 5.5786e-01 5.0793e-02 8.2464e-03 3.0927e-03 1.5359e-03
 1.4440e-03 6.3448e-04 4.7880e-04])=[1.8317e+00 5.1509e-01 5.2601e-02 1.0193e-02 4.5584e-03 3.2860e-03
 1.9796e-03 1.9630e-03 1.4729e-03]
t=69.00fs, sigma_x=0.006, ne=0.010
boson_N (target(infinite size)=[2.0157e+00 5.5786e-01 5.0793e-02 8.2464e-03 3.0927e-03 1.5359e-03
 1.4440e-03 6.3448e-04 4.7880e-04])=[1.8323e+00 5.1529e-01 5.2678e-02 1.0317e-02 4.5257e-03 3.6297e-03
 1.9407e-03 2.0742e-03 1.1485e-03]
t=70.00fs, sigma_x=0.006, ne=0.010
boson_N (target(infinite size)=[2.0157e+00 5.5786e-01 5.0793e-02 8.2464e-03 3.0927e-03 1.5359e-03
 1.4440e-03 6.3448e-04 4.7880e-04])=[1.8330e+00 5.1549e-01 5.2744e-02 1.0443e-02 4.4780e-03 3.9447e-03
 1.9183e-03 2.1323e-03 9.3599e-04]
t=71.00fs, sigma_x=0.005, ne=0.010
boson_N (target(infinite size)=[2.0157e+00 5.5786e-01 5.0793e-02 8.2464e-03 3.0927e-03 1.5359e-03
 1.4440e-03 6.3448e-04 4.7880e-04])=[1.8336e+00 5.1568e-01 5.2798e-02 1.0566e-02 4.4186e-03 4.2035e-03
 1.9143e-03 2.1320e-03 8.6119e-04]
t=72.00fs, sigma_x=0.004, ne=0.010
boson_N (target(infinite size)=[2.0157e+00 5.5786e-01 5.0793e-02 8.2464e-03 3.0927e-03 1.5359e-03
 1.4440e-03 6.3448e-04 4.7880e-04])=[1.8342e+00 5.1588e-01 5.2840e-02 1.0683e-02 4.3512e-03 4.3840e-03
 1.9292e-03 2.0739e-03 9.3290e-04]
t=73.00fs, sigma_x=0.004, ne=0.010
boson_N (target(infinite size)=[2.0157e+00 5.5786e-01 5.0793e-02 8.2464e-03 3.0927e-03 1.5359e-03
 1.4440e-03 6.3448e-04 4.7880e-04])=[1.8347e+00 5.1606e-01 5.2871e-02 1.0788e-02 4.2803e-03 4.4708e-03
 1.9623e-03 1.9641e-03 1.1418e-03]
t=74.00fs, sigma_x=0.003, ne=0.010
boson_N (target(infinite size)=[2.0157e+00 5.5786e-01 5.0793e-02 8.2464e-03 3.0927e-03 1.5359e-03
 1.4440e-03 6.3448e-04 4.7880e-04])=[1.8353e+00 5.1625e-01 5.2890e-02 1.0880e-02 4.2103e-03 4.4574e-03
 2.0114e-03 1.8135e-03 1.4615e-03]
t=75.00fs, sigma_x=0.003, ne=0.010
boson_N (target(infinite size)=[2.0157e+00 5.5786e-01 5.0793e-02 8.2464e-03 3.0927e-03 1.5359e-03
 1.4440e-03 6.3448e-04 4.7880e-04])=[1.8359e+00 5.1642e-01 5.2899e-02 1.0954e-02 4.1456e-03 4.3459e-03
 2.0734e-03 1.6372e-03 1.8523e-03]
t=76.00fs, sigma_x=0.002, ne=0.010
boson_N (target(infinite size)=[2.0157e+00 5.5786e-01 5.0793e-02 8.2464e-03 3.0927e-03 1.5359e-03
 1.4440e-03 6.3448e-04 4.7880e-04])=[1.8365e+00 5.1659e-01 5.2898e-02 1.1010e-02 4.0902e-03 4.1471e-03
 2.1443e-03 1.4523e-03 2.2657e-03]
t=77.00fs, sigma_x=0.002, ne=0.010
boson_N (target(infinite size)=[2.0157e+00 5.5786e-01 5.0793e-02 8.2464e-03 3.0927e-03 1.5359e-03
 1.4440e-03 6.3448e-04 4.7880e-04])=[1.8370e+00 5.1676e-01 5.2889e-02 1.1044e-02 4.0478e-03 3.8799e-03
 2.2193e-03 1.2770e-03 2.6507e-03]
t=78.00fs, sigma_x=0.001, ne=0.010
boson_N (target(infinite size)=[2.0157e+00 5.5786e-01 5.0793e-02 8.2464e-03 3.0927e-03 1.5359e-03
 1.4440e-03 6.3448e-04 4.7880e-04])=[1.8376e+00 5.1692e-01 5.2873e-02 1.1057e-02 4.0210e-03 3.5686e-03
 2.2937e-03 1.1283e-03 2.9602e-03]
t=79.00fs, sigma_x=0.001, ne=0.010
boson_N (target(infinite size)=[2.0157e+00 5.5786e-01 5.0793e-02 8.2464e-03 3.0927e-03 1.5359e-03
 1.4440e-03 6.3448e-04 4.7880e-04])=[1.8381e+00 5.1708e-01 5.2850e-02 1.1049e-02 4.0118e-03 3.2418e-03
 2.3624e-03 1.0206e-03 3.1565e-03]
t=80.00fs, sigma_x=0.000, ne=0.010
boson_N (target(infinite size)=[2.0157e+00 5.5786e-01 5.0793e-02 8.2464e-03 3.0927e-03 1.5359e-03
 1.4440e-03 6.3448e-04 4.7880e-04])=[1.8387e+00 5.1724e-01 5.2822e-02 1.1021e-02 4.0211e-03 2.9289e-03
 2.4212e-03 9.6439e-04 3.2161e-03]
t=81.00fs, sigma_x=0.000, ne=0.010
boson_N (target(infinite size)=[2.0157e+00 5.5786e-01 5.0793e-02 8.2464e-03 3.0927e-03 1.5359e-03
 1.4440e-03 6.3448e-04 4.7880e-04])=[1.8392e+00 5.1739e-01 5.2790e-02 1.0976e-02 4.0487e-03 2.6581e-03
 2.4662e-03 9.6497e-04 3.1326e-03]
t=82.00fs, sigma_x=-0.000, ne=0.010
boson_N (target(infinite size)=[2.0157e+00 5.5786e-01 5.0793e-02 8.2464e-03 3.0927e-03 1.5359e-03
 1.4440e-03 6.3448e-04 4.7880e-04])=[1.8397e+00 5.1754e-01 5.2757e-02 1.0915e-02 4.0934e-03 2.4537e-03
 2.4948e-03 1.0223e-03 2.9172e-03]
t=83.00fs, sigma_x=-0.000, ne=0.010
boson_N (target(infinite size)=[2.0157e+00 5.5786e-01 5.0793e-02 8.2464e-03 3.0927e-03 1.5359e-03
 1.4440e-03 6.3448e-04 4.7880e-04])=[1.8402e+00 5.1769e-01 5.2723e-02 1.0843e-02 4.1531e-03 2.3337e-03
 2.5053e-03 1.1307e-03 2.5975e-03]
t=84.00fs, sigma_x=-0.000, ne=0.010
boson_N (target(infinite size)=[2.0157e+00 5.5786e-01 5.0793e-02 8.2464e-03 3.0927e-03 1.5359e-03
 1.4440e-03 6.3448e-04 4.7880e-04])=[1.8408e+00 5.1783e-01 5.2689e-02 1.0762e-02 4.2249e-03 2.3089e-03
 2.4974e-03 1.2797e-03 2.2137e-03]
t=85.00fs, sigma_x=-0.000, ne=0.010
boson_N (target(infinite size)=[2.0157e+00 5.5786e-01 5.0793e-02 8.2464e-03 3.0927e-03 1.5359e-03
 1.4440e-03 6.3448e-04 4.7880e-04])=[1.8413e+00 5.1796e-01 5.2658e-02 1.0678e-02 4.3052e-03 2.3811e-03
 2.4722e-03 1.4551e-03 1.8137e-03]
t=86.00fs, sigma_x=-0.000, ne=0.010
boson_N (target(infinite size)=[2.0157e+00 5.5786e-01 5.0793e-02 8.2464e-03 3.0927e-03 1.5359e-03
 1.4440e-03 6.3448e-04 4.7880e-04])=[1.8418e+00 5.1810e-01 5.2630e-02 1.0593e-02 4.3899e-03 2.5437e-03
 2.4317e-03 1.6399e-03 1.4472e-03]
t=87.00fs, sigma_x=-0.001, ne=0.010
boson_N (target(infinite size)=[2.0157e+00 5.5786e-01 5.0793e-02 8.2464e-03 3.0927e-03 1.5359e-03
 1.4440e-03 6.3448e-04 4.7880e-04])=[1.8423e+00 5.1823e-01 5.2607e-02 1.0513e-02 4.4747e-03 2.7821e-03
 2.3793e-03 1.8166e-03 1.1596e-03]
t=88.00fs, sigma_x=-0.000, ne=0.010
boson_N (target(infinite size)=[2.0157e+00 5.5786e-01 5.0793e-02 8.2464e-03 3.0927e-03 1.5359e-03
 1.4440e-03 6.3448e-04 4.7880e-04])=[1.8428e+00 5.1836e-01 5.2590e-02 1.0441e-02 4.5554e-03 3.0750e-03
 2.3189e-03 1.9683e-03 9.8616e-04]
t=89.00fs, sigma_x=-0.000, ne=0.010
boson_N (target(infinite size)=[2.0157e+00 5.5786e-01 5.0793e-02 8.2464e-03 3.0927e-03 1.5359e-03
 1.4440e-03 6.3448e-04 4.7880e-04])=[1.8433e+00 5.1848e-01 5.2579e-02 1.0381e-02 4.6279e-03 3.3963e-03
 2.2552e-03 2.0808e-03 9.4795e-04]
t=90.00fs, sigma_x=-0.000, ne=0.010
boson_N (target(infinite size)=[2.0157e+00 5.5786e-01 5.0793e-02 8.2464e-03 3.0927e-03 1.5359e-03
 1.4440e-03 6.3448e-04 4.7880e-04])=[1.8437e+00 5.1860e-01 5.2577e-02 1.0335e-02 4.6887e-03 3.7178e-03
 2.1929e-03 2.1436e-03 1.0492e-03]
t=91.00fs, sigma_x=-0.000, ne=0.010
boson_N (target(infinite size)=[2.0157e+00 5.5786e-01 5.0793e-02 8.2464e-03 3.0927e-03 1.5359e-03
 1.4440e-03 6.3448e-04 4.7880e-04])=[1.8442e+00 5.1872e-01 5.2583e-02 1.0307e-02 4.7349e-03 4.0112e-03
 2.1368e-03 2.1511e-03 1.2769e-03]
t=92.00fs, sigma_x=-0.000, ne=0.010
boson_N (target(infinite size)=[2.0157e+00 5.5786e-01 5.0793e-02 8.2464e-03 3.0927e-03 1.5359e-03
 1.4440e-03 6.3448e-04 4.7880e-04])=[1.8447e+00 5.1884e-01 5.2598e-02 1.0298e-02 4.7646e-03 4.2508e-03
 2.0909e-03 2.1029e-03 1.6024e-03]
t=93.00fs, sigma_x=-0.000, ne=0.010
boson_N (target(infinite size)=[2.0157e+00 5.5786e-01 5.0793e-02 8.2464e-03 3.0927e-03 1.5359e-03
 1.4440e-03 6.3448e-04 4.7880e-04])=[1.8451 0.519  0.0526 0.0103 0.0048 0.0044 0.0021 0.002  0.002 ]
t=94.00fs, sigma_x=-0.000, ne=0.010
boson_N (target(infinite size)=[2.0157e+00 5.5786e-01 5.0793e-02 8.2464e-03 3.0927e-03 1.5359e-03
 1.4440e-03 6.3448e-04 4.7880e-04])=[1.8456 0.5191 0.0527 0.0103 0.0048 0.0045 0.002  0.0019 0.0024]
t=95.00fs, sigma_x=0.000, ne=0.010
boson_N (target(infinite size)=[2.0157e+00 5.5786e-01 5.0793e-02 8.2464e-03 3.0927e-03 1.5359e-03
 1.4440e-03 6.3448e-04 4.7880e-04])=[1.8460e+00 5.1917e-01 5.2701e-02 1.0388e-02 4.7477e-03 4.4764e-03
 2.0448e-03 1.6990e-03 2.7325e-03]
t=96.00fs, sigma_x=0.000, ne=0.010
boson_N (target(infinite size)=[2.0157e+00 5.5786e-01 5.0793e-02 8.2464e-03 3.0927e-03 1.5359e-03
 1.4440e-03 6.3448e-04 4.7880e-04])=[1.8465e+00 5.1928e-01 5.2755e-02 1.0455e-02 4.7096e-03 4.3677e-03
 2.0643e-03 1.5225e-03 3.0051e-03]
t=97.00fs, sigma_x=0.000, ne=0.010
boson_N (target(infinite size)=[2.0157e+00 5.5786e-01 5.0793e-02 8.2464e-03 3.0927e-03 1.5359e-03
 1.4440e-03 6.3448e-04 4.7880e-04])=[1.8469e+00 5.1939e-01 5.2819e-02 1.0537e-02 4.6591e-03 4.1779e-03
 2.1004e-03 1.3528e-03 3.1627e-03]
t=98.00fs, sigma_x=0.000, ne=0.010
boson_N (target(infinite size)=[2.0157e+00 5.5786e-01 5.0793e-02 8.2464e-03 3.0927e-03 1.5359e-03
 1.4440e-03 6.3448e-04 4.7880e-04])=[1.8473e+00 5.1949e-01 5.2891e-02 1.0632e-02 4.5995e-03 3.9248e-03
 2.1508e-03 1.2063e-03 3.1868e-03]
t=99.00fs, sigma_x=0.001, ne=0.010
boson_N (target(infinite size)=[2.0157e+00 5.5786e-01 5.0793e-02 8.2464e-03 3.0927e-03 1.5359e-03
 1.4440e-03 6.3448e-04 4.7880e-04])=[1.8478e+00 5.1959e-01 5.2971e-02 1.0736e-02 4.5345e-03 3.6316e-03
 2.2121e-03 1.0973e-03 3.0752e-03]
t=100.00fs, sigma_x=0.001, ne=0.010
boson_N (target(infinite size)=[2.0157e+00 5.5786e-01 5.0793e-02 8.2464e-03 3.0927e-03 1.5359e-03
 1.4440e-03 6.3448e-04 4.7880e-04])=[1.8482e+00 5.1969e-01 5.3058e-02 1.0846e-02 4.4682e-03 3.3249e-03
 2.2804e-03 1.0363e-03 2.8426e-03]
t=101.00fs, sigma_x=0.001, ne=0.010
boson_N (target(infinite size)=[2.0157e+00 5.5786e-01 5.0793e-02 8.2464e-03 3.0927e-03 1.5359e-03
 1.4440e-03 6.3448e-04 4.7880e-04])=[1.8486e+00 5.1979e-01 5.3152e-02 1.0957e-02 4.4049e-03 3.0326e-03
 2.3512e-03 1.0291e-03 2.5186e-03]
t=102.00fs, sigma_x=0.001, ne=0.010
boson_N (target(infinite size)=[2.0157e+00 5.5786e-01 5.0793e-02 8.2464e-03 3.0927e-03 1.5359e-03
 1.4440e-03 6.3448e-04 4.7880e-04])=[1.8490e+00 5.1989e-01 5.3252e-02 1.1066e-02 4.3483e-03 2.7807e-03
 2.4197e-03 1.0763e-03 2.1439e-03]
t=103.00fs, sigma_x=0.001, ne=0.010
boson_N (target(infinite size)=[2.0157e+00 5.5786e-01 5.0793e-02 8.2464e-03 3.0927e-03 1.5359e-03
 1.4440e-03 6.3448e-04 4.7880e-04])=[1.8494e+00 5.1998e-01 5.3356e-02 1.1168e-02 4.3021e-03 2.5920e-03
 2.4816e-03 1.1734e-03 1.7651e-03]
t=104.00fs, sigma_x=0.001, ne=0.010
boson_N (target(infinite size)=[2.0157e+00 5.5786e-01 5.0793e-02 8.2464e-03 3.0927e-03 1.5359e-03
 1.4440e-03 6.3448e-04 4.7880e-04])=[1.8498e+00 5.2007e-01 5.3463e-02 1.1261e-02 4.2692e-03 2.4831e-03
 2.5328e-03 1.3109e-03 1.4293e-03]
t=105.00fs, sigma_x=0.001, ne=0.010
boson_N (target(infinite size)=[2.0157e+00 5.5786e-01 5.0793e-02 8.2464e-03 3.0927e-03 1.5359e-03
 1.4440e-03 6.3448e-04 4.7880e-04])=[1.8502e+00 5.2016e-01 5.3572e-02 1.1341e-02 4.2517e-03 2.4634e-03
 2.5702e-03 1.4755e-03 1.1779e-03]
t=106.00fs, sigma_x=0.001, ne=0.010
boson_N (target(infinite size)=[2.0157e+00 5.5786e-01 5.0793e-02 8.2464e-03 3.0927e-03 1.5359e-03
 1.4440e-03 6.3448e-04 4.7880e-04])=[1.8506e+00 5.2025e-01 5.3681e-02 1.1405e-02 4.2510e-03 2.5347e-03
 2.5914e-03 1.6516e-03 1.0418e-03]
t=107.00fs, sigma_x=0.001, ne=0.010
boson_N (target(infinite size)=[2.0157e+00 5.5786e-01 5.0793e-02 8.2464e-03 3.0927e-03 1.5359e-03
 1.4440e-03 6.3448e-04 4.7880e-04])=[1.8509e+00 5.2034e-01 5.3790e-02 1.1453e-02 4.2675e-03 2.6902e-03
 2.5954e-03 1.8221e-03 1.0372e-03]
t=108.00fs, sigma_x=0.001, ne=0.010
boson_N (target(infinite size)=[2.0157e+00 5.5786e-01 5.0793e-02 8.2464e-03 3.0927e-03 1.5359e-03
 1.4440e-03 6.3448e-04 4.7880e-04])=[1.8513e+00 5.2042e-01 5.3897e-02 1.1481e-02 4.3004e-03 2.9161e-03
 2.5823e-03 1.9710e-03 1.1644e-03]
t=109.00fs, sigma_x=0.001, ne=0.010
boson_N (target(infinite size)=[2.0157e+00 5.5786e-01 5.0793e-02 8.2464e-03 3.0927e-03 1.5359e-03
 1.4440e-03 6.3448e-04 4.7880e-04])=[1.8517e+00 5.2051e-01 5.4002e-02 1.1490e-02 4.3484e-03 3.1920e-03
 2.5534e-03 2.0842e-03 1.4070e-03]
t=110.00fs, sigma_x=0.001, ne=0.010
boson_N (target(infinite size)=[2.0157e+00 5.5786e-01 5.0793e-02 8.2464e-03 3.0927e-03 1.5359e-03
 1.4440e-03 6.3448e-04 4.7880e-04])=[1.8520e+00 5.2059e-01 5.4102e-02 1.1481e-02 4.4090e-03 3.4935e-03
 2.5110e-03 2.1511e-03 1.7347e-03]
t=111.00fs, sigma_x=0.001, ne=0.010
boson_N (target(infinite size)=[2.0157e+00 5.5786e-01 5.0793e-02 8.2464e-03 3.0927e-03 1.5359e-03
 1.4440e-03 6.3448e-04 4.7880e-04])=[1.8524 0.5207 0.0542 0.0115 0.0045 0.0038 0.0025 0.0022 0.0021]
t=112.00fs, sigma_x=0.001, ne=0.010
boson_N (target(infinite size)=[2.0157e+00 5.5786e-01 5.0793e-02 8.2464e-03 3.0927e-03 1.5359e-03
 1.4440e-03 6.3448e-04 4.7880e-04])=[1.8527 0.5208 0.0543 0.0114 0.0046 0.0041 0.0024 0.0021 0.0025]
t=113.00fs, sigma_x=0.000, ne=0.010
boson_N (target(infinite size)=[2.0157e+00 5.5786e-01 5.0793e-02 8.2464e-03 3.0927e-03 1.5359e-03
 1.4440e-03 6.3448e-04 4.7880e-04])=[1.8531 0.5208 0.0544 0.0114 0.0046 0.0043 0.0023 0.002  0.0028]
t=114.00fs, sigma_x=0.000, ne=0.010
boson_N (target(infinite size)=[2.0157e+00 5.5786e-01 5.0793e-02 8.2464e-03 3.0927e-03 1.5359e-03
 1.4440e-03 6.3448e-04 4.7880e-04])=[1.8534 0.5209 0.0544 0.0113 0.0047 0.0044 0.0023 0.0019 0.003 ]
t=115.00fs, sigma_x=0.000, ne=0.010
boson_N (target(infinite size)=[2.0157e+00 5.5786e-01 5.0793e-02 8.2464e-03 3.0927e-03 1.5359e-03
 1.4440e-03 6.3448e-04 4.7880e-04])=[1.8538e+00 5.2100e-01 5.4505e-02 1.1215e-02 4.7810e-03 4.5084e-03
 2.2319e-03 1.7549e-03 3.1575e-03]
t=116.00fs, sigma_x=0.000, ne=0.010
boson_N (target(infinite size)=[2.0157e+00 5.5786e-01 5.0793e-02 8.2464e-03 3.0927e-03 1.5359e-03
 1.4440e-03 6.3448e-04 4.7880e-04])=[1.8541e+00 5.2108e-01 5.4561e-02 1.1138e-02 4.8426e-03 4.4884e-03
 2.1924e-03 1.5868e-03 3.1490e-03]
t=117.00fs, sigma_x=-0.000, ne=0.010
boson_N (target(infinite size)=[2.0157e+00 5.5786e-01 5.0793e-02 8.2464e-03 3.0927e-03 1.5359e-03
 1.4440e-03 6.3448e-04 4.7880e-04])=[1.8544e+00 5.2116e-01 5.4608e-02 1.1061e-02 4.8919e-03 4.3829e-03
 2.1668e-03 1.4229e-03 3.0130e-03]
t=118.00fs, sigma_x=-0.000, ne=0.010
boson_N (target(infinite size)=[2.0157e+00 5.5786e-01 5.0793e-02 8.2464e-03 3.0927e-03 1.5359e-03
 1.4440e-03 6.3448e-04 4.7880e-04])=[1.8547e+00 5.2123e-01 5.4645e-02 1.0989e-02 4.9267e-03 4.2019e-03
 2.1570e-03 1.2791e-03 2.7670e-03]
t=119.00fs, sigma_x=-0.000, ne=0.010
boson_N (target(infinite size)=[2.0157e+00 5.5786e-01 5.0793e-02 8.2464e-03 3.0927e-03 1.5359e-03
 1.4440e-03 6.3448e-04 4.7880e-04])=[1.8551e+00 5.2131e-01 5.4674e-02 1.0923e-02 4.9456e-03 3.9625e-03
 2.1639e-03 1.1694e-03 2.4422e-03]
t=120.00fs, sigma_x=-0.000, ne=0.010
boson_N (target(infinite size)=[2.0157e+00 5.5786e-01 5.0793e-02 8.2464e-03 3.0927e-03 1.5359e-03
 1.4440e-03 6.3448e-04 4.7880e-04])=[1.8554e+00 5.2139e-01 5.4693e-02 1.0869e-02 4.9479e-03 3.6865e-03
 2.1873e-03 1.1042e-03 2.0793e-03]
t=121.00fs, sigma_x=-0.000, ne=0.010
boson_N (target(infinite size)=[2.0157e+00 5.5786e-01 5.0793e-02 8.2464e-03 3.0927e-03 1.5359e-03
 1.4440e-03 6.3448e-04 4.7880e-04])=[1.8557e+00 5.2147e-01 5.4704e-02 1.0828e-02 4.9341e-03 3.3991e-03
 2.2257e-03 1.0899e-03 1.7235e-03]
t=122.00fs, sigma_x=-0.000, ne=0.010
boson_N (target(infinite size)=[2.0157e+00 5.5786e-01 5.0793e-02 8.2464e-03 3.0927e-03 1.5359e-03
 1.4440e-03 6.3448e-04 4.7880e-04])=[1.8560e+00 5.2155e-01 5.4706e-02 1.0802e-02 4.9054e-03 3.1262e-03
 2.2766e-03 1.1277e-03 1.4188e-03]
t=123.00fs, sigma_x=-0.000, ne=0.010
boson_N (target(infinite size)=[2.0157e+00 5.5786e-01 5.0793e-02 8.2464e-03 3.0927e-03 1.5359e-03
 1.4440e-03 6.3448e-04 4.7880e-04])=[1.8563e+00 5.2163e-01 5.4701e-02 1.0793e-02 4.8637e-03 2.8923e-03
 2.3367e-03 1.2140e-03 1.2028e-03]
t=124.00fs, sigma_x=-0.001, ne=0.010
boson_N (target(infinite size)=[2.0157e+00 5.5786e-01 5.0793e-02 8.2464e-03 3.0927e-03 1.5359e-03
 1.4440e-03 6.3448e-04 4.7880e-04])=[1.8566e+00 5.2170e-01 5.4689e-02 1.0802e-02 4.8120e-03 2.7182e-03
 2.4019e-03 1.3403e-03 1.1019e-03]
t=125.00fs, sigma_x=-0.001, ne=0.010
boson_N (target(infinite size)=[2.0157e+00 5.5786e-01 5.0793e-02 8.2464e-03 3.0927e-03 1.5359e-03
 1.4440e-03 6.3448e-04 4.7880e-04])=[1.8569e+00 5.2178e-01 5.4671e-02 1.0829e-02 4.7536e-03 2.6194e-03
 2.4681e-03 1.4944e-03 1.1280e-03]
t=126.00fs, sigma_x=-0.001, ne=0.010
boson_N (target(infinite size)=[2.0157e+00 5.5786e-01 5.0793e-02 8.2464e-03 3.0927e-03 1.5359e-03
 1.4440e-03 6.3448e-04 4.7880e-04])=[1.8572e+00 5.2186e-01 5.4648e-02 1.0873e-02 4.6920e-03 2.6044e-03
 2.5308e-03 1.6616e-03 1.2774e-03]
t=127.00fs, sigma_x=-0.001, ne=0.010
boson_N (target(infinite size)=[2.0157e+00 5.5786e-01 5.0793e-02 8.2464e-03 3.0927e-03 1.5359e-03
 1.4440e-03 6.3448e-04 4.7880e-04])=[1.8574e+00 5.2194e-01 5.4621e-02 1.0932e-02 4.6312e-03 2.6745e-03
 2.5859e-03 1.8259e-03 1.5312e-03]
t=128.00fs, sigma_x=-0.001, ne=0.010
boson_N (target(infinite size)=[2.0157e+00 5.5786e-01 5.0793e-02 8.2464e-03 3.0927e-03 1.5359e-03
 1.4440e-03 6.3448e-04 4.7880e-04])=[1.8577e+00 5.2201e-01 5.4591e-02 1.1005e-02 4.5749e-03 2.8230e-03
 2.6299e-03 1.9715e-03 1.8576e-03]
t=129.00fs, sigma_x=-0.000, ne=0.010
boson_N (target(infinite size)=[2.0157e+00 5.5786e-01 5.0793e-02 8.2464e-03 3.0927e-03 1.5359e-03
 1.4440e-03 6.3448e-04 4.7880e-04])=[1.858  0.5221 0.0546 0.0111 0.0045 0.003  0.0027 0.0021 0.0022]
t=130.00fs, sigma_x=-0.000, ne=0.010
boson_N (target(infinite size)=[2.0157e+00 5.5786e-01 5.0793e-02 8.2464e-03 3.0927e-03 1.5359e-03
 1.4440e-03 6.3448e-04 4.7880e-04])=[1.8582 0.5222 0.0545 0.0112 0.0045 0.0033 0.0027 0.0022 0.0026]
t=131.00fs, sigma_x=-0.000, ne=0.010
boson_N (target(infinite size)=[2.0157e+00 5.5786e-01 5.0793e-02 8.2464e-03 3.0927e-03 1.5359e-03
 1.4440e-03 6.3448e-04 4.7880e-04])=[1.8585 0.5222 0.0545 0.0113 0.0045 0.0036 0.0027 0.0022 0.0029]
t=132.00fs, sigma_x=-0.000, ne=0.010
boson_N (target(infinite size)=[2.0157e+00 5.5786e-01 5.0793e-02 8.2464e-03 3.0927e-03 1.5359e-03
 1.4440e-03 6.3448e-04 4.7880e-04])=[1.8588 0.5223 0.0545 0.0114 0.0045 0.0039 0.0027 0.0021 0.0031]
t=133.00fs, sigma_x=-0.000, ne=0.010
boson_N (target(infinite size)=[2.0157e+00 5.5786e-01 5.0793e-02 8.2464e-03 3.0927e-03 1.5359e-03
 1.4440e-03 6.3448e-04 4.7880e-04])=[1.859  0.5224 0.0544 0.0115 0.0045 0.0041 0.0026 0.0021 0.0031]
t=134.00fs, sigma_x=-0.000, ne=0.010
boson_N (target(infinite size)=[2.0157e+00 5.5786e-01 5.0793e-02 8.2464e-03 3.0927e-03 1.5359e-03
 1.4440e-03 6.3448e-04 4.7880e-04])=[1.8593 0.5225 0.0544 0.0116 0.0045 0.0043 0.0026 0.002  0.0031]
t=135.00fs, sigma_x=-0.000, ne=0.010
boson_N (target(infinite size)=[2.0157e+00 5.5786e-01 5.0793e-02 8.2464e-03 3.0927e-03 1.5359e-03
 1.4440e-03 6.3448e-04 4.7880e-04])=[1.8595e+00 5.2257e-01 5.4389e-02 1.1644e-02 4.5224e-03 4.4563e-03
 2.5282e-03 1.8048e-03 2.9469e-03]
t=136.00fs, sigma_x=-0.000, ne=0.010
boson_N (target(infinite size)=[2.0157e+00 5.5786e-01 5.0793e-02 8.2464e-03 3.0927e-03 1.5359e-03
 1.4440e-03 6.3448e-04 4.7880e-04])=[1.8598e+00 5.2265e-01 5.4374e-02 1.1713e-02 4.5723e-03 4.5166e-03
 2.4720e-03 1.6452e-03 2.6912e-03]
t=137.00fs, sigma_x=-0.000, ne=0.010
boson_N (target(infinite size)=[2.0157e+00 5.5786e-01 5.0793e-02 8.2464e-03 3.0927e-03 1.5359e-03
 1.4440e-03 6.3448e-04 4.7880e-04])=[1.8600e+00 5.2273e-01 5.4365e-02 1.1769e-02 4.6325e-03 4.4942e-03
 2.4155e-03 1.4874e-03 2.3689e-03]
t=138.00fs, sigma_x=-0.000, ne=0.010
boson_N (target(infinite size)=[2.0157e+00 5.5786e-01 5.0793e-02 8.2464e-03 3.0927e-03 1.5359e-03
 1.4440e-03 6.3448e-04 4.7880e-04])=[1.8603e+00 5.2281e-01 5.4363e-02 1.1809e-02 4.7000e-03 4.3920e-03
 2.3631e-03 1.3468e-03 2.0203e-03]
t=139.00fs, sigma_x=0.000, ne=0.010
boson_N (target(infinite size)=[2.0157e+00 5.5786e-01 5.0793e-02 8.2464e-03 3.0927e-03 1.5359e-03
 1.4440e-03 6.3448e-04 4.7880e-04])=[1.8605e+00 5.2289e-01 5.4368e-02 1.1833e-02 4.7714e-03 4.2198e-03
 2.3185e-03 1.2369e-03 1.6889e-03]
t=140.00fs, sigma_x=0.000, ne=0.010
boson_N (target(infinite size)=[2.0157e+00 5.5786e-01 5.0793e-02 8.2464e-03 3.0927e-03 1.5359e-03
 1.4440e-03 6.3448e-04 4.7880e-04])=[1.8607e+00 5.2297e-01 5.4380e-02 1.1839e-02 4.8429e-03 3.9936e-03
 2.2852e-03 1.1683e-03 1.4155e-03]
t=141.00fs, sigma_x=0.000, ne=0.010
boson_N (target(infinite size)=[2.0157e+00 5.5786e-01 5.0793e-02 8.2464e-03 3.0927e-03 1.5359e-03
 1.4440e-03 6.3448e-04 4.7880e-04])=[1.8609e+00 5.2306e-01 5.4400e-02 1.1829e-02 4.9109e-03 3.7342e-03
 2.2656e-03 1.1476e-03 1.2338e-03]
t=142.00fs, sigma_x=0.000, ne=0.010
boson_N (target(infinite size)=[2.0157e+00 5.5786e-01 5.0793e-02 8.2464e-03 3.0927e-03 1.5359e-03
 1.4440e-03 6.3448e-04 4.7880e-04])=[1.8612e+00 5.2314e-01 5.4427e-02 1.1803e-02 4.9720e-03 3.4652e-03
 2.2613e-03 1.1767e-03 1.1658e-03]
t=143.00fs, sigma_x=0.000, ne=0.010
boson_N (target(infinite size)=[2.0157e+00 5.5786e-01 5.0793e-02 8.2464e-03 3.0927e-03 1.5359e-03
 1.4440e-03 6.3448e-04 4.7880e-04])=[1.8614e+00 5.2322e-01 5.4462e-02 1.1763e-02 5.0231e-03 3.2107e-03
 2.2728e-03 1.2527e-03 1.2195e-03]
t=144.00fs, sigma_x=0.000, ne=0.010
boson_N (target(infinite size)=[2.0157e+00 5.5786e-01 5.0793e-02 8.2464e-03 3.0927e-03 1.5359e-03
 1.4440e-03 6.3448e-04 4.7880e-04])=[1.8616e+00 5.2330e-01 5.4505e-02 1.1711e-02 5.0619e-03 2.9936e-03
 2.2993e-03 1.3683e-03 1.3877e-03]
t=145.00fs, sigma_x=0.000, ne=0.010
boson_N (target(infinite size)=[2.0157e+00 5.5786e-01 5.0793e-02 8.2464e-03 3.0927e-03 1.5359e-03
 1.4440e-03 6.3448e-04 4.7880e-04])=[1.8618e+00 5.2338e-01 5.4554e-02 1.1650e-02 5.0865e-03 2.8333e-03
 2.3394e-03 1.5122e-03 1.6493e-03]
t=146.00fs, sigma_x=0.000, ne=0.010
boson_N (target(infinite size)=[2.0157e+00 5.5786e-01 5.0793e-02 8.2464e-03 3.0927e-03 1.5359e-03
 1.4440e-03 6.3448e-04 4.7880e-04])=[1.8620e+00 5.2347e-01 5.4610e-02 1.1583e-02 5.0961e-03 2.7438e-03
 2.3902e-03 1.6706e-03 1.9714e-03]
t=147.00fs, sigma_x=0.000, ne=0.010
boson_N (target(infinite size)=[2.0157e+00 5.5786e-01 5.0793e-02 8.2464e-03 3.0927e-03 1.5359e-03
 1.4440e-03 6.3448e-04 4.7880e-04])=[1.8622e+00 5.2355e-01 5.4672e-02 1.1514e-02 5.0904e-03 2.7330e-03
 2.4485e-03 1.8283e-03 2.3141e-03]
t=148.00fs, sigma_x=0.000, ne=0.010
boson_N (target(infinite size)=[2.0157e+00 5.5786e-01 5.0793e-02 8.2464e-03 3.0927e-03 1.5359e-03
 1.4440e-03 6.3448e-04 4.7880e-04])=[1.8624 0.5236 0.0547 0.0114 0.0051 0.0028 0.0025 0.002  0.0026]
t=149.00fs, sigma_x=0.000, ne=0.010
boson_N (target(infinite size)=[2.0157e+00 5.5786e-01 5.0793e-02 8.2464e-03 3.0927e-03 1.5359e-03
 1.4440e-03 6.3448e-04 4.7880e-04])=[1.8626 0.5237 0.0548 0.0114 0.005  0.0029 0.0026 0.0021 0.0029]
t=150.00fs, sigma_x=0.000, ne=0.010
boson_N (target(infinite size)=[2.0157e+00 5.5786e-01 5.0793e-02 8.2464e-03 3.0927e-03 1.5359e-03
 1.4440e-03 6.3448e-04 4.7880e-04])=[1.8628 0.5238 0.0549 0.0113 0.005  0.0031 0.0026 0.0022 0.0031]
t=151.00fs, sigma_x=0.000, ne=0.010
boson_N (target(infinite size)=[2.0157e+00 5.5786e-01 5.0793e-02 8.2464e-03 3.0927e-03 1.5359e-03
 1.4440e-03 6.3448e-04 4.7880e-04])=[1.863  0.5239 0.055  0.0113 0.0049 0.0034 0.0027 0.0022 0.0031]
t=152.00fs, sigma_x=0.000, ne=0.010
boson_N (target(infinite size)=[2.0157e+00 5.5786e-01 5.0793e-02 8.2464e-03 3.0927e-03 1.5359e-03
 1.4440e-03 6.3448e-04 4.7880e-04])=[1.8632 0.524  0.055  0.0112 0.0049 0.0037 0.0027 0.0022 0.0031]
t=153.00fs, sigma_x=0.000, ne=0.010
boson_N (target(infinite size)=[2.0157e+00 5.5786e-01 5.0793e-02 8.2464e-03 3.0927e-03 1.5359e-03
 1.4440e-03 6.3448e-04 4.7880e-04])=[1.8634 0.5241 0.0551 0.0112 0.0048 0.0039 0.0027 0.0021 0.0029]
t=154.00fs, sigma_x=0.000, ne=0.010
boson_N (target(infinite size)=[2.0157e+00 5.5786e-01 5.0793e-02 8.2464e-03 3.0927e-03 1.5359e-03
 1.4440e-03 6.3448e-04 4.7880e-04])=[1.8635 0.5241 0.0552 0.0112 0.0048 0.0042 0.0027 0.002  0.0026]
t=155.00fs, sigma_x=0.000, ne=0.010
boson_N (target(infinite size)=[2.0157e+00 5.5786e-01 5.0793e-02 8.2464e-03 3.0927e-03 1.5359e-03
 1.4440e-03 6.3448e-04 4.7880e-04])=[1.8637e+00 5.2422e-01 5.5288e-02 1.1210e-02 4.7248e-03 4.3402e-03
 2.7398e-03 1.8494e-03 2.2996e-03]
t=156.00fs, sigma_x=0.000, ne=0.010
boson_N (target(infinite size)=[2.0157e+00 5.5786e-01 5.0793e-02 8.2464e-03 3.0927e-03 1.5359e-03
 1.4440e-03 6.3448e-04 4.7880e-04])=[1.8639e+00 5.2431e-01 5.5365e-02 1.1234e-02 4.6845e-03 4.4666e-03
 2.7185e-03 1.6983e-03 1.9675e-03]
t=157.00fs, sigma_x=0.000, ne=0.010
boson_N (target(infinite size)=[2.0157e+00 5.5786e-01 5.0793e-02 8.2464e-03 3.0927e-03 1.5359e-03
 1.4440e-03 6.3448e-04 4.7880e-04])=[1.8641e+00 5.2439e-01 5.5440e-02 1.1273e-02 4.6555e-03 4.5196e-03
 2.6846e-03 1.5468e-03 1.6613e-03]
t=158.00fs, sigma_x=0.000, ne=0.010
boson_N (target(infinite size)=[2.0157e+00 5.5786e-01 5.0793e-02 8.2464e-03 3.0927e-03 1.5359e-03
 1.4440e-03 6.3448e-04 4.7880e-04])=[1.8643e+00 5.2448e-01 5.5510e-02 1.1326e-02 4.6397e-03 4.4953e-03
 2.6406e-03 1.4097e-03 1.4189e-03]
t=159.00fs, sigma_x=0.000, ne=0.010
boson_N (target(infinite size)=[2.0157e+00 5.5786e-01 5.0793e-02 8.2464e-03 3.0927e-03 1.5359e-03
 1.4440e-03 6.3448e-04 4.7880e-04])=[1.8644e+00 5.2456e-01 5.5576e-02 1.1391e-02 4.6381e-03 4.3965e-03
 2.5900e-03 1.3001e-03 1.2700e-03]
t=160.00fs, sigma_x=0.000, ne=0.010
boson_N (target(infinite size)=[2.0157e+00 5.5786e-01 5.0793e-02 8.2464e-03 3.0927e-03 1.5359e-03
 1.4440e-03 6.3448e-04 4.7880e-04])=[1.8646e+00 5.2465e-01 5.5637e-02 1.1465e-02 4.6511e-03 4.2328e-03
 2.5365e-03 1.2287e-03 1.2326e-03]
t=161.00fs, sigma_x=0.000, ne=0.010
boson_N (target(infinite size)=[2.0157e+00 5.5786e-01 5.0793e-02 8.2464e-03 3.0927e-03 1.5359e-03
 1.4440e-03 6.3448e-04 4.7880e-04])=[1.8647e+00 5.2473e-01 5.5691e-02 1.1547e-02 4.6782e-03 4.0194e-03
 2.4841e-03 1.2023e-03 1.3108e-03]
t=162.00fs, sigma_x=0.000, ne=0.010
boson_N (target(infinite size)=[2.0157e+00 5.5786e-01 5.0793e-02 8.2464e-03 3.0927e-03 1.5359e-03
 1.4440e-03 6.3448e-04 4.7880e-04])=[1.8649e+00 5.2482e-01 5.5739e-02 1.1632e-02 4.7181e-03 3.7758e-03
 2.4367e-03 1.2234e-03 1.4945e-03]
t=163.00fs, sigma_x=0.000, ne=0.010
boson_N (target(infinite size)=[2.0157e+00 5.5786e-01 5.0793e-02 8.2464e-03 3.0927e-03 1.5359e-03
 1.4440e-03 6.3448e-04 4.7880e-04])=[1.8651e+00 5.2490e-01 5.5781e-02 1.1719e-02 4.7687e-03 3.5241e-03
 2.3977e-03 1.2898e-03 1.7605e-03]
t=164.00fs, sigma_x=0.000, ne=0.010
boson_N (target(infinite size)=[2.0157e+00 5.5786e-01 5.0793e-02 8.2464e-03 3.0927e-03 1.5359e-03
 1.4440e-03 6.3448e-04 4.7880e-04])=[1.8652e+00 5.2499e-01 5.5815e-02 1.1803e-02 4.8276e-03 3.2870e-03
 2.3702e-03 1.3950e-03 2.0757e-03]
t=165.00fs, sigma_x=0.000, ne=0.010
boson_N (target(infinite size)=[2.0157e+00 5.5786e-01 5.0793e-02 8.2464e-03 3.0927e-03 1.5359e-03
 1.4440e-03 6.3448e-04 4.7880e-04])=[1.8654e+00 5.2507e-01 5.5842e-02 1.1882e-02 4.8916e-03 3.0857e-03
 2.3562e-03 1.5290e-03 2.4010e-03]
t=166.00fs, sigma_x=0.000, ne=0.010
boson_N (target(infinite size)=[2.0157e+00 5.5786e-01 5.0793e-02 8.2464e-03 3.0927e-03 1.5359e-03
 1.4440e-03 6.3448e-04 4.7880e-04])=[1.8655e+00 5.2516e-01 5.5862e-02 1.1953e-02 4.9575e-03 2.9381e-03
 2.3568e-03 1.6787e-03 2.6962e-03]
t=167.00fs, sigma_x=0.000, ne=0.010
boson_N (target(infinite size)=[2.0157e+00 5.5786e-01 5.0793e-02 8.2464e-03 3.0927e-03 1.5359e-03
 1.4440e-03 6.3448e-04 4.7880e-04])=[1.8657e+00 5.2524e-01 5.5874e-02 1.2014e-02 5.0219e-03 2.8572e-03
 2.3721e-03 1.8298e-03 2.9252e-03]
t=168.00fs, sigma_x=0.000, ne=0.010
boson_N (target(infinite size)=[2.0157e+00 5.5786e-01 5.0793e-02 8.2464e-03 3.0927e-03 1.5359e-03
 1.4440e-03 6.3448e-04 4.7880e-04])=[1.8658 0.5253 0.0559 0.0121 0.0051 0.0029 0.0024 0.002  0.0031]
t=169.00fs, sigma_x=0.000, ne=0.010
boson_N (target(infinite size)=[2.0157e+00 5.5786e-01 5.0793e-02 8.2464e-03 3.0927e-03 1.5359e-03
 1.4440e-03 6.3448e-04 4.7880e-04])=[1.8659 0.5254 0.0559 0.0121 0.0051 0.0029 0.0024 0.0021 0.0031]
t=170.00fs, sigma_x=-0.000, ne=0.010
boson_N (target(infinite size)=[2.0157e+00 5.5786e-01 5.0793e-02 8.2464e-03 3.0927e-03 1.5359e-03
 1.4440e-03 6.3448e-04 4.7880e-04])=[1.8661 0.5255 0.0559 0.0121 0.0052 0.0031 0.0025 0.0022 0.003 ]
t=171.00fs, sigma_x=-0.000, ne=0.010
boson_N (target(infinite size)=[2.0157e+00 5.5786e-01 5.0793e-02 8.2464e-03 3.0927e-03 1.5359e-03
 1.4440e-03 6.3448e-04 4.7880e-04])=[1.8662 0.5256 0.0559 0.0121 0.0052 0.0032 0.0025 0.0022 0.0028]
t=172.00fs, sigma_x=-0.000, ne=0.010
boson_N (target(infinite size)=[2.0157e+00 5.5786e-01 5.0793e-02 8.2464e-03 3.0927e-03 1.5359e-03
 1.4440e-03 6.3448e-04 4.7880e-04])=[1.8664 0.5257 0.0558 0.0121 0.0052 0.0035 0.0026 0.0022 0.0025]
t=173.00fs, sigma_x=-0.000, ne=0.010
boson_N (target(infinite size)=[2.0157e+00 5.5786e-01 5.0793e-02 8.2464e-03 3.0927e-03 1.5359e-03
 1.4440e-03 6.3448e-04 4.7880e-04])=[1.8665 0.5257 0.0558 0.0121 0.0052 0.0037 0.0027 0.0021 0.0022]
t=174.00fs, sigma_x=-0.000, ne=0.010
boson_N (target(infinite size)=[2.0157e+00 5.5786e-01 5.0793e-02 8.2464e-03 3.0927e-03 1.5359e-03
 1.4440e-03 6.3448e-04 4.7880e-04])=[1.8666 0.5258 0.0558 0.012  0.0052 0.004  0.0027 0.002  0.0019]
t=175.00fs, sigma_x=-0.000, ne=0.010
boson_N (target(infinite size)=[2.0157e+00 5.5786e-01 5.0793e-02 8.2464e-03 3.0927e-03 1.5359e-03
 1.4440e-03 6.3448e-04 4.7880e-04])=[1.8667e+00 5.2590e-01 5.5770e-02 1.2000e-02 5.1839e-03 4.1820e-03
 2.7567e-03 1.8893e-03 1.6404e-03]
t=176.00fs, sigma_x=-0.000, ne=0.010
boson_N (target(infinite size)=[2.0157e+00 5.5786e-01 5.0793e-02 8.2464e-03 3.0927e-03 1.5359e-03
 1.4440e-03 6.3448e-04 4.7880e-04])=[1.8669e+00 5.2598e-01 5.5742e-02 1.1944e-02 5.1480e-03 4.3565e-03
 2.7875e-03 1.7465e-03 1.4284e-03]
t=177.00fs, sigma_x=-0.000, ne=0.010
boson_N (target(infinite size)=[2.0157e+00 5.5786e-01 5.0793e-02 8.2464e-03 3.0927e-03 1.5359e-03
 1.4440e-03 6.3448e-04 4.7880e-04])=[1.8670e+00 5.2606e-01 5.5712e-02 1.1883e-02 5.1035e-03 4.4718e-03
 2.8049e-03 1.6014e-03 1.3107e-03]
t=178.00fs, sigma_x=-0.000, ne=0.010
boson_N (target(infinite size)=[2.0157e+00 5.5786e-01 5.0793e-02 8.2464e-03 3.0927e-03 1.5359e-03
 1.4440e-03 6.3448e-04 4.7880e-04])=[1.8671e+00 5.2614e-01 5.5683e-02 1.1820e-02 5.0532e-03 4.5181e-03
 2.8081e-03 1.4680e-03 1.3014e-03]
t=179.00fs, sigma_x=-0.000, ne=0.010
boson_N (target(infinite size)=[2.0157e+00 5.5786e-01 5.0793e-02 8.2464e-03 3.0927e-03 1.5359e-03
 1.4440e-03 6.3448e-04 4.7880e-04])=[1.8672e+00 5.2622e-01 5.5654e-02 1.1758e-02 5.0003e-03 4.4922e-03
 2.7971e-03 1.3592e-03 1.4011e-03]
t=180.00fs, sigma_x=-0.000, ne=0.010
boson_N (target(infinite size)=[2.0157e+00 5.5786e-01 5.0793e-02 8.2464e-03 3.0927e-03 1.5359e-03
 1.4440e-03 6.3448e-04 4.7880e-04])=[1.8673e+00 5.2630e-01 5.5628e-02 1.1699e-02 4.9479e-03 4.3969e-03
 2.7729e-03 1.2856e-03 1.5970e-03]
t=181.00fs, sigma_x=-0.000, ne=0.010
boson_N (target(infinite size)=[2.0157e+00 5.5786e-01 5.0793e-02 8.2464e-03 3.0927e-03 1.5359e-03
 1.4440e-03 6.3448e-04 4.7880e-04])=[1.8675e+00 5.2638e-01 5.5603e-02 1.1646e-02 4.8992e-03 4.2414e-03
 2.7375e-03 1.2541e-03 1.8646e-03]
t=182.00fs, sigma_x=-0.000, ne=0.010
boson_N (target(infinite size)=[2.0157e+00 5.5786e-01 5.0793e-02 8.2464e-03 3.0927e-03 1.5359e-03
 1.4440e-03 6.3448e-04 4.7880e-04])=[1.8676e+00 5.2645e-01 5.5583e-02 1.1602e-02 4.8574e-03 4.0402e-03
 2.6937e-03 1.2678e-03 2.1704e-03]
t=183.00fs, sigma_x=-0.000, ne=0.010
boson_N (target(infinite size)=[2.0157e+00 5.5786e-01 5.0793e-02 8.2464e-03 3.0927e-03 1.5359e-03
 1.4440e-03 6.3448e-04 4.7880e-04])=[1.8677e+00 5.2653e-01 5.5566e-02 1.1569e-02 4.8248e-03 3.8115e-03
 2.6447e-03 1.3251e-03 2.4766e-03]
t=184.00fs, sigma_x=-0.000, ne=0.010
boson_N (target(infinite size)=[2.0157e+00 5.5786e-01 5.0793e-02 8.2464e-03 3.0927e-03 1.5359e-03
 1.4440e-03 6.3448e-04 4.7880e-04])=[1.8678e+00 5.2660e-01 5.5554e-02 1.1548e-02 4.8035e-03 3.5763e-03
 2.5942e-03 1.4206e-03 2.7455e-03]
t=185.00fs, sigma_x=-0.000, ne=0.010
boson_N (target(infinite size)=[2.0157e+00 5.5786e-01 5.0793e-02 8.2464e-03 3.0927e-03 1.5359e-03
 1.4440e-03 6.3448e-04 4.7880e-04])=[1.8679e+00 5.2668e-01 5.5547e-02 1.1541e-02 4.7950e-03 3.3555e-03
 2.5460e-03 1.5448e-03 2.9441e-03]
t=186.00fs, sigma_x=-0.000, ne=0.010
boson_N (target(infinite size)=[2.0157e+00 5.5786e-01 5.0793e-02 8.2464e-03 3.0927e-03 1.5359e-03
 1.4440e-03 6.3448e-04 4.7880e-04])=[1.8680e+00 5.2675e-01 5.5546e-02 1.1548e-02 4.7999e-03 3.1690e-03
 2.5036e-03 1.6860e-03 3.0485e-03]
t=187.00fs, sigma_x=-0.000, ne=0.010
boson_N (target(infinite size)=[2.0157e+00 5.5786e-01 5.0793e-02 8.2464e-03 3.0927e-03 1.5359e-03
 1.4440e-03 6.3448e-04 4.7880e-04])=[1.8681e+00 5.2683e-01 5.5550e-02 1.1569e-02 4.8180e-03 3.0333e-03
 2.4702e-03 1.8304e-03 3.0463e-03]
t=188.00fs, sigma_x=-0.000, ne=0.010
boson_N (target(infinite size)=[2.0157e+00 5.5786e-01 5.0793e-02 8.2464e-03 3.0927e-03 1.5359e-03
 1.4440e-03 6.3448e-04 4.7880e-04])=[1.8682 0.5269 0.0556 0.0116 0.0048 0.003  0.0024 0.002  0.0029]
t=189.00fs, sigma_x=-0.000, ne=0.010
boson_N (target(infinite size)=[2.0157e+00 5.5786e-01 5.0793e-02 8.2464e-03 3.0927e-03 1.5359e-03
 1.4440e-03 6.3448e-04 4.7880e-04])=[1.8683 0.527  0.0556 0.0116 0.0049 0.003  0.0024 0.0021 0.0027]
t=190.00fs, sigma_x=-0.000, ne=0.010
boson_N (target(infinite size)=[2.0157e+00 5.5786e-01 5.0793e-02 8.2464e-03 3.0927e-03 1.5359e-03
 1.4440e-03 6.3448e-04 4.7880e-04])=[1.8684 0.527  0.0556 0.0117 0.0049 0.003  0.0024 0.0022 0.0025]
t=191.00fs, sigma_x=-0.000, ne=0.010
boson_N (target(infinite size)=[2.0157e+00 5.5786e-01 5.0793e-02 8.2464e-03 3.0927e-03 1.5359e-03
 1.4440e-03 6.3448e-04 4.7880e-04])=[1.8685 0.5271 0.0556 0.0118 0.005  0.0032 0.0025 0.0022 0.0022]
t=192.00fs, sigma_x=-0.000, ne=0.010
boson_N (target(infinite size)=[2.0157e+00 5.5786e-01 5.0793e-02 8.2464e-03 3.0927e-03 1.5359e-03
 1.4440e-03 6.3448e-04 4.7880e-04])=[1.8686 0.5272 0.0557 0.0118 0.0051 0.0033 0.0025 0.0022 0.0019]
t=193.00fs, sigma_x=-0.000, ne=0.010
boson_N (target(infinite size)=[2.0157e+00 5.5786e-01 5.0793e-02 8.2464e-03 3.0927e-03 1.5359e-03
 1.4440e-03 6.3448e-04 4.7880e-04])=[1.8687e+00 5.2724e-01 5.5702e-02 1.1921e-02 5.1171e-03 3.5454e-03
 2.5353e-03 2.1298e-03 1.6259e-03]
t=194.00fs, sigma_x=-0.000, ne=0.010
boson_N (target(infinite size)=[2.0157e+00 5.5786e-01 5.0793e-02 8.2464e-03 3.0927e-03 1.5359e-03
 1.4440e-03 6.3448e-04 4.7880e-04])=[1.8688e+00 5.2730e-01 5.5746e-02 1.1997e-02 5.1743e-03 3.7768e-03
 2.5844e-03 2.0415e-03 1.4435e-03]
t=195.00fs, sigma_x=-0.000, ne=0.010
boson_N (target(infinite size)=[2.0157e+00 5.5786e-01 5.0793e-02 8.2464e-03 3.0927e-03 1.5359e-03
 1.4440e-03 6.3448e-04 4.7880e-04])=[1.8689e+00 5.2737e-01 5.5794e-02 1.2072e-02 5.2257e-03 4.0038e-03
 2.6380e-03 1.9243e-03 1.3552e-03]
t=196.00fs, sigma_x=-0.000, ne=0.010
boson_N (target(infinite size)=[2.0157e+00 5.5786e-01 5.0793e-02 8.2464e-03 3.0927e-03 1.5359e-03
 1.4440e-03 6.3448e-04 4.7880e-04])=[1.8690e+00 5.2743e-01 5.5846e-02 1.2141e-02 5.2686e-03 4.2066e-03
 2.6923e-03 1.7899e-03 1.3714e-03]
t=197.00fs, sigma_x=-0.000, ne=0.010
boson_N (target(infinite size)=[2.0157e+00 5.5786e-01 5.0793e-02 8.2464e-03 3.0927e-03 1.5359e-03
 1.4440e-03 6.3448e-04 4.7880e-04])=[1.8690e+00 5.2749e-01 5.5902e-02 1.2203e-02 5.3011e-03 4.3674e-03
 2.7439e-03 1.6512e-03 1.4896e-03]
t=198.00fs, sigma_x=-0.000, ne=0.010
boson_N (target(infinite size)=[2.0157e+00 5.5786e-01 5.0793e-02 8.2464e-03 3.0927e-03 1.5359e-03
 1.4440e-03 6.3448e-04 4.7880e-04])=[1.8691e+00 5.2755e-01 5.5959e-02 1.2256e-02 5.3217e-03 4.4724e-03
 2.7893e-03 1.5219e-03 1.6948e-03]
t=199.00fs, sigma_x=-0.000, ne=0.010
boson_N (target(infinite size)=[2.0157e+00 5.5786e-01 5.0793e-02 8.2464e-03 3.0927e-03 1.5359e-03
 1.4440e-03 6.3448e-04 4.7880e-04])=[1.8692e+00 5.2761e-01 5.6018e-02 1.2298e-02 5.3294e-03 4.5128e-03
 2.8256e-03 1.4144e-03 1.9612e-03]
