total number of states: 9216
omega: [ 15.8227  40.3352 118.9888 188.7684 227.0868 254.5149 256.935  289.2031
 300.2541]
coupling: [15.2273 14.9691 29.815  37.5532 34.2713 79.4587 33.6455 58.8424 93.808 ]
occupation number: [2.0157e+00 5.5786e-01 5.0793e-02 8.2464e-03 3.0927e-03 1.5359e-03
 1.4440e-03 6.3448e-04 4.7880e-04]
t=0.00fs, sigma_x=1.000, ne=0.010
boson_N (target(infinite size)=[2.0157e+00 5.5786e-01 5.0793e-02 8.2464e-03 3.0927e-03 1.5359e-03
 1.4440e-03 6.3448e-04 4.7880e-04])=[1.7695e+00 4.9099e-01 4.6110e-02 8.1129e-03 3.0738e-03 1.5313e-03
 1.4399e-03 6.3372e-04 4.7838e-04]
t=1.00fs, sigma_x=0.988, ne=0.010
boson_N (target(infinite size)=[2.0157e+00 5.5786e-01 5.0793e-02 8.2464e-03 3.0927e-03 1.5359e-03
 1.4440e-03 6.3448e-04 4.7880e-04])=[1.7706e+00 4.9144e-01 4.6218e-02 8.1573e-03 3.0998e-03 1.6032e-03
 1.4590e-03 6.7264e-04 5.7038e-04]
t=2.00fs, sigma_x=0.952, ne=0.010
boson_N (target(infinite size)=[2.0157e+00 5.5786e-01 5.0793e-02 8.2464e-03 3.0927e-03 1.5359e-03
 1.4440e-03 6.3448e-04 4.7880e-04])=[1.7718e+00 4.9189e-01 4.6343e-02 8.2290e-03 3.1487e-03 1.7952e-03
 1.5000e-03 7.7734e-04 8.2683e-04]
t=3.00fs, sigma_x=0.898, ne=0.010
boson_N (target(infinite size)=[2.0157e+00 5.5786e-01 5.0793e-02 8.2464e-03 3.0927e-03 1.5359e-03
 1.4440e-03 6.3448e-04 4.7880e-04])=[1.7729e+00 4.9235e-01 4.6483e-02 8.3264e-03 3.2184e-03 2.0918e-03
 1.5606e-03 9.3862e-04 1.2177e-03]
t=4.00fs, sigma_x=0.831, ne=0.010
boson_N (target(infinite size)=[2.0157e+00 5.5786e-01 5.0793e-02 8.2464e-03 3.0927e-03 1.5359e-03
 1.4440e-03 6.3448e-04 4.7880e-04])=[1.7740e+00 4.9280e-01 4.6638e-02 8.4469e-03 3.3062e-03 2.4679e-03
 1.6372e-03 1.1417e-03 1.6961e-03]
t=5.00fs, sigma_x=0.756, ne=0.010
boson_N (target(infinite size)=[2.0157e+00 5.5786e-01 5.0793e-02 8.2464e-03 3.0927e-03 1.5359e-03
 1.4440e-03 6.3448e-04 4.7880e-04])=[1.7751e+00 4.9327e-01 4.6808e-02 8.5869e-03 3.4079e-03 2.8912e-03
 1.7253e-03 1.3678e-03 2.2040e-03]
t=6.00fs, sigma_x=0.678, ne=0.010
boson_N (target(infinite size)=[2.0157e+00 5.5786e-01 5.0793e-02 8.2464e-03 3.0927e-03 1.5359e-03
 1.4440e-03 6.3448e-04 4.7880e-04])=[1.7763e+00 4.9374e-01 4.6990e-02 8.7421e-03 3.5189e-03 3.3253e-03
 1.8192e-03 1.5957e-03 2.6792e-03]
t=7.00fs, sigma_x=0.600, ne=0.010
boson_N (target(infinite size)=[2.0157e+00 5.5786e-01 5.0793e-02 8.2464e-03 3.0927e-03 1.5359e-03
 1.4440e-03 6.3448e-04 4.7880e-04])=[1.7774 0.4942 0.0472 0.0089 0.0036 0.0037 0.0019 0.0018 0.0031]
t=8.00fs, sigma_x=0.525, ne=0.010
boson_N (target(infinite size)=[2.0157e+00 5.5786e-01 5.0793e-02 8.2464e-03 3.0927e-03 1.5359e-03
 1.4440e-03 6.3448e-04 4.7880e-04])=[1.7785 0.4947 0.0474 0.0091 0.0037 0.0041 0.002  0.002  0.0033]
t=9.00fs, sigma_x=0.452, ne=0.010
boson_N (target(infinite size)=[2.0157e+00 5.5786e-01 5.0793e-02 8.2464e-03 3.0927e-03 1.5359e-03
 1.4440e-03 6.3448e-04 4.7880e-04])=[1.7797 0.4952 0.0476 0.0092 0.0039 0.0043 0.0021 0.0021 0.0034]
t=10.00fs, sigma_x=0.382, ne=0.010
boson_N (target(infinite size)=[2.0157e+00 5.5786e-01 5.0793e-02 8.2464e-03 3.0927e-03 1.5359e-03
 1.4440e-03 6.3448e-04 4.7880e-04])=[1.7808 0.4956 0.0478 0.0094 0.0039 0.0045 0.0021 0.0021 0.0033]
t=11.00fs, sigma_x=0.315, ne=0.010
boson_N (target(infinite size)=[2.0157e+00 5.5786e-01 5.0793e-02 8.2464e-03 3.0927e-03 1.5359e-03
 1.4440e-03 6.3448e-04 4.7880e-04])=[1.7819 0.4961 0.048  0.0096 0.004  0.0045 0.0022 0.0021 0.003 ]
t=12.00fs, sigma_x=0.251, ne=0.010
boson_N (target(infinite size)=[2.0157e+00 5.5786e-01 5.0793e-02 8.2464e-03 3.0927e-03 1.5359e-03
 1.4440e-03 6.3448e-04 4.7880e-04])=[1.7831 0.4966 0.0483 0.0097 0.0041 0.0044 0.0022 0.002  0.0026]
t=13.00fs, sigma_x=0.190, ne=0.010
boson_N (target(infinite size)=[2.0157e+00 5.5786e-01 5.0793e-02 8.2464e-03 3.0927e-03 1.5359e-03
 1.4440e-03 6.3448e-04 4.7880e-04])=[1.7842 0.4971 0.0485 0.0098 0.0041 0.0041 0.0022 0.0019 0.0021]
t=14.00fs, sigma_x=0.135, ne=0.010
boson_N (target(infinite size)=[2.0157e+00 5.5786e-01 5.0793e-02 8.2464e-03 3.0927e-03 1.5359e-03
 1.4440e-03 6.3448e-04 4.7880e-04])=[1.7854e+00 4.9760e-01 4.8712e-02 9.8918e-03 4.1253e-03 3.8030e-03
 2.1589e-03 1.6746e-03 1.6326e-03]
t=15.00fs, sigma_x=0.084, ne=0.010
boson_N (target(infinite size)=[2.0157e+00 5.5786e-01 5.0793e-02 8.2464e-03 3.0927e-03 1.5359e-03
 1.4440e-03 6.3448e-04 4.7880e-04])=[1.7866e+00 4.9810e-01 4.8929e-02 9.9527e-03 4.1122e-03 3.4120e-03
 2.1112e-03 1.4555e-03 1.1694e-03]
t=16.00fs, sigma_x=0.040, ne=0.010
boson_N (target(infinite size)=[2.0157e+00 5.5786e-01 5.0793e-02 8.2464e-03 3.0927e-03 1.5359e-03
 1.4440e-03 6.3448e-04 4.7880e-04])=[1.7877e+00 4.9860e-01 4.9141e-02 9.9856e-03 4.0771e-03 2.9921e-03
 2.0478e-03 1.2332e-03 8.0638e-04]
t=17.00fs, sigma_x=0.003, ne=0.010
boson_N (target(infinite size)=[2.0157e+00 5.5786e-01 5.0793e-02 8.2464e-03 3.0927e-03 1.5359e-03
 1.4440e-03 6.3448e-04 4.7880e-04])=[1.7889e+00 4.9911e-01 4.9343e-02 9.9904e-03 4.0228e-03 2.5819e-03
 1.9736e-03 1.0298e-03 5.9035e-04]
t=18.00fs, sigma_x=-0.027, ne=0.010
boson_N (target(infinite size)=[2.0157e+00 5.5786e-01 5.0793e-02 8.2464e-03 3.0927e-03 1.5359e-03
 1.4440e-03 6.3448e-04 4.7880e-04])=[1.7900e+00 4.9961e-01 4.9536e-02 9.9680e-03 3.9531e-03 2.2191e-03
 1.8945e-03 8.6589e-04 5.5008e-04]
t=19.00fs, sigma_x=-0.052, ne=0.010
boson_N (target(infinite size)=[2.0157e+00 5.5786e-01 5.0793e-02 8.2464e-03 3.0927e-03 1.5359e-03
 1.4440e-03 6.3448e-04 4.7880e-04])=[1.7912e+00 5.0012e-01 4.9717e-02 9.9208e-03 3.8727e-03 1.9378e-03
 1.8166e-03 7.5812e-04 6.9266e-04]
t=20.00fs, sigma_x=-0.073, ne=0.010
boson_N (target(infinite size)=[2.0157e+00 5.5786e-01 5.0793e-02 8.2464e-03 3.0927e-03 1.5359e-03
 1.4440e-03 6.3448e-04 4.7880e-04])=[1.7924e+00 5.0064e-01 4.9885e-02 9.8519e-03 3.7871e-03 1.7647e-03
 1.7461e-03 7.1795e-04 1.0025e-03]
t=21.00fs, sigma_x=-0.092, ne=0.010
boson_N (target(infinite size)=[2.0157e+00 5.5786e-01 5.0793e-02 8.2464e-03 3.0927e-03 1.5359e-03
 1.4440e-03 6.3448e-04 4.7880e-04])=[1.7936e+00 5.0115e-01 5.0039e-02 9.7654e-03 3.7018e-03 1.7169e-03
 1.6886e-03 7.5031e-04 1.4432e-03]
t=22.00fs, sigma_x=-0.110, ne=0.010
boson_N (target(infinite size)=[2.0157e+00 5.5786e-01 5.0793e-02 8.2464e-03 3.0927e-03 1.5359e-03
 1.4440e-03 6.3448e-04 4.7880e-04])=[1.7947e+00 5.0167e-01 5.0177e-02 9.6663e-03 3.6227e-03 1.8005e-03
 1.6488e-03 8.5315e-04 1.9617e-03]
t=23.00fs, sigma_x=-0.130, ne=0.010
boson_N (target(infinite size)=[2.0157e+00 5.5786e-01 5.0793e-02 8.2464e-03 3.0927e-03 1.5359e-03
 1.4440e-03 6.3448e-04 4.7880e-04])=[1.7959e+00 5.0219e-01 5.0300e-02 9.5599e-03 3.5551e-03 2.0098e-03
 1.6303e-03 1.0176e-03 2.4951e-03]
t=24.00fs, sigma_x=-0.152, ne=0.010
boson_N (target(infinite size)=[2.0157e+00 5.5786e-01 5.0793e-02 8.2464e-03 3.0927e-03 1.5359e-03
 1.4440e-03 6.3448e-04 4.7880e-04])=[1.7971e+00 5.0271e-01 5.0406e-02 9.4520e-03 3.5037e-03 2.3279e-03
 1.6353e-03 1.2287e-03 2.9782e-03]
t=25.00fs, sigma_x=-0.175, ne=0.010
boson_N (target(infinite size)=[2.0157e+00 5.5786e-01 5.0793e-02 8.2464e-03 3.0927e-03 1.5359e-03
 1.4440e-03 6.3448e-04 4.7880e-04])=[1.7983e+00 5.0323e-01 5.0496e-02 9.3484e-03 3.4724e-03 2.7281e-03
 1.6640e-03 1.4670e-03 3.3518e-03]
t=26.00fs, sigma_x=-0.199, ne=0.010
boson_N (target(infinite size)=[2.0157e+00 5.5786e-01 5.0793e-02 8.2464e-03 3.0927e-03 1.5359e-03
 1.4440e-03 6.3448e-04 4.7880e-04])=[1.7995e+00 5.0376e-01 5.0570e-02 9.2547e-03 3.4641e-03 3.1762e-03
 1.7153e-03 1.7101e-03 3.5698e-03]
t=27.00fs, sigma_x=-0.221, ne=0.010
boson_N (target(infinite size)=[2.0157e+00 5.5786e-01 5.0793e-02 8.2464e-03 3.0927e-03 1.5359e-03
 1.4440e-03 6.3448e-04 4.7880e-04])=[1.8007e+00 5.0428e-01 5.0629e-02 9.1764e-03 3.4802e-03 3.6334e-03
 1.7864e-03 1.9354e-03 3.6053e-03]
t=28.00fs, sigma_x=-0.242, ne=0.010
boson_N (target(infinite size)=[2.0157e+00 5.5786e-01 5.0793e-02 8.2464e-03 3.0927e-03 1.5359e-03
 1.4440e-03 6.3448e-04 4.7880e-04])=[1.8019 0.5048 0.0507 0.0091 0.0035 0.0041 0.0019 0.0021 0.0035]
t=29.00fs, sigma_x=-0.260, ne=0.010
boson_N (target(infinite size)=[2.0157e+00 5.5786e-01 5.0793e-02 8.2464e-03 3.0927e-03 1.5359e-03
 1.4440e-03 6.3448e-04 4.7880e-04])=[1.8031 0.5053 0.0507 0.0091 0.0036 0.0044 0.002  0.0023 0.0031]
t=30.00fs, sigma_x=-0.275, ne=0.010
boson_N (target(infinite size)=[2.0157e+00 5.5786e-01 5.0793e-02 8.2464e-03 3.0927e-03 1.5359e-03
 1.4440e-03 6.3448e-04 4.7880e-04])=[1.8043 0.5059 0.0507 0.0091 0.0037 0.0047 0.0021 0.0023 0.0027]
t=31.00fs, sigma_x=-0.287, ne=0.010
boson_N (target(infinite size)=[2.0157e+00 5.5786e-01 5.0793e-02 8.2464e-03 3.0927e-03 1.5359e-03
 1.4440e-03 6.3448e-04 4.7880e-04])=[1.8055 0.5064 0.0507 0.0091 0.0038 0.0048 0.0022 0.0023 0.0022]
t=32.00fs, sigma_x=-0.296, ne=0.010
boson_N (target(infinite size)=[2.0157e+00 5.5786e-01 5.0793e-02 8.2464e-03 3.0927e-03 1.5359e-03
 1.4440e-03 6.3448e-04 4.7880e-04])=[1.8067e+00 5.0693e-01 5.0724e-02 9.1464e-03 3.8861e-03 4.8229e-03
 2.2601e-03 2.2090e-03 1.6389e-03]
t=33.00fs, sigma_x=-0.301, ne=0.010
boson_N (target(infinite size)=[2.0157e+00 5.5786e-01 5.0793e-02 8.2464e-03 3.0927e-03 1.5359e-03
 1.4440e-03 6.3448e-04 4.7880e-04])=[1.8079e+00 5.0746e-01 5.0714e-02 9.2252e-03 4.0075e-03 4.6949e-03
 2.3362e-03 2.0575e-03 1.1717e-03]
t=34.00fs, sigma_x=-0.304, ne=0.010
boson_N (target(infinite size)=[2.0157e+00 5.5786e-01 5.0793e-02 8.2464e-03 3.0927e-03 1.5359e-03
 1.4440e-03 6.3448e-04 4.7880e-04])=[1.8091e+00 5.0800e-01 5.0699e-02 9.3310e-03 4.1301e-03 4.4456e-03
 2.3933e-03 1.8567e-03 8.2405e-04]
t=35.00fs, sigma_x=-0.302, ne=0.010
boson_N (target(infinite size)=[2.0157e+00 5.5786e-01 5.0793e-02 8.2464e-03 3.0927e-03 1.5359e-03
 1.4440e-03 6.3448e-04 4.7880e-04])=[1.8103e+00 5.0853e-01 5.0680e-02 9.4611e-03 4.2480e-03 4.0981e-03
 2.4281e-03 1.6266e-03 6.4101e-04]
t=36.00fs, sigma_x=-0.297, ne=0.010
boson_N (target(infinite size)=[2.0157e+00 5.5786e-01 5.0793e-02 8.2464e-03 3.0927e-03 1.5359e-03
 1.4440e-03 6.3448e-04 4.7880e-04])=[1.8116e+00 5.0906e-01 5.0661e-02 9.6115e-03 4.3555e-03 3.6842e-03
 2.4387e-03 1.3900e-03 6.4762e-04]
t=37.00fs, sigma_x=-0.288, ne=0.010
boson_N (target(infinite size)=[2.0157e+00 5.5786e-01 5.0793e-02 8.2464e-03 3.0927e-03 1.5359e-03
 1.4440e-03 6.3448e-04 4.7880e-04])=[1.8128e+00 5.0960e-01 5.0643e-02 9.7777e-03 4.4476e-03 3.2418e-03
 2.4248e-03 1.1705e-03 8.4544e-04]
t=38.00fs, sigma_x=-0.275, ne=0.010
boson_N (target(infinite size)=[2.0157e+00 5.5786e-01 5.0793e-02 8.2464e-03 3.0927e-03 1.5359e-03
 1.4440e-03 6.3448e-04 4.7880e-04])=[1.8140e+00 5.1013e-01 5.0628e-02 9.9543e-03 4.5199e-03 2.8117e-03
 2.3880e-03 9.9015e-04 1.2123e-03]
t=39.00fs, sigma_x=-0.258, ne=0.010
boson_N (target(infinite size)=[2.0157e+00 5.5786e-01 5.0793e-02 8.2464e-03 3.0927e-03 1.5359e-03
 1.4440e-03 6.3448e-04 4.7880e-04])=[1.8152e+00 5.1066e-01 5.0618e-02 1.0136e-02 4.5694e-03 2.4338e-03
 2.3316e-03 8.6753e-04 1.7048e-03]
t=40.00fs, sigma_x=-0.238, ne=0.010
boson_N (target(infinite size)=[2.0157e+00 5.5786e-01 5.0793e-02 8.2464e-03 3.0927e-03 1.5359e-03
 1.4440e-03 6.3448e-04 4.7880e-04])=[1.8165e+00 5.1119e-01 5.0616e-02 1.0315e-02 4.5940e-03 2.1435e-03
 2.2600e-03 8.1559e-04 2.2638e-03]
t=41.00fs, sigma_x=-0.215, ne=0.010
boson_N (target(infinite size)=[2.0157e+00 5.5786e-01 5.0793e-02 8.2464e-03 3.0927e-03 1.5359e-03
 1.4440e-03 6.3448e-04 4.7880e-04])=[1.8177e+00 5.1172e-01 5.0623e-02 1.0488e-02 4.5933e-03 1.9685e-03
 2.1789e-03 8.4057e-04 2.8214e-03]
t=42.00fs, sigma_x=-0.191, ne=0.010
boson_N (target(infinite size)=[2.0157e+00 5.5786e-01 5.0793e-02 8.2464e-03 3.0927e-03 1.5359e-03
 1.4440e-03 6.3448e-04 4.7880e-04])=[1.8189e+00 5.1225e-01 5.0642e-02 1.0647e-02 4.5682e-03 1.9264e-03
 2.0947e-03 9.4128e-04 3.3095e-03]
t=43.00fs, sigma_x=-0.167, ne=0.010
boson_N (target(infinite size)=[2.0157e+00 5.5786e-01 5.0793e-02 8.2464e-03 3.0927e-03 1.5359e-03
 1.4440e-03 6.3448e-04 4.7880e-04])=[1.8202e+00 5.1278e-01 5.0674e-02 1.0789e-02 4.5209e-03 2.0231e-03
 2.0140e-03 1.1092e-03 3.6681e-03]
t=44.00fs, sigma_x=-0.144, ne=0.010
boson_N (target(infinite size)=[2.0157e+00 5.5786e-01 5.0793e-02 8.2464e-03 3.0927e-03 1.5359e-03
 1.4440e-03 6.3448e-04 4.7880e-04])=[1.8214e+00 5.1331e-01 5.0719e-02 1.0908e-02 4.4551e-03 2.2520e-03
 1.9433e-03 1.3293e-03 3.8532e-03]
t=45.00fs, sigma_x=-0.122, ne=0.010
boson_N (target(infinite size)=[2.0157e+00 5.5786e-01 5.0793e-02 8.2464e-03 3.0927e-03 1.5359e-03
 1.4440e-03 6.3448e-04 4.7880e-04])=[1.8226e+00 5.1383e-01 5.0780e-02 1.1001e-02 4.3752e-03 2.5946e-03
 1.8882e-03 1.5813e-03 3.8418e-03]
t=46.00fs, sigma_x=-0.101, ne=0.010
boson_N (target(infinite size)=[2.0157e+00 5.5786e-01 5.0793e-02 8.2464e-03 3.0927e-03 1.5359e-03
 1.4440e-03 6.3448e-04 4.7880e-04])=[1.8239 0.5144 0.0509 0.0111 0.0043 0.003  0.0019 0.0018 0.0036]
t=47.00fs, sigma_x=-0.082, ne=0.010
boson_N (target(infinite size)=[2.0157e+00 5.5786e-01 5.0793e-02 8.2464e-03 3.0927e-03 1.5359e-03
 1.4440e-03 6.3448e-04 4.7880e-04])=[1.8251 0.5149 0.051  0.0111 0.0042 0.0035 0.0018 0.0021 0.0033]
t=48.00fs, sigma_x=-0.064, ne=0.010
boson_N (target(infinite size)=[2.0157e+00 5.5786e-01 5.0793e-02 8.2464e-03 3.0927e-03 1.5359e-03
 1.4440e-03 6.3448e-04 4.7880e-04])=[1.8264 0.5154 0.0511 0.0111 0.0041 0.004  0.0019 0.0023 0.0028]
t=49.00fs, sigma_x=-0.048, ne=0.010
boson_N (target(infinite size)=[2.0157e+00 5.5786e-01 5.0793e-02 8.2464e-03 3.0927e-03 1.5359e-03
 1.4440e-03 6.3448e-04 4.7880e-04])=[1.8276 0.5159 0.0512 0.0111 0.004  0.0044 0.0019 0.0024 0.0022]
t=50.00fs, sigma_x=-0.034, ne=0.010
boson_N (target(infinite size)=[2.0157e+00 5.5786e-01 5.0793e-02 8.2464e-03 3.0927e-03 1.5359e-03
 1.4440e-03 6.3448e-04 4.7880e-04])=[1.8288e+00 5.1644e-01 5.1333e-02 1.1030e-02 3.9666e-03 4.8077e-03
 1.9595e-03 2.5137e-03 1.6560e-03]
t=51.00fs, sigma_x=-0.020, ne=0.010
boson_N (target(infinite size)=[2.0157e+00 5.5786e-01 5.0793e-02 8.2464e-03 3.0927e-03 1.5359e-03
 1.4440e-03 6.3448e-04 4.7880e-04])=[1.8301e+00 5.1695e-01 5.1493e-02 1.0956e-02 3.9228e-03 5.0775e-03
 2.0423e-03 2.5094e-03 1.1884e-03]
t=52.00fs, sigma_x=-0.009, ne=0.010
boson_N (target(infinite size)=[2.0157e+00 5.5786e-01 5.0793e-02 8.2464e-03 3.0927e-03 1.5359e-03
 1.4440e-03 6.3448e-04 4.7880e-04])=[1.8313e+00 5.1746e-01 5.1668e-02 1.0865e-02 3.9022e-03 5.2179e-03
 2.1400e-03 2.4266e-03 8.6090e-04]
t=53.00fs, sigma_x=0.001, ne=0.010
boson_N (target(infinite size)=[2.0157e+00 5.5786e-01 5.0793e-02 8.2464e-03 3.0927e-03 1.5359e-03
 1.4440e-03 6.3448e-04 4.7880e-04])=[1.8326e+00 5.1797e-01 5.1857e-02 1.0760e-02 3.9071e-03 5.2168e-03
 2.2465e-03 2.2735e-03 7.1642e-04]
t=54.00fs, sigma_x=0.010, ne=0.010
boson_N (target(infinite size)=[2.0157e+00 5.5786e-01 5.0793e-02 8.2464e-03 3.0927e-03 1.5359e-03
 1.4440e-03 6.3448e-04 4.7880e-04])=[1.8338e+00 5.1848e-01 5.2059e-02 1.0648e-02 3.9383e-03 5.0751e-03
 2.3553e-03 2.0655e-03 7.7556e-04]
t=55.00fs, sigma_x=0.017, ne=0.010
boson_N (target(infinite size)=[2.0157e+00 5.5786e-01 5.0793e-02 8.2464e-03 3.0927e-03 1.5359e-03
 1.4440e-03 6.3448e-04 4.7880e-04])=[1.8351e+00 5.1898e-01 5.2271e-02 1.0535e-02 3.9954e-03 4.8060e-03
 2.4594e-03 1.8231e-03 1.0337e-03]
t=56.00fs, sigma_x=0.022, ne=0.010
boson_N (target(infinite size)=[2.0157e+00 5.5786e-01 5.0793e-02 8.2464e-03 3.0927e-03 1.5359e-03
 1.4440e-03 6.3448e-04 4.7880e-04])=[1.8363e+00 5.1948e-01 5.2492e-02 1.0426e-02 4.0763e-03 4.4343e-03
 2.5524e-03 1.5703e-03 1.4615e-03]
t=57.00fs, sigma_x=0.026, ne=0.010
boson_N (target(infinite size)=[2.0157e+00 5.5786e-01 5.0793e-02 8.2464e-03 3.0927e-03 1.5359e-03
 1.4440e-03 6.3448e-04 4.7880e-04])=[1.8376e+00 5.1997e-01 5.2721e-02 1.0328e-02 4.1776e-03 3.9942e-03
 2.6282e-03 1.3326e-03 2.0082e-03]
t=58.00fs, sigma_x=0.029, ne=0.010
boson_N (target(infinite size)=[2.0157e+00 5.5786e-01 5.0793e-02 8.2464e-03 3.0927e-03 1.5359e-03
 1.4440e-03 6.3448e-04 4.7880e-04])=[1.8388e+00 5.2047e-01 5.2955e-02 1.0247e-02 4.2949e-03 3.5261e-03
 2.6824e-03 1.1338e-03 2.6081e-03]
t=59.00fs, sigma_x=0.031, ne=0.010
boson_N (target(infinite size)=[2.0157e+00 5.5786e-01 5.0793e-02 8.2464e-03 3.0927e-03 1.5359e-03
 1.4440e-03 6.3448e-04 4.7880e-04])=[1.8401e+00 5.2096e-01 5.3191e-02 1.0187e-02 4.4227e-03 3.0732e-03
 2.7117e-03 9.9431e-04 3.1883e-03]
t=60.00fs, sigma_x=0.032, ne=0.010
boson_N (target(infinite size)=[2.0157e+00 5.5786e-01 5.0793e-02 8.2464e-03 3.0927e-03 1.5359e-03
 1.4440e-03 6.3448e-04 4.7880e-04])=[1.8413e+00 5.2144e-01 5.3428e-02 1.0153e-02 4.5550e-03 2.6777e-03
 2.7148e-03 9.2902e-04 3.6780e-03]
t=61.00fs, sigma_x=0.033, ne=0.010
boson_N (target(infinite size)=[2.0157e+00 5.5786e-01 5.0793e-02 8.2464e-03 3.0927e-03 1.5359e-03
 1.4440e-03 6.3448e-04 4.7880e-04])=[1.8426e+00 5.2192e-01 5.3663e-02 1.0148e-02 4.6855e-03 2.3768e-03
 2.6919e-03 9.4558e-04 4.0170e-03]
t=62.00fs, sigma_x=0.033, ne=0.010
boson_N (target(infinite size)=[2.0157e+00 5.5786e-01 5.0793e-02 8.2464e-03 3.0927e-03 1.5359e-03
 1.4440e-03 6.3448e-04 4.7880e-04])=[1.8439e+00 5.2240e-01 5.3894e-02 1.0173e-02 4.8080e-03 2.1994e-03
 2.6454e-03 1.0438e-03 4.1638e-03]
t=63.00fs, sigma_x=0.033, ne=0.010
boson_N (target(infinite size)=[2.0157e+00 5.5786e-01 5.0793e-02 8.2464e-03 3.0927e-03 1.5359e-03
 1.4440e-03 6.3448e-04 4.7880e-04])=[1.8451e+00 5.2288e-01 5.4119e-02 1.0230e-02 4.9165e-03 2.1637e-03
 2.5793e-03 1.2157e-03 4.1001e-03]
t=64.00fs, sigma_x=0.032, ne=0.010
boson_N (target(infinite size)=[2.0157e+00 5.5786e-01 5.0793e-02 8.2464e-03 3.0927e-03 1.5359e-03
 1.4440e-03 6.3448e-04 4.7880e-04])=[1.8464e+00 5.2335e-01 5.4336e-02 1.0317e-02 5.0060e-03 2.2753e-03
 2.4987e-03 1.4460e-03 3.8339e-03]
t=65.00fs, sigma_x=0.031, ne=0.010
boson_N (target(infinite size)=[2.0157e+00 5.5786e-01 5.0793e-02 8.2464e-03 3.0927e-03 1.5359e-03
 1.4440e-03 6.3448e-04 4.7880e-04])=[1.8476e+00 5.2382e-01 5.4543e-02 1.0433e-02 5.0725e-03 2.5265e-03
 2.4101e-03 1.7135e-03 3.3986e-03]
t=66.00fs, sigma_x=0.030, ne=0.010
boson_N (target(infinite size)=[2.0157e+00 5.5786e-01 5.0793e-02 8.2464e-03 3.0927e-03 1.5359e-03
 1.4440e-03 6.3448e-04 4.7880e-04])=[1.8489 0.5243 0.0547 0.0106 0.0051 0.0029 0.0023 0.002  0.0028]
t=67.00fs, sigma_x=0.027, ne=0.010
boson_N (target(infinite size)=[2.0157e+00 5.5786e-01 5.0793e-02 8.2464e-03 3.0927e-03 1.5359e-03
 1.4440e-03 6.3448e-04 4.7880e-04])=[1.8502 0.5247 0.0549 0.0107 0.0051 0.0034 0.0022 0.0023 0.0023]
t=68.00fs, sigma_x=0.025, ne=0.010
boson_N (target(infinite size)=[2.0157e+00 5.5786e-01 5.0793e-02 8.2464e-03 3.0927e-03 1.5359e-03
 1.4440e-03 6.3448e-04 4.7880e-04])=[1.8514e+00 5.2521e-01 5.5085e-02 1.0917e-02 5.1136e-03 3.8651e-03
 2.1663e-03 2.4880e-03 1.6870e-03]
t=69.00fs, sigma_x=0.023, ne=0.010
boson_N (target(infinite size)=[2.0157e+00 5.5786e-01 5.0793e-02 8.2464e-03 3.0927e-03 1.5359e-03
 1.4440e-03 6.3448e-04 4.7880e-04])=[1.8527e+00 5.2566e-01 5.5236e-02 1.1108e-02 5.0750e-03 4.3797e-03
 2.1144e-03 2.6556e-03 1.2232e-03]
t=70.00fs, sigma_x=0.020, ne=0.010
boson_N (target(infinite size)=[2.0157e+00 5.5786e-01 5.0793e-02 8.2464e-03 3.0927e-03 1.5359e-03
 1.4440e-03 6.3448e-04 4.7880e-04])=[1.8539e+00 5.2611e-01 5.5370e-02 1.1303e-02 5.0144e-03 4.8555e-03
 2.0858e-03 2.7474e-03 9.2124e-04]
t=71.00fs, sigma_x=0.017, ne=0.010
boson_N (target(infinite size)=[2.0157e+00 5.5786e-01 5.0793e-02 8.2464e-03 3.0927e-03 1.5359e-03
 1.4440e-03 6.3448e-04 4.7880e-04])=[1.8552e+00 5.2656e-01 5.5487e-02 1.1497e-02 4.9361e-03 5.2514e-03
 2.0835e-03 2.7547e-03 8.2155e-04]
t=72.00fs, sigma_x=0.015, ne=0.010
boson_N (target(infinite size)=[2.0157e+00 5.5786e-01 5.0793e-02 8.2464e-03 3.0927e-03 1.5359e-03
 1.4440e-03 6.3448e-04 4.7880e-04])=[1.8565e+00 5.2700e-01 5.5587e-02 1.1683e-02 4.8455e-03 5.5329e-03
 2.1087e-03 2.6772e-03 9.3951e-04]
t=73.00fs, sigma_x=0.013, ne=0.010
boson_N (target(infinite size)=[2.0157e+00 5.5786e-01 5.0793e-02 8.2464e-03 3.0927e-03 1.5359e-03
 1.4440e-03 6.3448e-04 4.7880e-04])=[1.8577e+00 5.2744e-01 5.5670e-02 1.1854e-02 4.7487e-03 5.6757e-03
 2.1608e-03 2.5227e-03 1.2636e-03]
t=74.00fs, sigma_x=0.010, ne=0.010
boson_N (target(infinite size)=[2.0157e+00 5.5786e-01 5.0793e-02 8.2464e-03 3.0927e-03 1.5359e-03
 1.4440e-03 6.3448e-04 4.7880e-04])=[1.8590e+00 5.2788e-01 5.5736e-02 1.2006e-02 4.6523e-03 5.6679e-03
 2.2369e-03 2.3065e-03 1.7566e-03]
t=75.00fs, sigma_x=0.008, ne=0.010
boson_N (target(infinite size)=[2.0157e+00 5.5786e-01 5.0793e-02 8.2464e-03 3.0927e-03 1.5359e-03
 1.4440e-03 6.3448e-04 4.7880e-04])=[1.8603 0.5283 0.0558 0.0121 0.0046 0.0055 0.0023 0.0021 0.0024]
t=76.00fs, sigma_x=0.007, ne=0.011
boson_N (target(infinite size)=[2.0157e+00 5.5786e-01 5.0793e-02 8.2464e-03 3.0927e-03 1.5359e-03
 1.4440e-03 6.3448e-04 4.7880e-04])=[1.8615e+00 5.2873e-01 5.5822e-02 1.2232e-02 4.4866e-03 5.2189e-03
 2.4431e-03 1.7791e-03 3.0012e-03]
t=77.00fs, sigma_x=0.005, ne=0.011
boson_N (target(infinite size)=[2.0157e+00 5.5786e-01 5.0793e-02 8.2464e-03 3.0927e-03 1.5359e-03
 1.4440e-03 6.3448e-04 4.7880e-04])=[1.8628e+00 5.2916e-01 5.5843e-02 1.2301e-02 4.4290e-03 4.8195e-03
 2.5605e-03 1.5205e-03 3.6022e-03]
t=78.00fs, sigma_x=0.004, ne=0.011
boson_N (target(infinite size)=[2.0157e+00 5.5786e-01 5.0793e-02 8.2464e-03 3.0927e-03 1.5359e-03
 1.4440e-03 6.3448e-04 4.7880e-04])=[1.8640e+00 5.2958e-01 5.5853e-02 1.2337e-02 4.3946e-03 4.3492e-03
 2.6778e-03 1.3006e-03 4.0899e-03]
t=79.00fs, sigma_x=0.003, ne=0.011
boson_N (target(infinite size)=[2.0157e+00 5.5786e-01 5.0793e-02 8.2464e-03 3.0927e-03 1.5359e-03
 1.4440e-03 6.3448e-04 4.7880e-04])=[1.8653e+00 5.3000e-01 5.5852e-02 1.2341e-02 4.3866e-03 3.8513e-03
 2.7878e-03 1.1419e-03 4.4043e-03]
t=80.00fs, sigma_x=0.002, ne=0.011
boson_N (target(infinite size)=[2.0157e+00 5.5786e-01 5.0793e-02 8.2464e-03 3.0927e-03 1.5359e-03
 1.4440e-03 6.3448e-04 4.7880e-04])=[1.8666e+00 5.3041e-01 5.5843e-02 1.2315e-02 4.4068e-03 3.3720e-03
 2.8835e-03 1.0613e-03 4.5068e-03]
t=81.00fs, sigma_x=0.001, ne=0.011
boson_N (target(infinite size)=[2.0157e+00 5.5786e-01 5.0793e-02 8.2464e-03 3.0927e-03 1.5359e-03
 1.4440e-03 6.3448e-04 4.7880e-04])=[1.8678e+00 5.3082e-01 5.5827e-02 1.2260e-02 4.4554e-03 2.9559e-03
 2.9589e-03 1.0682e-03 4.3848e-03]
t=82.00fs, sigma_x=0.000, ne=0.011
boson_N (target(infinite size)=[2.0157e+00 5.5786e-01 5.0793e-02 8.2464e-03 3.0927e-03 1.5359e-03
 1.4440e-03 6.3448e-04 4.7880e-04])=[1.8691e+00 5.3122e-01 5.5807e-02 1.2181e-02 4.5311e-03 2.6425e-03
 3.0094e-03 1.1636e-03 4.0537e-03]
t=83.00fs, sigma_x=-0.000, ne=0.011
boson_N (target(infinite size)=[2.0157e+00 5.5786e-01 5.0793e-02 8.2464e-03 3.0927e-03 1.5359e-03
 1.4440e-03 6.3448e-04 4.7880e-04])=[1.8704e+00 5.3163e-01 5.5786e-02 1.2083e-02 4.6310e-03 2.4622e-03
 3.0324e-03 1.3400e-03 3.5548e-03]
t=84.00fs, sigma_x=-0.000, ne=0.011
boson_N (target(infinite size)=[2.0157e+00 5.5786e-01 5.0793e-02 8.2464e-03 3.0927e-03 1.5359e-03
 1.4440e-03 6.3448e-04 4.7880e-04])=[1.8716e+00 5.3203e-01 5.5765e-02 1.1970e-02 4.7508e-03 2.4336e-03
 3.0268e-03 1.5819e-03 2.9508e-03]
t=85.00fs, sigma_x=-0.001, ne=0.011
boson_N (target(infinite size)=[2.0157e+00 5.5786e-01 5.0793e-02 8.2464e-03 3.0927e-03 1.5359e-03
 1.4440e-03 6.3448e-04 4.7880e-04])=[1.8729e+00 5.3242e-01 5.5747e-02 1.1850e-02 4.8851e-03 2.5622e-03
 2.9937e-03 1.8674e-03 2.3179e-03]
t=86.00fs, sigma_x=-0.001, ne=0.011
boson_N (target(infinite size)=[2.0157e+00 5.5786e-01 5.0793e-02 8.2464e-03 3.0927e-03 1.5359e-03
 1.4440e-03 6.3448e-04 4.7880e-04])=[1.8741e+00 5.3282e-01 5.5734e-02 1.1728e-02 5.0276e-03 2.8392e-03
 2.9361e-03 2.1702e-03 1.7363e-03]
t=87.00fs, sigma_x=-0.001, ne=0.011
boson_N (target(infinite size)=[2.0157e+00 5.5786e-01 5.0793e-02 8.2464e-03 3.0927e-03 1.5359e-03
 1.4440e-03 6.3448e-04 4.7880e-04])=[1.8754e+00 5.3321e-01 5.5729e-02 1.1612e-02 5.1717e-03 3.2424e-03
 2.8589e-03 2.4621e-03 1.2807e-03]
t=88.00fs, sigma_x=-0.001, ne=0.011
boson_N (target(infinite size)=[2.0157e+00 5.5786e-01 5.0793e-02 8.2464e-03 3.0927e-03 1.5359e-03
 1.4440e-03 6.3448e-04 4.7880e-04])=[1.8766e+00 5.3360e-01 5.5733e-02 1.1509e-02 5.3105e-03 3.7384e-03
 2.7683e-03 2.7157e-03 1.0106e-03]
t=89.00fs, sigma_x=-0.001, ne=0.011
boson_N (target(infinite size)=[2.0157e+00 5.5786e-01 5.0793e-02 8.2464e-03 3.0927e-03 1.5359e-03
 1.4440e-03 6.3448e-04 4.7880e-04])=[1.8779e+00 5.3398e-01 5.5749e-02 1.1423e-02 5.4374e-03 4.2851e-03
 2.6714e-03 2.9073e-03 9.6269e-04]
t=90.00fs, sigma_x=-0.001, ne=0.011
boson_N (target(infinite size)=[2.0157e+00 5.5786e-01 5.0793e-02 8.2464e-03 3.0927e-03 1.5359e-03
 1.4440e-03 6.3448e-04 4.7880e-04])=[1.8792e+00 5.3437e-01 5.5778e-02 1.1361e-02 5.5464e-03 4.8356e-03
 2.5759e-03 3.0188e-03 1.1466e-03]
t=91.00fs, sigma_x=-0.001, ne=0.011
boson_N (target(infinite size)=[2.0157e+00 5.5786e-01 5.0793e-02 8.2464e-03 3.0927e-03 1.5359e-03
 1.4440e-03 6.3448e-04 4.7880e-04])=[1.8804e+00 5.3475e-01 5.5821e-02 1.1326e-02 5.6324e-03 5.3426e-03
 2.4895e-03 3.0398e-03 1.5430e-03]
t=92.00fs, sigma_x=-0.001, ne=0.011
boson_N (target(infinite size)=[2.0157e+00 5.5786e-01 5.0793e-02 8.2464e-03 3.0927e-03 1.5359e-03
 1.4440e-03 6.3448e-04 4.7880e-04])=[1.8817 0.5351 0.0559 0.0113 0.0057 0.0058 0.0024 0.003  0.0021]
t=93.00fs, sigma_x=-0.001, ne=0.011
boson_N (target(infinite size)=[2.0157e+00 5.5786e-01 5.0793e-02 8.2464e-03 3.0927e-03 1.5359e-03
 1.4440e-03 6.3448e-04 4.7880e-04])=[1.8829 0.5355 0.056  0.0114 0.0057 0.0061 0.0024 0.0028 0.0028]
t=94.00fs, sigma_x=-0.001, ne=0.011
boson_N (target(infinite size)=[2.0157e+00 5.5786e-01 5.0793e-02 8.2464e-03 3.0927e-03 1.5359e-03
 1.4440e-03 6.3448e-04 4.7880e-04])=[1.8842 0.5359 0.0561 0.0114 0.0057 0.0062 0.0023 0.0026 0.0035]
t=95.00fs, sigma_x=-0.001, ne=0.011
boson_N (target(infinite size)=[2.0157e+00 5.5786e-01 5.0793e-02 8.2464e-03 3.0927e-03 1.5359e-03
 1.4440e-03 6.3448e-04 4.7880e-04])=[1.8854 0.5362 0.0562 0.0115 0.0057 0.0062 0.0024 0.0023 0.0041]
t=96.00fs, sigma_x=-0.002, ne=0.011
boson_N (target(infinite size)=[2.0157e+00 5.5786e-01 5.0793e-02 8.2464e-03 3.0927e-03 1.5359e-03
 1.4440e-03 6.3448e-04 4.7880e-04])=[1.8867 0.5366 0.0563 0.0116 0.0056 0.006  0.0024 0.002  0.0046]
t=97.00fs, sigma_x=-0.002, ne=0.011
boson_N (target(infinite size)=[2.0157e+00 5.5786e-01 5.0793e-02 8.2464e-03 3.0927e-03 1.5359e-03
 1.4440e-03 6.3448e-04 4.7880e-04])=[1.8879e+00 5.3698e-01 5.6446e-02 1.1799e-02 5.5659e-03 5.6957e-03
 2.4623e-03 1.7403e-03 4.8376e-03]
t=98.00fs, sigma_x=-0.003, ne=0.011
boson_N (target(infinite size)=[2.0157e+00 5.5786e-01 5.0793e-02 8.2464e-03 3.0927e-03 1.5359e-03
 1.4440e-03 6.3448e-04 4.7880e-04])=[1.8891e+00 5.3735e-01 5.6613e-02 1.1978e-02 5.4738e-03 5.2641e-03
 2.5539e-03 1.4959e-03 4.8892e-03]
t=99.00fs, sigma_x=-0.003, ne=0.011
boson_N (target(infinite size)=[2.0157e+00 5.5786e-01 5.0793e-02 8.2464e-03 3.0927e-03 1.5359e-03
 1.4440e-03 6.3448e-04 4.7880e-04])=[1.8904e+00 5.3771e-01 5.6796e-02 1.2176e-02 5.3714e-03 4.7586e-03
 2.6651e-03 1.3149e-03 4.7023e-03]
t=100.00fs, sigma_x=-0.004, ne=0.011
boson_N (target(infinite size)=[2.0157e+00 5.5786e-01 5.0793e-02 8.2464e-03 3.0927e-03 1.5359e-03
 1.4440e-03 6.3448e-04 4.7880e-04])=[1.8916e+00 5.3808e-01 5.6994e-02 1.2384e-02 5.2658e-03 4.2260e-03
 2.7895e-03 1.2165e-03 4.3003e-03]
t=101.00fs, sigma_x=-0.005, ne=0.011
boson_N (target(infinite size)=[2.0157e+00 5.5786e-01 5.0793e-02 8.2464e-03 3.0927e-03 1.5359e-03
 1.4440e-03 6.3448e-04 4.7880e-04])=[1.8929e+00 5.3844e-01 5.7207e-02 1.2598e-02 5.1641e-03 3.7156e-03
 2.9193e-03 1.2121e-03 3.7336e-03]
t=102.00fs, sigma_x=-0.005, ne=0.011
boson_N (target(infinite size)=[2.0157e+00 5.5786e-01 5.0793e-02 8.2464e-03 3.0927e-03 1.5359e-03
 1.4440e-03 6.3448e-04 4.7880e-04])=[1.8941e+00 5.3880e-01 5.7432e-02 1.2810e-02 5.0734e-03 3.2753e-03
 3.0464e-03 1.3042e-03 3.0735e-03]
t=103.00fs, sigma_x=-0.006, ne=0.011
boson_N (target(infinite size)=[2.0157e+00 5.5786e-01 5.0793e-02 8.2464e-03 3.0927e-03 1.5359e-03
 1.4440e-03 6.3448e-04 4.7880e-04])=[1.8953e+00 5.3916e-01 5.7668e-02 1.3012e-02 5.0001e-03 2.9470e-03
 3.1630e-03 1.4858e-03 2.4036e-03]
t=104.00fs, sigma_x=-0.006, ne=0.011
boson_N (target(infinite size)=[2.0157e+00 5.5786e-01 5.0793e-02 8.2464e-03 3.0927e-03 1.5359e-03
 1.4440e-03 6.3448e-04 4.7880e-04])=[1.8966e+00 5.3952e-01 5.7912e-02 1.3199e-02 4.9498e-03 2.7629e-03
 3.2616e-03 1.7413e-03 1.8093e-03]
t=105.00fs, sigma_x=-0.007, ne=0.011
boson_N (target(infinite size)=[2.0157e+00 5.5786e-01 5.0793e-02 8.2464e-03 3.0927e-03 1.5359e-03
 1.4440e-03 6.3448e-04 4.7880e-04])=[1.8978e+00 5.3988e-01 5.8162e-02 1.3364e-02 4.9268e-03 2.7426e-03
 3.3363e-03 2.0477e-03 1.3673e-03]
t=106.00fs, sigma_x=-0.007, ne=0.011
boson_N (target(infinite size)=[2.0157e+00 5.5786e-01 5.0793e-02 8.2464e-03 3.0927e-03 1.5359e-03
 1.4440e-03 6.3448e-04 4.7880e-04])=[1.8990e+00 5.4024e-01 5.8416e-02 1.3503e-02 4.9339e-03 2.8910e-03
 3.3825e-03 2.3771e-03 1.1360e-03]
t=107.00fs, sigma_x=-0.007, ne=0.011
boson_N (target(infinite size)=[2.0157e+00 5.5786e-01 5.0793e-02 8.2464e-03 3.0927e-03 1.5359e-03
 1.4440e-03 6.3448e-04 4.7880e-04])=[1.9003e+00 5.4060e-01 5.8671e-02 1.3610e-02 4.9723e-03 3.1981e-03
 3.3979e-03 2.6988e-03 1.1479e-03]
t=108.00fs, sigma_x=-0.007, ne=0.011
boson_N (target(infinite size)=[2.0157e+00 5.5786e-01 5.0793e-02 8.2464e-03 3.0927e-03 1.5359e-03
 1.4440e-03 6.3448e-04 4.7880e-04])=[1.9015e+00 5.4096e-01 5.8925e-02 1.3684e-02 5.0412e-03 3.6395e-03
 3.3821e-03 2.9829e-03 1.4059e-03]
t=109.00fs, sigma_x=-0.007, ne=0.011
boson_N (target(infinite size)=[2.0157e+00 5.5786e-01 5.0793e-02 8.2464e-03 3.0927e-03 1.5359e-03
 1.4440e-03 6.3448e-04 4.7880e-04])=[1.9027e+00 5.4132e-01 5.9176e-02 1.3723e-02 5.1386e-03 4.1789e-03
 3.3371e-03 3.2026e-03 1.8820e-03]
t=110.00fs, sigma_x=-0.007, ne=0.011
boson_N (target(infinite size)=[2.0157e+00 5.5786e-01 5.0793e-02 8.2464e-03 3.0927e-03 1.5359e-03
 1.4440e-03 6.3448e-04 4.7880e-04])=[1.904  0.5417 0.0594 0.0137 0.0053 0.0048 0.0033 0.0033 0.0025]
t=111.00fs, sigma_x=-0.006, ne=0.011
boson_N (target(infinite size)=[2.0157e+00 5.5786e-01 5.0793e-02 8.2464e-03 3.0927e-03 1.5359e-03
 1.4440e-03 6.3448e-04 4.7880e-04])=[1.9052 0.542  0.0597 0.0137 0.0054 0.0054 0.0032 0.0034 0.0032]
t=112.00fs, sigma_x=-0.006, ne=0.011
boson_N (target(infinite size)=[2.0157e+00 5.5786e-01 5.0793e-02 8.2464e-03 3.0927e-03 1.5359e-03
 1.4440e-03 6.3448e-04 4.7880e-04])=[1.9064 0.5424 0.0599 0.0136 0.0056 0.0059 0.0031 0.0033 0.004 ]
t=113.00fs, sigma_x=-0.005, ne=0.011
boson_N (target(infinite size)=[2.0157e+00 5.5786e-01 5.0793e-02 8.2464e-03 3.0927e-03 1.5359e-03
 1.4440e-03 6.3448e-04 4.7880e-04])=[1.9076 0.5428 0.0601 0.0135 0.0057 0.0064 0.003  0.0032 0.0046]
t=114.00fs, sigma_x=-0.005, ne=0.011
boson_N (target(infinite size)=[2.0157e+00 5.5786e-01 5.0793e-02 8.2464e-03 3.0927e-03 1.5359e-03
 1.4440e-03 6.3448e-04 4.7880e-04])=[1.9088 0.5431 0.0603 0.0134 0.0059 0.0067 0.0029 0.0029 0.0051]
t=115.00fs, sigma_x=-0.004, ne=0.011
boson_N (target(infinite size)=[2.0157e+00 5.5786e-01 5.0793e-02 8.2464e-03 3.0927e-03 1.5359e-03
 1.4440e-03 6.3448e-04 4.7880e-04])=[1.91   0.5435 0.0605 0.0133 0.006  0.0068 0.0028 0.0026 0.0053]
t=116.00fs, sigma_x=-0.003, ne=0.011
boson_N (target(infinite size)=[2.0157e+00 5.5786e-01 5.0793e-02 8.2464e-03 3.0927e-03 1.5359e-03
 1.4440e-03 6.3448e-04 4.7880e-04])=[1.9112 0.5438 0.0606 0.0132 0.0062 0.0068 0.0027 0.0023 0.0053]
t=117.00fs, sigma_x=-0.002, ne=0.011
boson_N (target(infinite size)=[2.0157e+00 5.5786e-01 5.0793e-02 8.2464e-03 3.0927e-03 1.5359e-03
 1.4440e-03 6.3448e-04 4.7880e-04])=[1.9125 0.5442 0.0608 0.0131 0.0063 0.0066 0.0027 0.002  0.0051]
t=118.00fs, sigma_x=-0.001, ne=0.011
boson_N (target(infinite size)=[2.0157e+00 5.5786e-01 5.0793e-02 8.2464e-03 3.0927e-03 1.5359e-03
 1.4440e-03 6.3448e-04 4.7880e-04])=[1.9137e+00 5.4457e-01 6.0925e-02 1.2925e-02 6.3411e-03 6.2518e-03
 2.6512e-03 1.7268e-03 4.5813e-03]
t=119.00fs, sigma_x=-0.000, ne=0.011
boson_N (target(infinite size)=[2.0157e+00 5.5786e-01 5.0793e-02 8.2464e-03 3.0927e-03 1.5359e-03
 1.4440e-03 6.3448e-04 4.7880e-04])=[1.9149e+00 5.4493e-01 6.1036e-02 1.2812e-02 6.3917e-03 5.7824e-03
 2.6716e-03 1.5195e-03 3.9419e-03]
t=120.00fs, sigma_x=0.001, ne=0.011
boson_N (target(infinite size)=[2.0157e+00 5.5786e-01 5.0793e-02 8.2464e-03 3.0927e-03 1.5359e-03
 1.4440e-03 6.3448e-04 4.7880e-04])=[1.9160e+00 5.4530e-01 6.1129e-02 1.2719e-02 6.4097e-03 5.2354e-03
 2.7248e-03 1.4001e-03 3.2233e-03]
t=121.00fs, sigma_x=0.001, ne=0.011
boson_N (target(infinite size)=[2.0157e+00 5.5786e-01 5.0793e-02 8.2464e-03 3.0927e-03 1.5359e-03
 1.4440e-03 6.3448e-04 4.7880e-04])=[1.9172e+00 5.4567e-01 6.1203e-02 1.2652e-02 6.3954e-03 4.6614e-03
 2.8085e-03 1.3825e-03 2.5169e-03]
t=122.00fs, sigma_x=0.002, ne=0.011
boson_N (target(infinite size)=[2.0157e+00 5.5786e-01 5.0793e-02 8.2464e-03 3.0927e-03 1.5359e-03
 1.4440e-03 6.3448e-04 4.7880e-04])=[1.9184e+00 5.4604e-01 6.1259e-02 1.2617e-02 6.3506e-03 4.1141e-03
 2.9182e-03 1.4706e-03 1.9133e-03]
t=123.00fs, sigma_x=0.003, ne=0.011
boson_N (target(infinite size)=[2.0157e+00 5.5786e-01 5.0793e-02 8.2464e-03 3.0927e-03 1.5359e-03
 1.4440e-03 6.3448e-04 4.7880e-04])=[1.9196e+00 5.4641e-01 6.1298e-02 1.2615e-02 6.2791e-03 3.6449e-03
 3.0476e-03 1.6584e-03 1.4910e-03]
t=124.00fs, sigma_x=0.003, ne=0.011
boson_N (target(infinite size)=[2.0157e+00 5.5786e-01 5.0793e-02 8.2464e-03 3.0927e-03 1.5359e-03
 1.4440e-03 6.3448e-04 4.7880e-04])=[1.9208e+00 5.4678e-01 6.1321e-02 1.2651e-02 6.1861e-03 3.2987e-03
 3.1888e-03 1.9300e-03 1.3067e-03]
t=125.00fs, sigma_x=0.004, ne=0.011
boson_N (target(infinite size)=[2.0157e+00 5.5786e-01 5.0793e-02 8.2464e-03 3.0927e-03 1.5359e-03
 1.4440e-03 6.3448e-04 4.7880e-04])=[1.9220e+00 5.4715e-01 6.1331e-02 1.2724e-02 6.0780e-03 3.1100e-03
 3.3333e-03 2.2613e-03 1.3879e-03]
t=126.00fs, sigma_x=0.004, ne=0.011
boson_N (target(infinite size)=[2.0157e+00 5.5786e-01 5.0793e-02 8.2464e-03 3.0927e-03 1.5359e-03
 1.4440e-03 6.3448e-04 4.7880e-04])=[1.9232e+00 5.4753e-01 6.1328e-02 1.2833e-02 5.9623e-03 3.0991e-03
 3.4719e-03 2.6222e-03 1.7295e-03]
t=127.00fs, sigma_x=0.005, ne=0.011
boson_N (target(infinite size)=[2.0157e+00 5.5786e-01 5.0793e-02 8.2464e-03 3.0927e-03 1.5359e-03
 1.4440e-03 6.3448e-04 4.7880e-04])=[1.9244 0.5479 0.0613 0.013  0.0058 0.0033 0.0036 0.003  0.0023]
t=128.00fs, sigma_x=0.005, ne=0.011
boson_N (target(infinite size)=[2.0157e+00 5.5786e-01 5.0793e-02 8.2464e-03 3.0927e-03 1.5359e-03
 1.4440e-03 6.3448e-04 4.7880e-04])=[1.9255 0.5483 0.0613 0.0132 0.0057 0.0036 0.0037 0.0033 0.003 ]
t=129.00fs, sigma_x=0.006, ne=0.011
boson_N (target(infinite size)=[2.0157e+00 5.5786e-01 5.0793e-02 8.2464e-03 3.0927e-03 1.5359e-03
 1.4440e-03 6.3448e-04 4.7880e-04])=[1.9267 0.5487 0.0613 0.0134 0.0056 0.0041 0.0038 0.0036 0.0038]
t=130.00fs, sigma_x=0.006, ne=0.011
boson_N (target(infinite size)=[2.0157e+00 5.5786e-01 5.0793e-02 8.2464e-03 3.0927e-03 1.5359e-03
 1.4440e-03 6.3448e-04 4.7880e-04])=[1.9279 0.5491 0.0612 0.0136 0.0056 0.0047 0.0038 0.0037 0.0046]
t=131.00fs, sigma_x=0.007, ne=0.011
boson_N (target(infinite size)=[2.0157e+00 5.5786e-01 5.0793e-02 8.2464e-03 3.0927e-03 1.5359e-03
 1.4440e-03 6.3448e-04 4.7880e-04])=[1.929  0.5495 0.0612 0.0138 0.0055 0.0053 0.0038 0.0038 0.0052]
t=132.00fs, sigma_x=0.007, ne=0.012
boson_N (target(infinite size)=[2.0157e+00 5.5786e-01 5.0793e-02 8.2464e-03 3.0927e-03 1.5359e-03
 1.4440e-03 6.3448e-04 4.7880e-04])=[1.9302 0.5498 0.0612 0.014  0.0055 0.006  0.0038 0.0037 0.0057]
t=133.00fs, sigma_x=0.008, ne=0.012
boson_N (target(infinite size)=[2.0157e+00 5.5786e-01 5.0793e-02 8.2464e-03 3.0927e-03 1.5359e-03
 1.4440e-03 6.3448e-04 4.7880e-04])=[1.9314 0.5502 0.0612 0.0143 0.0056 0.0066 0.0037 0.0036 0.0059]
t=134.00fs, sigma_x=0.008, ne=0.012
boson_N (target(infinite size)=[2.0157e+00 5.5786e-01 5.0793e-02 8.2464e-03 3.0927e-03 1.5359e-03
 1.4440e-03 6.3448e-04 4.7880e-04])=[1.9325 0.5506 0.0612 0.0145 0.0056 0.0071 0.0036 0.0033 0.0058]
t=135.00fs, sigma_x=0.009, ne=0.012
boson_N (target(infinite size)=[2.0157e+00 5.5786e-01 5.0793e-02 8.2464e-03 3.0927e-03 1.5359e-03
 1.4440e-03 6.3448e-04 4.7880e-04])=[1.9337 0.551  0.0611 0.0147 0.0057 0.0074 0.0035 0.003  0.0055]
t=136.00fs, sigma_x=0.009, ne=0.012
boson_N (target(infinite size)=[2.0157e+00 5.5786e-01 5.0793e-02 8.2464e-03 3.0927e-03 1.5359e-03
 1.4440e-03 6.3448e-04 4.7880e-04])=[1.9348 0.5514 0.0612 0.0149 0.0058 0.0075 0.0034 0.0027 0.0049]
t=137.00fs, sigma_x=0.009, ne=0.012
boson_N (target(infinite size)=[2.0157e+00 5.5786e-01 5.0793e-02 8.2464e-03 3.0927e-03 1.5359e-03
 1.4440e-03 6.3448e-04 4.7880e-04])=[1.936  0.5518 0.0612 0.015  0.006  0.0075 0.0033 0.0023 0.0042]
t=138.00fs, sigma_x=0.009, ne=0.012
boson_N (target(infinite size)=[2.0157e+00 5.5786e-01 5.0793e-02 8.2464e-03 3.0927e-03 1.5359e-03
 1.4440e-03 6.3448e-04 4.7880e-04])=[1.9371 0.5523 0.0612 0.0152 0.0061 0.0073 0.0032 0.002  0.0034]
t=139.00fs, sigma_x=0.010, ne=0.012
boson_N (target(infinite size)=[2.0157e+00 5.5786e-01 5.0793e-02 8.2464e-03 3.0927e-03 1.5359e-03
 1.4440e-03 6.3448e-04 4.7880e-04])=[1.9383e+00 5.5266e-01 6.1274e-02 1.5248e-02 6.3226e-03 6.9077e-03
 3.1035e-03 1.7647e-03 2.6666e-03]
t=140.00fs, sigma_x=0.010, ne=0.012
boson_N (target(infinite size)=[2.0157e+00 5.5786e-01 5.0793e-02 8.2464e-03 3.0927e-03 1.5359e-03
 1.4440e-03 6.3448e-04 4.7880e-04])=[1.9394e+00 5.5308e-01 6.1349e-02 1.5289e-02 6.5015e-03 6.3933e-03
 3.0354e-03 1.6202e-03 2.0578e-03]
t=141.00fs, sigma_x=0.010, ne=0.012
boson_N (target(infinite size)=[2.0157e+00 5.5786e-01 5.0793e-02 8.2464e-03 3.0927e-03 1.5359e-03
 1.4440e-03 6.3448e-04 4.7880e-04])=[1.9406e+00 5.5350e-01 6.1443e-02 1.5292e-02 6.6741e-03 5.7966e-03
 2.9984e-03 1.5866e-03 1.6625e-03]
t=142.00fs, sigma_x=0.010, ne=0.012
boson_N (target(infinite size)=[2.0157e+00 5.5786e-01 5.0793e-02 8.2464e-03 3.0927e-03 1.5359e-03
 1.4440e-03 6.3448e-04 4.7880e-04])=[1.9417e+00 5.5392e-01 6.1558e-02 1.5257e-02 6.8323e-03 5.1733e-03
 2.9969e-03 1.6700e-03 1.5350e-03]
t=143.00fs, sigma_x=0.009, ne=0.012
boson_N (target(infinite size)=[2.0157e+00 5.5786e-01 5.0793e-02 8.2464e-03 3.0927e-03 1.5359e-03
 1.4440e-03 6.3448e-04 4.7880e-04])=[1.9429e+00 5.5434e-01 6.1693e-02 1.5187e-02 6.9686e-03 4.5815e-03
 3.0325e-03 1.8651e-03 1.6967e-03]
t=144.00fs, sigma_x=0.009, ne=0.012
boson_N (target(infinite size)=[2.0157e+00 5.5786e-01 5.0793e-02 8.2464e-03 3.0927e-03 1.5359e-03
 1.4440e-03 6.3448e-04 4.7880e-04])=[1.944  0.5548 0.0618 0.0151 0.0071 0.0041 0.0031 0.0022 0.0021]
t=145.00fs, sigma_x=0.008, ne=0.012
boson_N (target(infinite size)=[2.0157e+00 5.5786e-01 5.0793e-02 8.2464e-03 3.0927e-03 1.5359e-03
 1.4440e-03 6.3448e-04 4.7880e-04])=[1.9451 0.5552 0.062  0.015  0.0072 0.0037 0.0032 0.0025 0.0028]
t=146.00fs, sigma_x=0.007, ne=0.012
boson_N (target(infinite size)=[2.0157e+00 5.5786e-01 5.0793e-02 8.2464e-03 3.0927e-03 1.5359e-03
 1.4440e-03 6.3448e-04 4.7880e-04])=[1.9463 0.5556 0.0622 0.0148 0.0072 0.0035 0.0033 0.0029 0.0036]
t=147.00fs, sigma_x=0.006, ne=0.012
boson_N (target(infinite size)=[2.0157e+00 5.5786e-01 5.0793e-02 8.2464e-03 3.0927e-03 1.5359e-03
 1.4440e-03 6.3448e-04 4.7880e-04])=[1.9474 0.5561 0.0624 0.0147 0.0072 0.0035 0.0035 0.0033 0.0045]
t=148.00fs, sigma_x=0.004, ne=0.012
boson_N (target(infinite size)=[2.0157e+00 5.5786e-01 5.0793e-02 8.2464e-03 3.0927e-03 1.5359e-03
 1.4440e-03 6.3448e-04 4.7880e-04])=[1.9485 0.5565 0.0627 0.0145 0.0072 0.0037 0.0037 0.0037 0.0053]
t=149.00fs, sigma_x=0.003, ne=0.012
boson_N (target(infinite size)=[2.0157e+00 5.5786e-01 5.0793e-02 8.2464e-03 3.0927e-03 1.5359e-03
 1.4440e-03 6.3448e-04 4.7880e-04])=[1.9496 0.557  0.0629 0.0144 0.0071 0.0041 0.0038 0.004  0.0059]
t=150.00fs, sigma_x=0.001, ne=0.012
boson_N (target(infinite size)=[2.0157e+00 5.5786e-01 5.0793e-02 8.2464e-03 3.0927e-03 1.5359e-03
 1.4440e-03 6.3448e-04 4.7880e-04])=[1.9507 0.5574 0.0632 0.0143 0.007  0.0046 0.004  0.0042 0.0064]
t=151.00fs, sigma_x=-0.000, ne=0.012
boson_N (target(infinite size)=[2.0157e+00 5.5786e-01 5.0793e-02 8.2464e-03 3.0927e-03 1.5359e-03
 1.4440e-03 6.3448e-04 4.7880e-04])=[1.9519 0.5578 0.0634 0.0142 0.0069 0.0053 0.0041 0.0043 0.0065]
t=152.00fs, sigma_x=-0.002, ne=0.012
boson_N (target(infinite size)=[2.0157e+00 5.5786e-01 5.0793e-02 8.2464e-03 3.0927e-03 1.5359e-03
 1.4440e-03 6.3448e-04 4.7880e-04])=[1.953  0.5583 0.0637 0.0141 0.0068 0.006  0.0042 0.0042 0.0064]
t=153.00fs, sigma_x=-0.004, ne=0.012
boson_N (target(infinite size)=[2.0157e+00 5.5786e-01 5.0793e-02 8.2464e-03 3.0927e-03 1.5359e-03
 1.4440e-03 6.3448e-04 4.7880e-04])=[1.9541 0.5588 0.064  0.014  0.0066 0.0067 0.0043 0.0041 0.0059]
t=154.00fs, sigma_x=-0.005, ne=0.012
boson_N (target(infinite size)=[2.0157e+00 5.5786e-01 5.0793e-02 8.2464e-03 3.0927e-03 1.5359e-03
 1.4440e-03 6.3448e-04 4.7880e-04])=[1.9552 0.5592 0.0643 0.014  0.0065 0.0074 0.0043 0.0038 0.0053]
t=155.00fs, sigma_x=-0.006, ne=0.012
boson_N (target(infinite size)=[2.0157e+00 5.5786e-01 5.0793e-02 8.2464e-03 3.0927e-03 1.5359e-03
 1.4440e-03 6.3448e-04 4.7880e-04])=[1.9563 0.5597 0.0646 0.0141 0.0064 0.0079 0.0043 0.0035 0.0045]
t=156.00fs, sigma_x=-0.008, ne=0.012
boson_N (target(infinite size)=[2.0157e+00 5.5786e-01 5.0793e-02 8.2464e-03 3.0927e-03 1.5359e-03
 1.4440e-03 6.3448e-04 4.7880e-04])=[1.9574 0.5601 0.0648 0.0142 0.0063 0.0082 0.0043 0.0031 0.0036]
t=157.00fs, sigma_x=-0.009, ne=0.012
boson_N (target(infinite size)=[2.0157e+00 5.5786e-01 5.0793e-02 8.2464e-03 3.0927e-03 1.5359e-03
 1.4440e-03 6.3448e-04 4.7880e-04])=[1.9585 0.5606 0.0651 0.0143 0.0062 0.0084 0.0042 0.0027 0.0029]
t=158.00fs, sigma_x=-0.010, ne=0.012
boson_N (target(infinite size)=[2.0157e+00 5.5786e-01 5.0793e-02 8.2464e-03 3.0927e-03 1.5359e-03
 1.4440e-03 6.3448e-04 4.7880e-04])=[1.9596 0.5611 0.0654 0.0145 0.0062 0.0084 0.0041 0.0023 0.0023]
t=159.00fs, sigma_x=-0.011, ne=0.012
boson_N (target(infinite size)=[2.0157e+00 5.5786e-01 5.0793e-02 8.2464e-03 3.0927e-03 1.5359e-03
 1.4440e-03 6.3448e-04 4.7880e-04])=[1.9607e+00 5.6155e-01 6.5624e-02 1.4658e-02 6.2155e-03 8.1224e-03
 3.9611e-03 2.0633e-03 1.8973e-03]
t=160.00fs, sigma_x=-0.012, ne=0.012
boson_N (target(infinite size)=[2.0157e+00 5.5786e-01 5.0793e-02 8.2464e-03 3.0927e-03 1.5359e-03
 1.4440e-03 6.3448e-04 4.7880e-04])=[1.9618e+00 5.6202e-01 6.5865e-02 1.4887e-02 6.2644e-03 7.6942e-03
 3.8279e-03 1.8884e-03 1.8384e-03]
t=161.00fs, sigma_x=-0.012, ne=0.012
boson_N (target(infinite size)=[2.0157e+00 5.5786e-01 5.0793e-02 8.2464e-03 3.0927e-03 1.5359e-03
 1.4440e-03 6.3448e-04 4.7880e-04])=[1.9629e+00 5.6250e-01 6.6090e-02 1.5139e-02 6.3523e-03 7.1253e-03
 3.6963e-03 1.8353e-03 2.0941e-03]
t=162.00fs, sigma_x=-0.013, ne=0.012
boson_N (target(infinite size)=[2.0157e+00 5.5786e-01 5.0793e-02 8.2464e-03 3.0927e-03 1.5359e-03
 1.4440e-03 6.3448e-04 4.7880e-04])=[1.9640e+00 5.6298e-01 6.6298e-02 1.5404e-02 6.4765e-03 6.4683e-03
 3.5770e-03 1.9128e-03 2.6395e-03]
t=163.00fs, sigma_x=-0.012, ne=0.012
boson_N (target(infinite size)=[2.0157e+00 5.5786e-01 5.0793e-02 8.2464e-03 3.0927e-03 1.5359e-03
 1.4440e-03 6.3448e-04 4.7880e-04])=[1.965  0.5635 0.0665 0.0157 0.0066 0.0058 0.0035 0.0021 0.0034]
t=164.00fs, sigma_x=-0.012, ne=0.013
boson_N (target(infinite size)=[2.0157e+00 5.5786e-01 5.0793e-02 8.2464e-03 3.0927e-03 1.5359e-03
 1.4440e-03 6.3448e-04 4.7880e-04])=[1.9661 0.564  0.0667 0.0159 0.0068 0.0051 0.0034 0.0024 0.0043]
t=165.00fs, sigma_x=-0.012, ne=0.013
boson_N (target(infinite size)=[2.0157e+00 5.5786e-01 5.0793e-02 8.2464e-03 3.0927e-03 1.5359e-03
 1.4440e-03 6.3448e-04 4.7880e-04])=[1.9672 0.5644 0.0668 0.0162 0.007  0.0046 0.0034 0.0028 0.0053]
t=166.00fs, sigma_x=-0.011, ne=0.013
boson_N (target(infinite size)=[2.0157e+00 5.5786e-01 5.0793e-02 8.2464e-03 3.0927e-03 1.5359e-03
 1.4440e-03 6.3448e-04 4.7880e-04])=[1.9683 0.5649 0.0669 0.0164 0.0072 0.0042 0.0034 0.0033 0.0061]
t=167.00fs, sigma_x=-0.010, ne=0.013
boson_N (target(infinite size)=[2.0157e+00 5.5786e-01 5.0793e-02 8.2464e-03 3.0927e-03 1.5359e-03
 1.4440e-03 6.3448e-04 4.7880e-04])=[1.9694 0.5654 0.067  0.0166 0.0074 0.004  0.0035 0.0037 0.0068]
t=168.00fs, sigma_x=-0.009, ne=0.013
boson_N (target(infinite size)=[2.0157e+00 5.5786e-01 5.0793e-02 8.2464e-03 3.0927e-03 1.5359e-03
 1.4440e-03 6.3448e-04 4.7880e-04])=[1.9704 0.5659 0.0671 0.0168 0.0076 0.004  0.0035 0.0041 0.0072]
t=169.00fs, sigma_x=-0.008, ne=0.013
boson_N (target(infinite size)=[2.0157e+00 5.5786e-01 5.0793e-02 8.2464e-03 3.0927e-03 1.5359e-03
 1.4440e-03 6.3448e-04 4.7880e-04])=[1.9715 0.5664 0.0672 0.017  0.0078 0.0042 0.0037 0.0045 0.0073]
t=170.00fs, sigma_x=-0.007, ne=0.013
boson_N (target(infinite size)=[2.0157e+00 5.5786e-01 5.0793e-02 8.2464e-03 3.0927e-03 1.5359e-03
 1.4440e-03 6.3448e-04 4.7880e-04])=[1.9726 0.5669 0.0672 0.017  0.0079 0.0047 0.0038 0.0047 0.0071]
t=171.00fs, sigma_x=-0.006, ne=0.013
boson_N (target(infinite size)=[2.0157e+00 5.5786e-01 5.0793e-02 8.2464e-03 3.0927e-03 1.5359e-03
 1.4440e-03 6.3448e-04 4.7880e-04])=[1.9736 0.5674 0.0672 0.0171 0.008  0.0053 0.004  0.0048 0.0065]
t=172.00fs, sigma_x=-0.005, ne=0.013
boson_N (target(infinite size)=[2.0157e+00 5.5786e-01 5.0793e-02 8.2464e-03 3.0927e-03 1.5359e-03
 1.4440e-03 6.3448e-04 4.7880e-04])=[1.9747 0.5679 0.0672 0.0171 0.0081 0.006  0.0042 0.0048 0.0058]
t=173.00fs, sigma_x=-0.004, ne=0.013
boson_N (target(infinite size)=[2.0157e+00 5.5786e-01 5.0793e-02 8.2464e-03 3.0927e-03 1.5359e-03
 1.4440e-03 6.3448e-04 4.7880e-04])=[1.9758 0.5684 0.0672 0.017  0.0081 0.0068 0.0044 0.0047 0.0049]
t=174.00fs, sigma_x=-0.003, ne=0.013
boson_N (target(infinite size)=[2.0157e+00 5.5786e-01 5.0793e-02 8.2464e-03 3.0927e-03 1.5359e-03
 1.4440e-03 6.3448e-04 4.7880e-04])=[1.9768 0.5689 0.0672 0.017  0.0081 0.0076 0.0046 0.0044 0.0039]
t=175.00fs, sigma_x=-0.002, ne=0.013
boson_N (target(infinite size)=[2.0157e+00 5.5786e-01 5.0793e-02 8.2464e-03 3.0927e-03 1.5359e-03
 1.4440e-03 6.3448e-04 4.7880e-04])=[1.9779 0.5695 0.0672 0.0168 0.008  0.0083 0.0047 0.004  0.0031]
t=176.00fs, sigma_x=-0.001, ne=0.013
boson_N (target(infinite size)=[2.0157e+00 5.5786e-01 5.0793e-02 8.2464e-03 3.0927e-03 1.5359e-03
 1.4440e-03 6.3448e-04 4.7880e-04])=[1.9789 0.57   0.0671 0.0167 0.008  0.0089 0.0048 0.0036 0.0025]
t=177.00fs, sigma_x=0.000, ne=0.013
boson_N (target(infinite size)=[2.0157e+00 5.5786e-01 5.0793e-02 8.2464e-03 3.0927e-03 1.5359e-03
 1.4440e-03 6.3448e-04 4.7880e-04])=[1.98   0.5705 0.0671 0.0165 0.0078 0.0093 0.0049 0.0032 0.0022]
t=178.00fs, sigma_x=0.001, ne=0.013
boson_N (target(infinite size)=[2.0157e+00 5.5786e-01 5.0793e-02 8.2464e-03 3.0927e-03 1.5359e-03
 1.4440e-03 6.3448e-04 4.7880e-04])=[1.981  0.571  0.0671 0.0164 0.0077 0.0095 0.0049 0.0028 0.0022]
t=179.00fs, sigma_x=0.003, ne=0.013
boson_N (target(infinite size)=[2.0157e+00 5.5786e-01 5.0793e-02 8.2464e-03 3.0927e-03 1.5359e-03
 1.4440e-03 6.3448e-04 4.7880e-04])=[1.9821 0.5715 0.067  0.0162 0.0075 0.0094 0.0049 0.0024 0.0026]
t=180.00fs, sigma_x=0.004, ne=0.013
boson_N (target(infinite size)=[2.0157e+00 5.5786e-01 5.0793e-02 8.2464e-03 3.0927e-03 1.5359e-03
 1.4440e-03 6.3448e-04 4.7880e-04])=[1.9831 0.572  0.067  0.016  0.0074 0.0091 0.0048 0.0022 0.0033]
t=181.00fs, sigma_x=0.005, ne=0.013
boson_N (target(infinite size)=[2.0157e+00 5.5786e-01 5.0793e-02 8.2464e-03 3.0927e-03 1.5359e-03
 1.4440e-03 6.3448e-04 4.7880e-04])=[1.9842 0.5725 0.0669 0.0159 0.0073 0.0087 0.0047 0.0021 0.0042]
t=182.00fs, sigma_x=0.006, ne=0.013
boson_N (target(infinite size)=[2.0157e+00 5.5786e-01 5.0793e-02 8.2464e-03 3.0927e-03 1.5359e-03
 1.4440e-03 6.3448e-04 4.7880e-04])=[1.9852 0.573  0.0669 0.0158 0.0071 0.008  0.0046 0.0022 0.0052]
t=183.00fs, sigma_x=0.006, ne=0.013
boson_N (target(infinite size)=[2.0157e+00 5.5786e-01 5.0793e-02 8.2464e-03 3.0927e-03 1.5359e-03
 1.4440e-03 6.3448e-04 4.7880e-04])=[1.9863 0.5736 0.0669 0.0157 0.007  0.0073 0.0045 0.0024 0.0062]
t=184.00fs, sigma_x=0.007, ne=0.013
boson_N (target(infinite size)=[2.0157e+00 5.5786e-01 5.0793e-02 8.2464e-03 3.0927e-03 1.5359e-03
 1.4440e-03 6.3448e-04 4.7880e-04])=[1.9873 0.5741 0.0669 0.0156 0.007  0.0065 0.0043 0.0028 0.0071]
t=185.00fs, sigma_x=0.008, ne=0.013
boson_N (target(infinite size)=[2.0157e+00 5.5786e-01 5.0793e-02 8.2464e-03 3.0927e-03 1.5359e-03
 1.4440e-03 6.3448e-04 4.7880e-04])=[1.9884 0.5746 0.0669 0.0156 0.007  0.0058 0.0042 0.0032 0.0078]
t=186.00fs, sigma_x=0.009, ne=0.013
boson_N (target(infinite size)=[2.0157e+00 5.5786e-01 5.0793e-02 8.2464e-03 3.0927e-03 1.5359e-03
 1.4440e-03 6.3448e-04 4.7880e-04])=[1.9894 0.5751 0.067  0.0157 0.007  0.0052 0.004  0.0037 0.0082]
t=187.00fs, sigma_x=0.010, ne=0.014
boson_N (target(infinite size)=[2.0157e+00 5.5786e-01 5.0793e-02 8.2464e-03 3.0927e-03 1.5359e-03
 1.4440e-03 6.3448e-04 4.7880e-04])=[1.9904 0.5756 0.0671 0.0158 0.0071 0.0048 0.0039 0.0042 0.0082]
t=188.00fs, sigma_x=0.011, ne=0.014
boson_N (target(infinite size)=[2.0157e+00 5.5786e-01 5.0793e-02 8.2464e-03 3.0927e-03 1.5359e-03
 1.4440e-03 6.3448e-04 4.7880e-04])=[1.9915 0.5761 0.0672 0.0159 0.0072 0.0046 0.0039 0.0047 0.0079]
t=189.00fs, sigma_x=0.012, ne=0.014
boson_N (target(infinite size)=[2.0157e+00 5.5786e-01 5.0793e-02 8.2464e-03 3.0927e-03 1.5359e-03
 1.4440e-03 6.3448e-04 4.7880e-04])=[1.9925 0.5767 0.0673 0.0161 0.0074 0.0046 0.0038 0.0051 0.0072]
t=190.00fs, sigma_x=0.012, ne=0.014
boson_N (target(infinite size)=[2.0157e+00 5.5786e-01 5.0793e-02 8.2464e-03 3.0927e-03 1.5359e-03
 1.4440e-03 6.3448e-04 4.7880e-04])=[1.9935 0.5772 0.0674 0.0164 0.0076 0.0049 0.0039 0.0054 0.0063]
t=191.00fs, sigma_x=0.013, ne=0.014
boson_N (target(infinite size)=[2.0157e+00 5.5786e-01 5.0793e-02 8.2464e-03 3.0927e-03 1.5359e-03
 1.4440e-03 6.3448e-04 4.7880e-04])=[1.9945 0.5777 0.0676 0.0166 0.0078 0.0054 0.004  0.0056 0.0053]
t=192.00fs, sigma_x=0.013, ne=0.014
boson_N (target(infinite size)=[2.0157e+00 5.5786e-01 5.0793e-02 8.2464e-03 3.0927e-03 1.5359e-03
 1.4440e-03 6.3448e-04 4.7880e-04])=[1.9956 0.5782 0.0678 0.0169 0.008  0.0061 0.0041 0.0056 0.0043]
t=193.00fs, sigma_x=0.013, ne=0.014
boson_N (target(infinite size)=[2.0157e+00 5.5786e-01 5.0793e-02 8.2464e-03 3.0927e-03 1.5359e-03
 1.4440e-03 6.3448e-04 4.7880e-04])=[1.9966 0.5787 0.068  0.0172 0.0083 0.0069 0.0042 0.0054 0.0035]
t=194.00fs, sigma_x=0.013, ne=0.014
boson_N (target(infinite size)=[2.0157e+00 5.5786e-01 5.0793e-02 8.2464e-03 3.0927e-03 1.5359e-03
 1.4440e-03 6.3448e-04 4.7880e-04])=[1.9976 0.5792 0.0682 0.0176 0.0085 0.0078 0.0044 0.0051 0.0029]
t=195.00fs, sigma_x=0.012, ne=0.014
boson_N (target(infinite size)=[2.0157e+00 5.5786e-01 5.0793e-02 8.2464e-03 3.0927e-03 1.5359e-03
 1.4440e-03 6.3448e-04 4.7880e-04])=[1.9986 0.5797 0.0685 0.0179 0.0087 0.0087 0.0047 0.0047 0.0027]
t=196.00fs, sigma_x=0.012, ne=0.014
boson_N (target(infinite size)=[2.0157e+00 5.5786e-01 5.0793e-02 8.2464e-03 3.0927e-03 1.5359e-03
 1.4440e-03 6.3448e-04 4.7880e-04])=[1.9997 0.5803 0.0688 0.0182 0.0089 0.0095 0.0049 0.0043 0.0028]
t=197.00fs, sigma_x=0.011, ne=0.014
boson_N (target(infinite size)=[2.0157e+00 5.5786e-01 5.0793e-02 8.2464e-03 3.0927e-03 1.5359e-03
 1.4440e-03 6.3448e-04 4.7880e-04])=[2.0007 0.5808 0.069  0.0185 0.0091 0.0102 0.0051 0.0038 0.0033]
t=198.00fs, sigma_x=0.010, ne=0.014
boson_N (target(infinite size)=[2.0157e+00 5.5786e-01 5.0793e-02 8.2464e-03 3.0927e-03 1.5359e-03
 1.4440e-03 6.3448e-04 4.7880e-04])=[2.0017 0.5813 0.0694 0.0187 0.0092 0.0106 0.0053 0.0033 0.0041]
t=199.00fs, sigma_x=0.010, ne=0.014
boson_N (target(infinite size)=[2.0157e+00 5.5786e-01 5.0793e-02 8.2464e-03 3.0927e-03 1.5359e-03
 1.4440e-03 6.3448e-04 4.7880e-04])=[2.0027 0.5818 0.0697 0.0189 0.0092 0.0108 0.0055 0.0029 0.0051]
